[ AI-Rank-Log  2/ 1  9:22:40.297 ]load ground_truth_images, checksum: 91c001caf4bca3a9cf27e3ed45adf96
[ AI-Rank-Log  2/ 1  9:22:40.297 ]image_path: /data/local/tmp/AI-RANK/tf_lite_image_classify/ILSVRC2012_1000_cls
[ AI-Rank-Log  2/ 1  9:22:40.306 ]XNNPACK delegate is created.
[ AI-Rank-Log  2/ 1  9:22:40.347 ]Test begin
[ AI-Rank-Log  2/ 1  9:22:40.541 ]latency_case1_latency: 177.707 ms
[ AI-Rank-Log  2/ 1  9:22:40.708 ]latency_case2_latency: 161.071 ms
[ AI-Rank-Log  2/ 1  9:22:40.900 ]latency_case3_latency: 157.382 ms
[ AI-Rank-Log  2/ 1  9:22:41. 68 ]latency_case4_latency: 156.429 ms
[ AI-Rank-Log  2/ 1  9:22:41.240 ]latency_case5_latency: 158.013 ms
[ AI-Rank-Log  2/ 1  9:22:41.420 ]latency_case6_latency: 158.417 ms
[ AI-Rank-Log  2/ 1  9:22:41.591 ]latency_case7_latency: 157.195 ms
[ AI-Rank-Log  2/ 1  9:22:41.763 ]latency_case8_latency: 157.747 ms
[ AI-Rank-Log  2/ 1  9:22:41.946 ]latency_case9_latency: 168.05 ms
[ AI-Rank-Log  2/ 1  9:22:42.114 ]latency_case10_latency: 154.474 ms
[ AI-Rank-Log  2/ 1  9:22:42.297 ]latency_case11_latency: 171.22 ms
[ AI-Rank-Log  2/ 1  9:22:42.467 ]latency_case12_latency: 158.547 ms
[ AI-Rank-Log  2/ 1  9:22:42.628 ]latency_case13_latency: 156.734 ms
[ AI-Rank-Log  2/ 1  9:22:42.809 ]latency_case14_latency: 163.568 ms
[ AI-Rank-Log  2/ 1  9:22:42.973 ]latency_case15_latency: 156.588 ms
[ AI-Rank-Log  2/ 1  9:22:43.140 ]latency_case16_latency: 154.263 ms
[ AI-Rank-Log  2/ 1  9:22:43.311 ]latency_case17_latency: 159.226 ms
[ AI-Rank-Log  2/ 1  9:22:43.490 ]latency_case18_latency: 164.301 ms
[ AI-Rank-Log  2/ 1  9:22:43.660 ]latency_case19_latency: 156.859 ms
[ AI-Rank-Log  2/ 1  9:22:43.835 ]latency_case20_latency: 161.632 ms
[ AI-Rank-Log  2/ 1  9:22:44.  7 ]latency_case21_latency: 158.891 ms
[ AI-Rank-Log  2/ 1  9:22:44.184 ]latency_case22_latency: 164.798 ms
[ AI-Rank-Log  2/ 1  9:22:44.361 ]latency_case23_latency: 163.861 ms
[ AI-Rank-Log  2/ 1  9:22:44.534 ]latency_case24_latency: 155.999 ms
[ AI-Rank-Log  2/ 1  9:22:44.710 ]latency_case25_latency: 163.812 ms
[ AI-Rank-Log  2/ 1  9:22:44.871 ]latency_case26_latency: 149.618 ms
[ AI-Rank-Log  2/ 1  9:22:45. 41 ]latency_case27_latency: 159.147 ms
[ AI-Rank-Log  2/ 1  9:22:45.216 ]latency_case28_latency: 158.944 ms
[ AI-Rank-Log  2/ 1  9:22:45.390 ]latency_case29_latency: 160.102 ms
[ AI-Rank-Log  2/ 1  9:22:45.563 ]latency_case30_latency: 160.218 ms
[ AI-Rank-Log  2/ 1  9:22:45.734 ]latency_case31_latency: 158.328 ms
[ AI-Rank-Log  2/ 1  9:22:45.923 ]latency_case32_latency: 170.624 ms
[ AI-Rank-Log  2/ 1  9:22:46. 91 ]latency_case33_latency: 156.388 ms
[ AI-Rank-Log  2/ 1  9:22:46.263 ]latency_case34_latency: 159.043 ms
[ AI-Rank-Log  2/ 1  9:22:46.434 ]latency_case35_latency: 155.914 ms
[ AI-Rank-Log  2/ 1  9:22:46.608 ]latency_case36_latency: 159.777 ms
[ AI-Rank-Log  2/ 1  9:22:46.776 ]latency_case37_latency: 155.583 ms
[ AI-Rank-Log  2/ 1  9:22:46.950 ]latency_case38_latency: 160.601 ms
[ AI-Rank-Log  2/ 1  9:22:47.118 ]latency_case39_latency: 156.675 ms
[ AI-Rank-Log  2/ 1  9:22:47.296 ]latency_case40_latency: 157.819 ms
[ AI-Rank-Log  2/ 1  9:22:47.484 ]latency_case41_latency: 174.379 ms
[ AI-Rank-Log  2/ 1  9:22:47.646 ]latency_case42_latency: 152.947 ms
[ AI-Rank-Log  2/ 1  9:22:47.818 ]latency_case43_latency: 160.159 ms
[ AI-Rank-Log  2/ 1  9:22:47.990 ]latency_case44_latency: 158.741 ms
[ AI-Rank-Log  2/ 1  9:22:48.161 ]latency_case45_latency: 159.995 ms
[ AI-Rank-Log  2/ 1  9:22:48.334 ]latency_case46_latency: 160.976 ms
[ AI-Rank-Log  2/ 1  9:22:48.504 ]latency_case47_latency: 156.845 ms
[ AI-Rank-Log  2/ 1  9:22:48.688 ]latency_case48_latency: 166.183 ms
[ AI-Rank-Log  2/ 1  9:22:48.958 ]latency_case49_latency: 174.881 ms
[ AI-Rank-Log  2/ 1  9:22:49.135 ]latency_case50_latency: 162.153 ms
[ AI-Rank-Log  2/ 1  9:22:49.320 ]latency_case51_latency: 167.611 ms
[ AI-Rank-Log  2/ 1  9:22:49.503 ]latency_case52_latency: 161.845 ms
[ AI-Rank-Log  2/ 1  9:22:49.694 ]latency_case53_latency: 174.788 ms
[ AI-Rank-Log  2/ 1  9:22:49.871 ]latency_case54_latency: 162.966 ms
[ AI-Rank-Log  2/ 1  9:22:50. 36 ]latency_case55_latency: 156.145 ms
[ AI-Rank-Log  2/ 1  9:22:50.211 ]latency_case56_latency: 161.974 ms
[ AI-Rank-Log  2/ 1  9:22:50.383 ]latency_case57_latency: 156.151 ms
[ AI-Rank-Log  2/ 1  9:22:50.563 ]latency_case58_latency: 157.965 ms
[ AI-Rank-Log  2/ 1  9:22:50.738 ]latency_case59_latency: 156.712 ms
[ AI-Rank-Log  2/ 1  9:22:50.910 ]latency_case60_latency: 158.644 ms
[ AI-Rank-Log  2/ 1  9:22:51. 78 ]latency_case61_latency: 155.952 ms
[ AI-Rank-Log  2/ 1  9:22:51.250 ]latency_case62_latency: 158.465 ms
[ AI-Rank-Log  2/ 1  9:22:51.423 ]latency_case63_latency: 168.952 ms
[ AI-Rank-Log  2/ 1  9:22:51.596 ]latency_case64_latency: 159.494 ms
[ AI-Rank-Log  2/ 1  9:22:51.766 ]latency_case65_latency: 155.106 ms
[ AI-Rank-Log  2/ 1  9:22:51.940 ]latency_case66_latency: 163.134 ms
[ AI-Rank-Log  2/ 1  9:22:52.115 ]latency_case67_latency: 159.65 ms
[ AI-Rank-Log  2/ 1  9:22:52.287 ]latency_case68_latency: 159.391 ms
[ AI-Rank-Log  2/ 1  9:22:52.471 ]latency_case69_latency: 161.956 ms
[ AI-Rank-Log  2/ 1  9:22:52.637 ]latency_case70_latency: 152.815 ms
[ AI-Rank-Log  2/ 1  9:22:52.811 ]latency_case71_latency: 156.209 ms
[ AI-Rank-Log  2/ 1  9:22:52.976 ]latency_case72_latency: 153.013 ms
[ AI-Rank-Log  2/ 1  9:22:53.148 ]latency_case73_latency: 154.447 ms
[ AI-Rank-Log  2/ 1  9:22:53.320 ]latency_case74_latency: 159.785 ms
[ AI-Rank-Log  2/ 1  9:22:53.490 ]latency_case75_latency: 160.662 ms
[ AI-Rank-Log  2/ 1  9:22:53.660 ]latency_case76_latency: 157.018 ms
[ AI-Rank-Log  2/ 1  9:22:53.830 ]latency_case77_latency: 155.727 ms
[ AI-Rank-Log  2/ 1  9:22:54.  4 ]latency_case78_latency: 159.257 ms
[ AI-Rank-Log  2/ 1  9:22:54.178 ]latency_case79_latency: 155.944 ms
[ AI-Rank-Log  2/ 1  9:22:54.343 ]latency_case80_latency: 156.827 ms
[ AI-Rank-Log  2/ 1  9:22:54.516 ]latency_case81_latency: 160.967 ms
[ AI-Rank-Log  2/ 1  9:22:54.688 ]latency_case82_latency: 155.986 ms
[ AI-Rank-Log  2/ 1  9:22:54.870 ]latency_case83_latency: 161.855 ms
[ AI-Rank-Log  2/ 1  9:22:55. 56 ]latency_case84_latency: 172.261 ms
[ AI-Rank-Log  2/ 1  9:22:55.230 ]latency_case85_latency: 157.01 ms
[ AI-Rank-Log  2/ 1  9:22:55.406 ]latency_case86_latency: 162.86 ms
[ AI-Rank-Log  2/ 1  9:22:55.573 ]latency_case87_latency: 155.257 ms
[ AI-Rank-Log  2/ 1  9:22:55.750 ]latency_case88_latency: 163.175 ms
[ AI-Rank-Log  2/ 1  9:22:55.923 ]latency_case89_latency: 166.533 ms
[ AI-Rank-Log  2/ 1  9:22:56.107 ]latency_case90_latency: 171.307 ms
[ AI-Rank-Log  2/ 1  9:22:56.276 ]latency_case91_latency: 159.55 ms
[ AI-Rank-Log  2/ 1  9:22:56.450 ]latency_case92_latency: 159.485 ms
[ AI-Rank-Log  2/ 1  9:22:56.628 ]latency_case93_latency: 159.246 ms
[ AI-Rank-Log  2/ 1  9:22:56.813 ]latency_case94_latency: 173.476 ms
[ AI-Rank-Log  2/ 1  9:22:56.991 ]latency_case95_latency: 164.651 ms
[ AI-Rank-Log  2/ 1  9:22:57.167 ]latency_case96_latency: 162.932 ms
[ AI-Rank-Log  2/ 1  9:22:57.343 ]latency_case97_latency: 164.68 ms
[ AI-Rank-Log  2/ 1  9:22:57.520 ]latency_case98_latency: 156.428 ms
[ AI-Rank-Log  2/ 1  9:22:57.690 ]latency_case99_latency: 160.174 ms
[ AI-Rank-Log  2/ 1  9:22:57.867 ]latency_case100_latency: 162.84 ms
[ AI-Rank-Log  2/ 1  9:22:58. 46 ]latency_case101_latency: 152.513 ms
[ AI-Rank-Log  2/ 1  9:22:58.223 ]latency_case102_latency: 160.711 ms
[ AI-Rank-Log  2/ 1  9:22:58.401 ]latency_case103_latency: 165.25 ms
[ AI-Rank-Log  2/ 1  9:22:58.576 ]latency_case104_latency: 160.707 ms
[ AI-Rank-Log  2/ 1  9:22:58.743 ]latency_case105_latency: 151.694 ms
[ AI-Rank-Log  2/ 1  9:22:58.925 ]latency_case106_latency: 175.949 ms
[ AI-Rank-Log  2/ 1  9:22:59.101 ]latency_case107_latency: 158.293 ms
[ AI-Rank-Log  2/ 1  9:22:59.277 ]latency_case108_latency: 162.987 ms
[ AI-Rank-Log  2/ 1  9:22:59.450 ]latency_case109_latency: 162.223 ms
[ AI-Rank-Log  2/ 1  9:22:59.621 ]latency_case110_latency: 156.191 ms
[ AI-Rank-Log  2/ 1  9:22:59.796 ]latency_case111_latency: 166.318 ms
[ AI-Rank-Log  2/ 1  9:22:59.970 ]latency_case112_latency: 158.761 ms
[ AI-Rank-Log  2/ 1  9:23: 0.151 ]latency_case113_latency: 171.414 ms
[ AI-Rank-Log  2/ 1  9:23: 0.330 ]latency_case114_latency: 165.39 ms
[ AI-Rank-Log  2/ 1  9:23: 0.518 ]latency_case115_latency: 171.274 ms
[ AI-Rank-Log  2/ 1  9:23: 0.688 ]latency_case116_latency: 161.813 ms
[ AI-Rank-Log  2/ 1  9:23: 0.869 ]latency_case117_latency: 170.127 ms
[ AI-Rank-Log  2/ 1  9:23: 1. 41 ]latency_case118_latency: 155.646 ms
[ AI-Rank-Log  2/ 1  9:23: 1.216 ]latency_case119_latency: 162.438 ms
[ AI-Rank-Log  2/ 1  9:23: 1.388 ]latency_case120_latency: 156.489 ms
[ AI-Rank-Log  2/ 1  9:23: 1.557 ]latency_case121_latency: 155.111 ms
[ AI-Rank-Log  2/ 1  9:23: 1.730 ]latency_case122_latency: 157.324 ms
[ AI-Rank-Log  2/ 1  9:23: 1.897 ]latency_case123_latency: 154.064 ms
[ AI-Rank-Log  2/ 1  9:23: 2. 63 ]latency_case124_latency: 156.492 ms
[ AI-Rank-Log  2/ 1  9:23: 2.235 ]latency_case125_latency: 156.866 ms
[ AI-Rank-Log  2/ 1  9:23: 2.403 ]latency_case126_latency: 153.957 ms
[ AI-Rank-Log  2/ 1  9:23: 2.580 ]latency_case127_latency: 160.053 ms
[ AI-Rank-Log  2/ 1  9:23: 2.755 ]latency_case128_latency: 161.104 ms
[ AI-Rank-Log  2/ 1  9:23: 2.937 ]latency_case129_latency: 170.145 ms
[ AI-Rank-Log  2/ 1  9:23: 3.110 ]latency_case130_latency: 161.65 ms
[ AI-Rank-Log  2/ 1  9:23: 3.288 ]latency_case131_latency: 160.534 ms
[ AI-Rank-Log  2/ 1  9:23: 3.458 ]latency_case132_latency: 155.478 ms
[ AI-Rank-Log  2/ 1  9:23: 3.641 ]latency_case133_latency: 171.488 ms
[ AI-Rank-Log  2/ 1  9:23: 3.821 ]latency_case134_latency: 159.589 ms
[ AI-Rank-Log  2/ 1  9:23: 3.996 ]latency_case135_latency: 164.01 ms
[ AI-Rank-Log  2/ 1  9:23: 4.169 ]latency_case136_latency: 156.298 ms
[ AI-Rank-Log  2/ 1  9:23: 4.346 ]latency_case137_latency: 159.996 ms
[ AI-Rank-Log  2/ 1  9:23: 4.523 ]latency_case138_latency: 163.875 ms
[ AI-Rank-Log  2/ 1  9:23: 4.690 ]latency_case139_latency: 153.237 ms
[ AI-Rank-Log  2/ 1  9:23: 4.861 ]latency_case140_latency: 161.169 ms
[ AI-Rank-Log  2/ 1  9:23: 5. 31 ]latency_case141_latency: 154.246 ms
[ AI-Rank-Log  2/ 1  9:23: 5.206 ]latency_case142_latency: 160.151 ms
[ AI-Rank-Log  2/ 1  9:23: 5.381 ]latency_case143_latency: 157.424 ms
[ AI-Rank-Log  2/ 1  9:23: 5.558 ]latency_case144_latency: 164.575 ms
[ AI-Rank-Log  2/ 1  9:23: 5.736 ]latency_case145_latency: 164.194 ms
[ AI-Rank-Log  2/ 1  9:23: 5.933 ]latency_case146_latency: 159.004 ms
[ AI-Rank-Log  2/ 1  9:23: 6.137 ]latency_case147_latency: 164.902 ms
[ AI-Rank-Log  2/ 1  9:23: 6.310 ]latency_case148_latency: 159.333 ms
[ AI-Rank-Log  2/ 1  9:23: 6.476 ]latency_case149_latency: 154.31 ms
[ AI-Rank-Log  2/ 1  9:23: 6.643 ]latency_case150_latency: 156.927 ms
[ AI-Rank-Log  2/ 1  9:23: 6.810 ]latency_case151_latency: 153.717 ms
[ AI-Rank-Log  2/ 1  9:23: 6.988 ]latency_case152_latency: 161.384 ms
[ AI-Rank-Log  2/ 1  9:23: 7.161 ]latency_case153_latency: 160.616 ms
[ AI-Rank-Log  2/ 1  9:23: 7.334 ]latency_case154_latency: 159.516 ms
[ AI-Rank-Log  2/ 1  9:23: 7.508 ]latency_case155_latency: 160.276 ms
[ AI-Rank-Log  2/ 1  9:23: 7.687 ]latency_case156_latency: 165.295 ms
[ AI-Rank-Log  2/ 1  9:23: 7.863 ]latency_case157_latency: 162.417 ms
[ AI-Rank-Log  2/ 1  9:23: 8. 28 ]latency_case158_latency: 153.722 ms
[ AI-Rank-Log  2/ 1  9:23: 8.227 ]latency_case159_latency: 177.056 ms
[ AI-Rank-Log  2/ 1  9:23: 8.395 ]latency_case160_latency: 154.53 ms
[ AI-Rank-Log  2/ 1  9:23: 8.573 ]latency_case161_latency: 161.983 ms
[ AI-Rank-Log  2/ 1  9:23: 8.748 ]latency_case162_latency: 162.435 ms
[ AI-Rank-Log  2/ 1  9:23: 8.920 ]latency_case163_latency: 158.681 ms
[ AI-Rank-Log  2/ 1  9:23: 9. 94 ]latency_case164_latency: 159.831 ms
[ AI-Rank-Log  2/ 1  9:23: 9.268 ]latency_case165_latency: 159.482 ms
[ AI-Rank-Log  2/ 1  9:23: 9.638 ]latency_case166_latency: 157.989 ms
[ AI-Rank-Log  2/ 1  9:23: 9.813 ]latency_case167_latency: 161.337 ms
[ AI-Rank-Log  2/ 1  9:23: 9.997 ]latency_case168_latency: 169.5 ms
[ AI-Rank-Log  2/ 1  9:23:10.166 ]latency_case169_latency: 154.189 ms
[ AI-Rank-Log  2/ 1  9:23:10.345 ]latency_case170_latency: 158.485 ms
[ AI-Rank-Log  2/ 1  9:23:10.513 ]latency_case171_latency: 154.234 ms
[ AI-Rank-Log  2/ 1  9:23:10.688 ]latency_case172_latency: 163.422 ms
[ AI-Rank-Log  2/ 1  9:23:10.861 ]latency_case173_latency: 159.358 ms
[ AI-Rank-Log  2/ 1  9:23:11. 37 ]latency_case174_latency: 162.889 ms
[ AI-Rank-Log  2/ 1  9:23:11.216 ]latency_case175_latency: 161.318 ms
[ AI-Rank-Log  2/ 1  9:23:11.394 ]latency_case176_latency: 166.654 ms
[ AI-Rank-Log  2/ 1  9:23:11.567 ]latency_case177_latency: 156.361 ms
[ AI-Rank-Log  2/ 1  9:23:11.741 ]latency_case178_latency: 162.723 ms
[ AI-Rank-Log  2/ 1  9:23:11.917 ]latency_case179_latency: 161.982 ms
[ AI-Rank-Log  2/ 1  9:23:12. 84 ]latency_case180_latency: 152.886 ms
[ AI-Rank-Log  2/ 1  9:23:12.261 ]latency_case181_latency: 160.174 ms
[ AI-Rank-Log  2/ 1  9:23:12.434 ]latency_case182_latency: 160.335 ms
[ AI-Rank-Log  2/ 1  9:23:12.610 ]latency_case183_latency: 160.494 ms
[ AI-Rank-Log  2/ 1  9:23:12.783 ]latency_case184_latency: 161.352 ms
[ AI-Rank-Log  2/ 1  9:23:12.954 ]latency_case185_latency: 156.007 ms
[ AI-Rank-Log  2/ 1  9:23:13.130 ]latency_case186_latency: 161.733 ms
[ AI-Rank-Log  2/ 1  9:23:13.303 ]latency_case187_latency: 156.349 ms
[ AI-Rank-Log  2/ 1  9:23:13.467 ]latency_case188_latency: 150.276 ms
[ AI-Rank-Log  2/ 1  9:23:13.651 ]latency_case189_latency: 160.883 ms
[ AI-Rank-Log  2/ 1  9:23:13.820 ]latency_case190_latency: 157.225 ms
[ AI-Rank-Log  2/ 1  9:23:13.990 ]latency_case191_latency: 159.607 ms
[ AI-Rank-Log  2/ 1  9:23:14.163 ]latency_case192_latency: 155.584 ms
[ AI-Rank-Log  2/ 1  9:23:14.353 ]latency_case193_latency: 161.268 ms
[ AI-Rank-Log  2/ 1  9:23:14.517 ]latency_case194_latency: 156.395 ms
[ AI-Rank-Log  2/ 1  9:23:14.696 ]latency_case195_latency: 165.575 ms
[ AI-Rank-Log  2/ 1  9:23:14.870 ]latency_case196_latency: 157.056 ms
[ AI-Rank-Log  2/ 1  9:23:15. 43 ]latency_case197_latency: 158.258 ms
[ AI-Rank-Log  2/ 1  9:23:15.223 ]latency_case198_latency: 165.009 ms
[ AI-Rank-Log  2/ 1  9:23:15.393 ]latency_case199_latency: 157.493 ms
[ AI-Rank-Log  2/ 1  9:23:15.566 ]latency_case200_latency: 160.419 ms
[ AI-Rank-Log  2/ 1  9:23:15.738 ]latency_case201_latency: 157.727 ms
[ AI-Rank-Log  2/ 1  9:23:15.910 ]latency_case202_latency: 160.225 ms
[ AI-Rank-Log  2/ 1  9:23:16. 77 ]latency_case203_latency: 158.211 ms
[ AI-Rank-Log  2/ 1  9:23:16.246 ]latency_case204_latency: 158.098 ms
[ AI-Rank-Log  2/ 1  9:23:16.433 ]latency_case205_latency: 169.144 ms
[ AI-Rank-Log  2/ 1  9:23:16.620 ]latency_case206_latency: 173.617 ms
[ AI-Rank-Log  2/ 1  9:23:16.797 ]latency_case207_latency: 160.245 ms
[ AI-Rank-Log  2/ 1  9:23:16.964 ]latency_case208_latency: 156.682 ms
[ AI-Rank-Log  2/ 1  9:23:17.134 ]latency_case209_latency: 157.922 ms
[ AI-Rank-Log  2/ 1  9:23:17.304 ]latency_case210_latency: 158.851 ms
[ AI-Rank-Log  2/ 1  9:23:17.476 ]latency_case211_latency: 159.382 ms
[ AI-Rank-Log  2/ 1  9:23:17.650 ]latency_case212_latency: 160.259 ms
[ AI-Rank-Log  2/ 1  9:23:17.823 ]latency_case213_latency: 161.46 ms
[ AI-Rank-Log  2/ 1  9:23:17.996 ]latency_case214_latency: 167.469 ms
[ AI-Rank-Log  2/ 1  9:23:18.173 ]latency_case215_latency: 159.931 ms
[ AI-Rank-Log  2/ 1  9:23:18.363 ]latency_case216_latency: 156.144 ms
[ AI-Rank-Log  2/ 1  9:23:18.536 ]latency_case217_latency: 159.356 ms
[ AI-Rank-Log  2/ 1  9:23:18.707 ]latency_case218_latency: 155.193 ms
[ AI-Rank-Log  2/ 1  9:23:18.876 ]latency_case219_latency: 158.296 ms
[ AI-Rank-Log  2/ 1  9:23:19. 65 ]latency_case220_latency: 172.928 ms
[ AI-Rank-Log  2/ 1  9:23:19.243 ]latency_case221_latency: 161.535 ms
[ AI-Rank-Log  2/ 1  9:23:19.423 ]latency_case222_latency: 165.505 ms
[ AI-Rank-Log  2/ 1  9:23:19.600 ]latency_case223_latency: 163.51 ms
[ AI-Rank-Log  2/ 1  9:23:19.774 ]latency_case224_latency: 160.573 ms
[ AI-Rank-Log  2/ 1  9:23:19.944 ]latency_case225_latency: 157.227 ms
[ AI-Rank-Log  2/ 1  9:23:20.117 ]latency_case226_latency: 160.065 ms
[ AI-Rank-Log  2/ 1  9:23:20.287 ]latency_case227_latency: 156.357 ms
[ AI-Rank-Log  2/ 1  9:23:20.456 ]latency_case228_latency: 158.17 ms
[ AI-Rank-Log  2/ 1  9:23:20.630 ]latency_case229_latency: 160.283 ms
[ AI-Rank-Log  2/ 1  9:23:20.803 ]latency_case230_latency: 158.371 ms
[ AI-Rank-Log  2/ 1  9:23:20.980 ]latency_case231_latency: 161.413 ms
[ AI-Rank-Log  2/ 1  9:23:21.151 ]latency_case232_latency: 158.982 ms
[ AI-Rank-Log  2/ 1  9:23:21.320 ]latency_case233_latency: 158.186 ms
[ AI-Rank-Log  2/ 1  9:23:21.501 ]latency_case234_latency: 167.326 ms
[ AI-Rank-Log  2/ 1  9:23:21.678 ]latency_case235_latency: 158.651 ms
[ AI-Rank-Log  2/ 1  9:23:21.860 ]latency_case236_latency: 165.393 ms
[ AI-Rank-Log  2/ 1  9:23:22. 33 ]latency_case237_latency: 157.923 ms
[ AI-Rank-Log  2/ 1  9:23:22.200 ]latency_case238_latency: 154.226 ms
[ AI-Rank-Log  2/ 1  9:23:22.371 ]latency_case239_latency: 159.068 ms
[ AI-Rank-Log  2/ 1  9:23:22.540 ]latency_case240_latency: 155.384 ms
[ AI-Rank-Log  2/ 1  9:23:22.710 ]latency_case241_latency: 159.341 ms
[ AI-Rank-Log  2/ 1  9:23:22.893 ]latency_case242_latency: 165.265 ms
[ AI-Rank-Log  2/ 1  9:23:23. 74 ]latency_case243_latency: 165.731 ms
[ AI-Rank-Log  2/ 1  9:23:23.246 ]latency_case244_latency: 161.971 ms
[ AI-Rank-Log  2/ 1  9:23:23.411 ]latency_case245_latency: 153.198 ms
[ AI-Rank-Log  2/ 1  9:23:23.583 ]latency_case246_latency: 158.514 ms
[ AI-Rank-Log  2/ 1  9:23:23.958 ]latency_case247_latency: 159.609 ms
[ AI-Rank-Log  2/ 1  9:23:24.131 ]latency_case248_latency: 156.76 ms
[ AI-Rank-Log  2/ 1  9:23:24.306 ]latency_case249_latency: 156.602 ms
[ AI-Rank-Log  2/ 1  9:23:24.475 ]latency_case250_latency: 157.386 ms
[ AI-Rank-Log  2/ 1  9:23:24.640 ]latency_case251_latency: 158.825 ms
[ AI-Rank-Log  2/ 1  9:23:24.814 ]latency_case252_latency: 159.38 ms
[ AI-Rank-Log  2/ 1  9:23:24.983 ]latency_case253_latency: 158.963 ms
[ AI-Rank-Log  2/ 1  9:23:25.160 ]latency_case254_latency: 158.058 ms
[ AI-Rank-Log  2/ 1  9:23:25.328 ]latency_case255_latency: 155.137 ms
[ AI-Rank-Log  2/ 1  9:23:25.493 ]latency_case256_latency: 154.098 ms
[ AI-Rank-Log  2/ 1  9:23:25.671 ]latency_case257_latency: 162.928 ms
[ AI-Rank-Log  2/ 1  9:23:25.848 ]latency_case258_latency: 163.822 ms
[ AI-Rank-Log  2/ 1  9:23:26. 24 ]latency_case259_latency: 163.932 ms
[ AI-Rank-Log  2/ 1  9:23:26.196 ]latency_case260_latency: 159.876 ms
[ AI-Rank-Log  2/ 1  9:23:26.363 ]latency_case261_latency: 154.437 ms
[ AI-Rank-Log  2/ 1  9:23:26.533 ]latency_case262_latency: 153.343 ms
[ AI-Rank-Log  2/ 1  9:23:26.706 ]latency_case263_latency: 160.855 ms
[ AI-Rank-Log  2/ 1  9:23:26.883 ]latency_case264_latency: 162.345 ms
[ AI-Rank-Log  2/ 1  9:23:27. 57 ]latency_case265_latency: 158.467 ms
[ AI-Rank-Log  2/ 1  9:23:27.643 ]latency_case266_latency: 154.995 ms
[ AI-Rank-Log  2/ 1  9:23:27.816 ]latency_case267_latency: 162.004 ms
[ AI-Rank-Log  2/ 1  9:23:27.984 ]latency_case268_latency: 155.397 ms
[ AI-Rank-Log  2/ 1  9:23:28.153 ]latency_case269_latency: 158.472 ms
[ AI-Rank-Log  2/ 1  9:23:28.334 ]latency_case270_latency: 159.579 ms
[ AI-Rank-Log  2/ 1  9:23:28.523 ]latency_case271_latency: 174.416 ms
[ AI-Rank-Log  2/ 1  9:23:28.703 ]latency_case272_latency: 167.373 ms
[ AI-Rank-Log  2/ 1  9:23:28.876 ]latency_case273_latency: 162.238 ms
[ AI-Rank-Log  2/ 1  9:23:29. 51 ]latency_case274_latency: 162.05 ms
[ AI-Rank-Log  2/ 1  9:23:29.220 ]latency_case275_latency: 156.389 ms
[ AI-Rank-Log  2/ 1  9:23:29.390 ]latency_case276_latency: 159.299 ms
[ AI-Rank-Log  2/ 1  9:23:29.560 ]latency_case277_latency: 155.831 ms
[ AI-Rank-Log  2/ 1  9:23:29.733 ]latency_case278_latency: 157.309 ms
[ AI-Rank-Log  2/ 1  9:23:29.917 ]latency_case279_latency: 167.118 ms
[ AI-Rank-Log  2/ 1  9:23:30. 90 ]latency_case280_latency: 159.205 ms
[ AI-Rank-Log  2/ 1  9:23:30.260 ]latency_case281_latency: 157.57 ms
[ AI-Rank-Log  2/ 1  9:23:30.420 ]latency_case282_latency: 155.66 ms
[ AI-Rank-Log  2/ 1  9:23:30.596 ]latency_case283_latency: 163.871 ms
[ AI-Rank-Log  2/ 1  9:23:30.768 ]latency_case284_latency: 159.739 ms
[ AI-Rank-Log  2/ 1  9:23:30.933 ]latency_case285_latency: 153.439 ms
[ AI-Rank-Log  2/ 1  9:23:31.107 ]latency_case286_latency: 159.146 ms
[ AI-Rank-Log  2/ 1  9:23:31.274 ]latency_case287_latency: 155.331 ms
[ AI-Rank-Log  2/ 1  9:23:31.451 ]latency_case288_latency: 162.004 ms
[ AI-Rank-Log  2/ 1  9:23:31.624 ]latency_case289_latency: 162.637 ms
[ AI-Rank-Log  2/ 1  9:23:31.804 ]latency_case290_latency: 158.478 ms
[ AI-Rank-Log  2/ 1  9:23:31.968 ]latency_case291_latency: 151.434 ms
[ AI-Rank-Log  2/ 1  9:23:32.141 ]latency_case292_latency: 160.434 ms
[ AI-Rank-Log  2/ 1  9:23:32.313 ]latency_case293_latency: 159.519 ms
[ AI-Rank-Log  2/ 1  9:23:32.484 ]latency_case294_latency: 160.219 ms
[ AI-Rank-Log  2/ 1  9:23:32.680 ]latency_case295_latency: 176.159 ms
[ AI-Rank-Log  2/ 1  9:23:32.850 ]latency_case296_latency: 158.591 ms
[ AI-Rank-Log  2/ 1  9:23:33. 26 ]latency_case297_latency: 163.783 ms
[ AI-Rank-Log  2/ 1  9:23:33.197 ]latency_case298_latency: 156.833 ms
[ AI-Rank-Log  2/ 1  9:23:33.384 ]latency_case299_latency: 173.525 ms
[ AI-Rank-Log  2/ 1  9:23:33.554 ]latency_case300_latency: 158.483 ms
[ AI-Rank-Log  2/ 1  9:23:33.730 ]latency_case301_latency: 161.411 ms
[ AI-Rank-Log  2/ 1  9:23:33.893 ]latency_case302_latency: 153.5 ms
[ AI-Rank-Log  2/ 1  9:23:34. 67 ]latency_case303_latency: 166.927 ms
[ AI-Rank-Log  2/ 1  9:23:34.240 ]latency_case304_latency: 159.031 ms
[ AI-Rank-Log  2/ 1  9:23:34.420 ]latency_case305_latency: 162.173 ms
[ AI-Rank-Log  2/ 1  9:23:34.593 ]latency_case306_latency: 160.786 ms
[ AI-Rank-Log  2/ 1  9:23:34.766 ]latency_case307_latency: 158.739 ms
[ AI-Rank-Log  2/ 1  9:23:34.940 ]latency_case308_latency: 158.822 ms
[ AI-Rank-Log  2/ 1  9:23:35.110 ]latency_case309_latency: 159.075 ms
[ AI-Rank-Log  2/ 1  9:23:35.278 ]latency_case310_latency: 155.673 ms
[ AI-Rank-Log  2/ 1  9:23:35.453 ]latency_case311_latency: 163.18 ms
[ AI-Rank-Log  2/ 1  9:23:35.633 ]latency_case312_latency: 166.084 ms
[ AI-Rank-Log  2/ 1  9:23:35.818 ]latency_case313_latency: 158.334 ms
[ AI-Rank-Log  2/ 1  9:23:35.980 ]latency_case314_latency: 149.368 ms
[ AI-Rank-Log  2/ 1  9:23:36.148 ]latency_case315_latency: 158.021 ms
[ AI-Rank-Log  2/ 1  9:23:36.320 ]latency_case316_latency: 157.48 ms
[ AI-Rank-Log  2/ 1  9:23:36.500 ]latency_case317_latency: 161.292 ms
[ AI-Rank-Log  2/ 1  9:23:36.668 ]latency_case318_latency: 159.225 ms
[ AI-Rank-Log  2/ 1  9:23:36.846 ]latency_case319_latency: 164.503 ms
[ AI-Rank-Log  2/ 1  9:23:37. 20 ]latency_case320_latency: 157.904 ms
[ AI-Rank-Log  2/ 1  9:23:37.185 ]latency_case321_latency: 154.815 ms
[ AI-Rank-Log  2/ 1  9:23:37.350 ]latency_case322_latency: 154.504 ms
[ AI-Rank-Log  2/ 1  9:23:37.516 ]latency_case323_latency: 152.183 ms
[ AI-Rank-Log  2/ 1  9:23:37.688 ]latency_case324_latency: 159.209 ms
[ AI-Rank-Log  2/ 1  9:23:37.870 ]latency_case325_latency: 161.18 ms
[ AI-Rank-Log  2/ 1  9:23:38. 44 ]latency_case326_latency: 161.524 ms
[ AI-Rank-Log  2/ 1  9:23:38.220 ]latency_case327_latency: 157.854 ms
[ AI-Rank-Log  2/ 1  9:23:38.390 ]latency_case328_latency: 152.711 ms
[ AI-Rank-Log  2/ 1  9:23:38.563 ]latency_case329_latency: 158.208 ms
[ AI-Rank-Log  2/ 1  9:23:38.736 ]latency_case330_latency: 160.933 ms
[ AI-Rank-Log  2/ 1  9:23:38.911 ]latency_case331_latency: 159.504 ms
[ AI-Rank-Log  2/ 1  9:23:39. 83 ]latency_case332_latency: 158.918 ms
[ AI-Rank-Log  2/ 1  9:23:39.260 ]latency_case333_latency: 162.231 ms
[ AI-Rank-Log  2/ 1  9:23:39.433 ]latency_case334_latency: 158.976 ms
[ AI-Rank-Log  2/ 1  9:23:39.603 ]latency_case335_latency: 155.936 ms
[ AI-Rank-Log  2/ 1  9:23:39.770 ]latency_case336_latency: 152.231 ms
[ AI-Rank-Log  2/ 1  9:23:39.938 ]latency_case337_latency: 155.588 ms
[ AI-Rank-Log  2/ 1  9:23:40.110 ]latency_case338_latency: 159.952 ms
[ AI-Rank-Log  2/ 1  9:23:40.290 ]latency_case339_latency: 163.25 ms
[ AI-Rank-Log  2/ 1  9:23:40.481 ]latency_case340_latency: 159.571 ms
[ AI-Rank-Log  2/ 1  9:23:40.650 ]latency_case341_latency: 157.178 ms
[ AI-Rank-Log  2/ 1  9:23:40.837 ]latency_case342_latency: 170.774 ms
[ AI-Rank-Log  2/ 1  9:23:41. 13 ]latency_case343_latency: 159.259 ms
[ AI-Rank-Log  2/ 1  9:23:41.183 ]latency_case344_latency: 155.615 ms
[ AI-Rank-Log  2/ 1  9:23:41.360 ]latency_case345_latency: 162.733 ms
[ AI-Rank-Log  2/ 1  9:23:41.534 ]latency_case346_latency: 162.516 ms
[ AI-Rank-Log  2/ 1  9:23:41.706 ]latency_case347_latency: 159.632 ms
[ AI-Rank-Log  2/ 1  9:23:41.883 ]latency_case348_latency: 163.191 ms
[ AI-Rank-Log  2/ 1  9:23:42. 58 ]latency_case349_latency: 158.445 ms
[ AI-Rank-Log  2/ 1  9:23:42.227 ]latency_case350_latency: 162.96 ms
[ AI-Rank-Log  2/ 1  9:23:42.400 ]latency_case351_latency: 161.153 ms
[ AI-Rank-Log  2/ 1  9:23:42.580 ]latency_case352_latency: 166.099 ms
[ AI-Rank-Log  2/ 1  9:23:42.750 ]latency_case353_latency: 159.842 ms
[ AI-Rank-Log  2/ 1  9:23:42.923 ]latency_case354_latency: 158.171 ms
[ AI-Rank-Log  2/ 1  9:23:43. 94 ]latency_case355_latency: 157.834 ms
[ AI-Rank-Log  2/ 1  9:23:43.268 ]latency_case356_latency: 158.948 ms
[ AI-Rank-Log  2/ 1  9:23:43.440 ]latency_case357_latency: 158.604 ms
[ AI-Rank-Log  2/ 1  9:23:43.614 ]latency_case358_latency: 155.603 ms
[ AI-Rank-Log  2/ 1  9:23:43.793 ]latency_case359_latency: 162.124 ms
[ AI-Rank-Log  2/ 1  9:23:43.973 ]latency_case360_latency: 165.054 ms
[ AI-Rank-Log  2/ 1  9:23:44.143 ]latency_case361_latency: 153.965 ms
[ AI-Rank-Log  2/ 1  9:23:44.306 ]latency_case362_latency: 158.786 ms
[ AI-Rank-Log  2/ 1  9:23:44.493 ]latency_case363_latency: 170.589 ms
[ AI-Rank-Log  2/ 1  9:23:44.657 ]latency_case364_latency: 153.993 ms
[ AI-Rank-Log  2/ 1  9:23:44.831 ]latency_case365_latency: 160.509 ms
[ AI-Rank-Log  2/ 1  9:23:45.  3 ]latency_case366_latency: 157.372 ms
[ AI-Rank-Log  2/ 1  9:23:45.203 ]latency_case367_latency: 156.105 ms
[ AI-Rank-Log  2/ 1  9:23:45.371 ]latency_case368_latency: 155.433 ms
[ AI-Rank-Log  2/ 1  9:23:45.538 ]latency_case369_latency: 156.667 ms
[ AI-Rank-Log  2/ 1  9:23:45.714 ]latency_case370_latency: 165.349 ms
[ AI-Rank-Log  2/ 1  9:23:45.891 ]latency_case371_latency: 163.267 ms
[ AI-Rank-Log  2/ 1  9:23:46. 63 ]latency_case372_latency: 158.288 ms
[ AI-Rank-Log  2/ 1  9:23:46.236 ]latency_case373_latency: 162.383 ms
[ AI-Rank-Log  2/ 1  9:23:46.510 ]latency_case374_latency: 158.232 ms
[ AI-Rank-Log  2/ 1  9:23:46.685 ]latency_case375_latency: 162.797 ms
[ AI-Rank-Log  2/ 1  9:23:46.860 ]latency_case376_latency: 160.696 ms
[ AI-Rank-Log  2/ 1  9:23:47. 60 ]latency_case377_latency: 161.975 ms
[ AI-Rank-Log  2/ 1  9:23:47.230 ]latency_case378_latency: 157.278 ms
[ AI-Rank-Log  2/ 1  9:23:47.406 ]latency_case379_latency: 162.937 ms
[ AI-Rank-Log  2/ 1  9:23:47.578 ]latency_case380_latency: 159.792 ms
[ AI-Rank-Log  2/ 1  9:23:47.749 ]latency_case381_latency: 158.592 ms
[ AI-Rank-Log  2/ 1  9:23:47.916 ]latency_case382_latency: 154.699 ms
[ AI-Rank-Log  2/ 1  9:23:48. 94 ]latency_case383_latency: 165.092 ms
[ AI-Rank-Log  2/ 1  9:23:48.266 ]latency_case384_latency: 157.255 ms
[ AI-Rank-Log  2/ 1  9:23:48.446 ]latency_case385_latency: 162.454 ms
[ AI-Rank-Log  2/ 1  9:23:48.617 ]latency_case386_latency: 159.808 ms
[ AI-Rank-Log  2/ 1  9:23:48.790 ]latency_case387_latency: 159.853 ms
[ AI-Rank-Log  2/ 1  9:23:48.967 ]latency_case388_latency: 161.496 ms
[ AI-Rank-Log  2/ 1  9:23:49.140 ]latency_case389_latency: 161.43 ms
[ AI-Rank-Log  2/ 1  9:23:49.318 ]latency_case390_latency: 162.868 ms
[ AI-Rank-Log  2/ 1  9:23:49.493 ]latency_case391_latency: 163.722 ms
[ AI-Rank-Log  2/ 1  9:23:49.678 ]latency_case392_latency: 172.816 ms
[ AI-Rank-Log  2/ 1  9:23:49.858 ]latency_case393_latency: 166.57 ms
[ AI-Rank-Log  2/ 1  9:23:50. 75 ]latency_case394_latency: 153.517 ms
[ AI-Rank-Log  2/ 1  9:23:50.248 ]latency_case395_latency: 160.828 ms
[ AI-Rank-Log  2/ 1  9:23:50.418 ]latency_case396_latency: 155.262 ms
[ AI-Rank-Log  2/ 1  9:23:50.587 ]latency_case397_latency: 157.61 ms
[ AI-Rank-Log  2/ 1  9:23:50.770 ]latency_case398_latency: 155.431 ms
[ AI-Rank-Log  2/ 1  9:23:50.940 ]latency_case399_latency: 156.991 ms
[ AI-Rank-Log  2/ 1  9:23:51.123 ]latency_case400_latency: 172.515 ms
[ AI-Rank-Log  2/ 1  9:23:51.297 ]latency_case401_latency: 160.993 ms
[ AI-Rank-Log  2/ 1  9:23:51.470 ]latency_case402_latency: 161.85 ms
[ AI-Rank-Log  2/ 1  9:23:51.663 ]latency_case403_latency: 176.215 ms
[ AI-Rank-Log  2/ 1  9:23:51.834 ]latency_case404_latency: 160.806 ms
[ AI-Rank-Log  2/ 1  9:23:52.  5 ]latency_case405_latency: 158.429 ms
[ AI-Rank-Log  2/ 1  9:23:52.173 ]latency_case406_latency: 157.912 ms
[ AI-Rank-Log  2/ 1  9:23:52.343 ]latency_case407_latency: 156.435 ms
[ AI-Rank-Log  2/ 1  9:23:52.513 ]latency_case408_latency: 157.612 ms
[ AI-Rank-Log  2/ 1  9:23:52.688 ]latency_case409_latency: 161.439 ms
[ AI-Rank-Log  2/ 1  9:23:52.858 ]latency_case410_latency: 160.617 ms
[ AI-Rank-Log  2/ 1  9:23:53. 28 ]latency_case411_latency: 157.106 ms
[ AI-Rank-Log  2/ 1  9:23:53.203 ]latency_case412_latency: 160.568 ms
[ AI-Rank-Log  2/ 1  9:23:53.370 ]latency_case413_latency: 154.549 ms
[ AI-Rank-Log  2/ 1  9:23:53.540 ]latency_case414_latency: 154.003 ms
[ AI-Rank-Log  2/ 1  9:23:53.718 ]latency_case415_latency: 165.961 ms
[ AI-Rank-Log  2/ 1  9:23:53.891 ]latency_case416_latency: 159.307 ms
[ AI-Rank-Log  2/ 1  9:23:54. 60 ]latency_case417_latency: 155.153 ms
[ AI-Rank-Log  2/ 1  9:23:54.241 ]latency_case418_latency: 166.432 ms
[ AI-Rank-Log  2/ 1  9:23:54.414 ]latency_case419_latency: 161.615 ms
[ AI-Rank-Log  2/ 1  9:23:54.590 ]latency_case420_latency: 160.664 ms
[ AI-Rank-Log  2/ 1  9:23:54.756 ]latency_case421_latency: 154.579 ms
[ AI-Rank-Log  2/ 1  9:23:54.923 ]latency_case422_latency: 159.989 ms
[ AI-Rank-Log  2/ 1  9:23:55.394 ]latency_case423_latency: 158.799 ms
[ AI-Rank-Log  2/ 1  9:23:55.560 ]latency_case424_latency: 154.589 ms
[ AI-Rank-Log  2/ 1  9:23:55.730 ]latency_case425_latency: 157.017 ms
[ AI-Rank-Log  2/ 1  9:23:55.900 ]latency_case426_latency: 155.238 ms
[ AI-Rank-Log  2/ 1  9:23:56. 74 ]latency_case427_latency: 157.318 ms
[ AI-Rank-Log  2/ 1  9:23:56.247 ]latency_case428_latency: 159.887 ms
[ AI-Rank-Log  2/ 1  9:23:56.421 ]latency_case429_latency: 159.243 ms
[ AI-Rank-Log  2/ 1  9:23:56.590 ]latency_case430_latency: 154.676 ms
[ AI-Rank-Log  2/ 1  9:23:56.761 ]latency_case431_latency: 156.572 ms
[ AI-Rank-Log  2/ 1  9:23:56.931 ]latency_case432_latency: 158.844 ms
[ AI-Rank-Log  2/ 1  9:23:57.103 ]latency_case433_latency: 158.558 ms
[ AI-Rank-Log  2/ 1  9:23:57.283 ]latency_case434_latency: 165.07 ms
[ AI-Rank-Log  2/ 1  9:23:57.454 ]latency_case435_latency: 165.978 ms
[ AI-Rank-Log  2/ 1  9:23:57.636 ]latency_case436_latency: 168.297 ms
[ AI-Rank-Log  2/ 1  9:23:57.815 ]latency_case437_latency: 163.215 ms
[ AI-Rank-Log  2/ 1  9:23:57.988 ]latency_case438_latency: 160.634 ms
[ AI-Rank-Log  2/ 1  9:23:58.163 ]latency_case439_latency: 162.348 ms
[ AI-Rank-Log  2/ 1  9:23:58.341 ]latency_case440_latency: 161.738 ms
[ AI-Rank-Log  2/ 1  9:23:58.508 ]latency_case441_latency: 153.998 ms
[ AI-Rank-Log  2/ 1  9:23:58.683 ]latency_case442_latency: 160.337 ms
[ AI-Rank-Log  2/ 1  9:23:58.856 ]latency_case443_latency: 160.636 ms
[ AI-Rank-Log  2/ 1  9:23:59. 40 ]latency_case444_latency: 168.722 ms
[ AI-Rank-Log  2/ 1  9:23:59.208 ]latency_case445_latency: 155.685 ms
[ AI-Rank-Log  2/ 1  9:23:59.381 ]latency_case446_latency: 156.445 ms
[ AI-Rank-Log  2/ 1  9:23:59.560 ]latency_case447_latency: 163.048 ms
[ AI-Rank-Log  2/ 1  9:23:59.739 ]latency_case448_latency: 160.533 ms
[ AI-Rank-Log  2/ 1  9:23:59.910 ]latency_case449_latency: 155.272 ms
[ AI-Rank-Log  2/ 1  9:24: 0. 91 ]latency_case450_latency: 165.425 ms
[ AI-Rank-Log  2/ 1  9:24: 0.260 ]latency_case451_latency: 156.758 ms
[ AI-Rank-Log  2/ 1  9:24: 0.436 ]latency_case452_latency: 163.783 ms
[ AI-Rank-Log  2/ 1  9:24: 0.660 ]latency_case453_latency: 160.828 ms
[ AI-Rank-Log  2/ 1  9:24: 0.843 ]latency_case454_latency: 166.151 ms
[ AI-Rank-Log  2/ 1  9:24: 1. 20 ]latency_case455_latency: 158.763 ms
[ AI-Rank-Log  2/ 1  9:24: 1.193 ]latency_case456_latency: 159.672 ms
[ AI-Rank-Log  2/ 1  9:24: 1.363 ]latency_case457_latency: 159.189 ms
[ AI-Rank-Log  2/ 1  9:24: 1.530 ]latency_case458_latency: 157.805 ms
[ AI-Rank-Log  2/ 1  9:24: 1.701 ]latency_case459_latency: 158.83 ms
[ AI-Rank-Log  2/ 1  9:24: 1.880 ]latency_case460_latency: 162.009 ms
[ AI-Rank-Log  2/ 1  9:24: 2. 51 ]latency_case461_latency: 163.359 ms
[ AI-Rank-Log  2/ 1  9:24: 2.220 ]latency_case462_latency: 155.197 ms
[ AI-Rank-Log  2/ 1  9:24: 2.393 ]latency_case463_latency: 160.14 ms
[ AI-Rank-Log  2/ 1  9:24: 2.581 ]latency_case464_latency: 173.301 ms
[ AI-Rank-Log  2/ 1  9:24: 2.753 ]latency_case465_latency: 156.02 ms
[ AI-Rank-Log  2/ 1  9:24: 2.928 ]latency_case466_latency: 162.106 ms
[ AI-Rank-Log  2/ 1  9:24: 3.100 ]latency_case467_latency: 157.545 ms
[ AI-Rank-Log  2/ 1  9:24: 3.276 ]latency_case468_latency: 164.105 ms
[ AI-Rank-Log  2/ 1  9:24: 3.454 ]latency_case469_latency: 157.51 ms
[ AI-Rank-Log  2/ 1  9:24: 3.626 ]latency_case470_latency: 160.904 ms
[ AI-Rank-Log  2/ 1  9:24: 3.804 ]latency_case471_latency: 165.294 ms
[ AI-Rank-Log  2/ 1  9:24: 3.973 ]latency_case472_latency: 156.324 ms
[ AI-Rank-Log  2/ 1  9:24: 4.151 ]latency_case473_latency: 165.531 ms
[ AI-Rank-Log  2/ 1  9:24: 4.324 ]latency_case474_latency: 160.22 ms
[ AI-Rank-Log  2/ 1  9:24: 4.503 ]latency_case475_latency: 161.269 ms
[ AI-Rank-Log  2/ 1  9:24: 4.673 ]latency_case476_latency: 158.484 ms
[ AI-Rank-Log  2/ 1  9:24: 4.853 ]latency_case477_latency: 160.968 ms
[ AI-Rank-Log  2/ 1  9:24: 5. 23 ]latency_case478_latency: 157.013 ms
[ AI-Rank-Log  2/ 1  9:24: 5.183 ]latency_case479_latency: 155.05 ms
[ AI-Rank-Log  2/ 1  9:24: 5.360 ]latency_case480_latency: 163.983 ms
[ AI-Rank-Log  2/ 1  9:24: 5.536 ]latency_case481_latency: 161.919 ms
[ AI-Rank-Log  2/ 1  9:24: 5.711 ]latency_case482_latency: 160.258 ms
[ AI-Rank-Log  2/ 1  9:24: 5.880 ]latency_case483_latency: 157.342 ms
[ AI-Rank-Log  2/ 1  9:24: 6. 56 ]latency_case484_latency: 162.574 ms
[ AI-Rank-Log  2/ 1  9:24: 6.243 ]latency_case485_latency: 174.249 ms
[ AI-Rank-Log  2/ 1  9:24: 6.404 ]latency_case486_latency: 151.813 ms
[ AI-Rank-Log  2/ 1  9:24: 6.576 ]latency_case487_latency: 157.446 ms
[ AI-Rank-Log  2/ 1  9:24: 6.745 ]latency_case488_latency: 157.625 ms
[ AI-Rank-Log  2/ 1  9:24: 6.923 ]latency_case489_latency: 163.788 ms
[ AI-Rank-Log  2/ 1  9:24: 7. 96 ]latency_case490_latency: 160.276 ms
[ AI-Rank-Log  2/ 1  9:24: 7.270 ]latency_case491_latency: 160.363 ms
[ AI-Rank-Log  2/ 1  9:24: 7.436 ]latency_case492_latency: 155.668 ms
[ AI-Rank-Log  2/ 1  9:24: 7.607 ]latency_case493_latency: 156.561 ms
[ AI-Rank-Log  2/ 1  9:24: 7.778 ]latency_case494_latency: 157.3 ms
[ AI-Rank-Log  2/ 1  9:24: 7.943 ]latency_case495_latency: 152.275 ms
[ AI-Rank-Log  2/ 1  9:24: 8.120 ]latency_case496_latency: 161.121 ms
[ AI-Rank-Log  2/ 1  9:24: 8.303 ]latency_case497_latency: 169.262 ms
[ AI-Rank-Log  2/ 1  9:24: 8.474 ]latency_case498_latency: 160.105 ms
[ AI-Rank-Log  2/ 1  9:24: 8.643 ]latency_case499_latency: 156.325 ms
[ AI-Rank-Log  2/ 1  9:24: 8.816 ]latency_case500_latency: 159.507 ms
[ AI-Rank-Log  2/ 1  9:24: 8.994 ]latency_case501_latency: 163.592 ms
[ AI-Rank-Log  2/ 1  9:24: 9.170 ]latency_case502_latency: 157.522 ms
[ AI-Rank-Log  2/ 1  9:24: 9.341 ]latency_case503_latency: 160.397 ms
[ AI-Rank-Log  2/ 1  9:24: 9.511 ]latency_case504_latency: 158.104 ms
[ AI-Rank-Log  2/ 1  9:24: 9.685 ]latency_case505_latency: 156.85 ms
[ AI-Rank-Log  2/ 1  9:24: 9.866 ]latency_case506_latency: 164.116 ms
[ AI-Rank-Log  2/ 1  9:24:10. 47 ]latency_case507_latency: 164.913 ms
[ AI-Rank-Log  2/ 1  9:24:10.220 ]latency_case508_latency: 161.433 ms
[ AI-Rank-Log  2/ 1  9:24:10.393 ]latency_case509_latency: 160.776 ms
[ AI-Rank-Log  2/ 1  9:24:10.563 ]latency_case510_latency: 154.876 ms
[ AI-Rank-Log  2/ 1  9:24:10.740 ]latency_case511_latency: 168.851 ms
[ AI-Rank-Log  2/ 1  9:24:10.917 ]latency_case512_latency: 159.556 ms
[ AI-Rank-Log  2/ 1  9:24:11.107 ]latency_case513_latency: 163.032 ms
[ AI-Rank-Log  2/ 1  9:24:11.278 ]latency_case514_latency: 159.096 ms
[ AI-Rank-Log  2/ 1  9:24:11.460 ]latency_case515_latency: 167.856 ms
[ AI-Rank-Log  2/ 1  9:24:11.634 ]latency_case516_latency: 160.711 ms
[ AI-Rank-Log  2/ 1  9:24:11.810 ]latency_case517_latency: 161.101 ms
[ AI-Rank-Log  2/ 1  9:24:11.983 ]latency_case518_latency: 155.989 ms
[ AI-Rank-Log  2/ 1  9:24:12.151 ]latency_case519_latency: 158.658 ms
[ AI-Rank-Log  2/ 1  9:24:12.326 ]latency_case520_latency: 162.134 ms
[ AI-Rank-Log  2/ 1  9:24:12.503 ]latency_case521_latency: 161.435 ms
[ AI-Rank-Log  2/ 1  9:24:12.694 ]latency_case522_latency: 162.233 ms
[ AI-Rank-Log  2/ 1  9:24:12.867 ]latency_case523_latency: 159.045 ms
[ AI-Rank-Log  2/ 1  9:24:13. 34 ]latency_case524_latency: 154.447 ms
[ AI-Rank-Log  2/ 1  9:24:13.208 ]latency_case525_latency: 157.5 ms
[ AI-Rank-Log  2/ 1  9:24:13.378 ]latency_case526_latency: 157.867 ms
[ AI-Rank-Log  2/ 1  9:24:13.556 ]latency_case527_latency: 165.161 ms
[ AI-Rank-Log  2/ 1  9:24:13.736 ]latency_case528_latency: 169.322 ms
[ AI-Rank-Log  2/ 1  9:24:13.908 ]latency_case529_latency: 157.139 ms
[ AI-Rank-Log  2/ 1  9:24:14. 87 ]latency_case530_latency: 163.863 ms
[ AI-Rank-Log  2/ 1  9:24:14.251 ]latency_case531_latency: 153.457 ms
[ AI-Rank-Log  2/ 1  9:24:14.416 ]latency_case532_latency: 161.828 ms
[ AI-Rank-Log  2/ 1  9:24:14.596 ]latency_case533_latency: 163.278 ms
[ AI-Rank-Log  2/ 1  9:24:14.763 ]latency_case534_latency: 152.557 ms
[ AI-Rank-Log  2/ 1  9:24:14.931 ]latency_case535_latency: 154.555 ms
[ AI-Rank-Log  2/ 1  9:24:15. 96 ]latency_case536_latency: 154.196 ms
[ AI-Rank-Log  2/ 1  9:24:15.270 ]latency_case537_latency: 159.285 ms
[ AI-Rank-Log  2/ 1  9:24:15.443 ]latency_case538_latency: 158.513 ms
[ AI-Rank-Log  2/ 1  9:24:15.620 ]latency_case539_latency: 159.507 ms
[ AI-Rank-Log  2/ 1  9:24:15.798 ]latency_case540_latency: 160.091 ms
[ AI-Rank-Log  2/ 1  9:24:15.973 ]latency_case541_latency: 158.967 ms
[ AI-Rank-Log  2/ 1  9:24:16.150 ]latency_case542_latency: 162.12 ms
[ AI-Rank-Log  2/ 1  9:24:16.311 ]latency_case543_latency: 155.91 ms
[ AI-Rank-Log  2/ 1  9:24:16.480 ]latency_case544_latency: 154.44 ms
[ AI-Rank-Log  2/ 1  9:24:16.656 ]latency_case545_latency: 156.532 ms
[ AI-Rank-Log  2/ 1  9:24:16.827 ]latency_case546_latency: 159.111 ms
[ AI-Rank-Log  2/ 1  9:24:17.  1 ]latency_case547_latency: 162.372 ms
[ AI-Rank-Log  2/ 1  9:24:17.177 ]latency_case548_latency: 156.358 ms
[ AI-Rank-Log  2/ 1  9:24:17.343 ]latency_case549_latency: 157.121 ms
[ AI-Rank-Log  2/ 1  9:24:17.520 ]latency_case550_latency: 162.82 ms
[ AI-Rank-Log  2/ 1  9:24:17.700 ]latency_case551_latency: 163.673 ms
[ AI-Rank-Log  2/ 1  9:24:17.877 ]latency_case552_latency: 158.891 ms
[ AI-Rank-Log  2/ 1  9:24:18. 60 ]latency_case553_latency: 169.327 ms
[ AI-Rank-Log  2/ 1  9:24:18.236 ]latency_case554_latency: 163.275 ms
[ AI-Rank-Log  2/ 1  9:24:18.407 ]latency_case555_latency: 157.859 ms
[ AI-Rank-Log  2/ 1  9:24:18.580 ]latency_case556_latency: 161.206 ms
[ AI-Rank-Log  2/ 1  9:24:18.753 ]latency_case557_latency: 158.506 ms
[ AI-Rank-Log  2/ 1  9:24:18.927 ]latency_case558_latency: 162.659 ms
[ AI-Rank-Log  2/ 1  9:24:19.107 ]latency_case559_latency: 169.066 ms
[ AI-Rank-Log  2/ 1  9:24:19.276 ]latency_case560_latency: 162.044 ms
[ AI-Rank-Log  2/ 1  9:24:19.450 ]latency_case561_latency: 162.517 ms
[ AI-Rank-Log  2/ 1  9:24:19.620 ]latency_case562_latency: 158.842 ms
[ AI-Rank-Log  2/ 1  9:24:19.803 ]latency_case563_latency: 160.895 ms
[ AI-Rank-Log  2/ 1  9:24:19.976 ]latency_case564_latency: 157.001 ms
[ AI-Rank-Log  2/ 1  9:24:20.141 ]latency_case565_latency: 152.604 ms
[ AI-Rank-Log  2/ 1  9:24:20.311 ]latency_case566_latency: 157.879 ms
[ AI-Rank-Log  2/ 1  9:24:20.490 ]latency_case567_latency: 165.268 ms
[ AI-Rank-Log  2/ 1  9:24:20.666 ]latency_case568_latency: 166.583 ms
[ AI-Rank-Log  2/ 1  9:24:20.845 ]latency_case569_latency: 164.526 ms
[ AI-Rank-Log  2/ 1  9:24:21.223 ]latency_case570_latency: 156.288 ms
[ AI-Rank-Log  2/ 1  9:24:21.396 ]latency_case571_latency: 159.341 ms
[ AI-Rank-Log  2/ 1  9:24:21.566 ]latency_case572_latency: 156.553 ms
[ AI-Rank-Log  2/ 1  9:24:21.741 ]latency_case573_latency: 161.938 ms
[ AI-Rank-Log  2/ 1  9:24:21.915 ]latency_case574_latency: 161.361 ms
[ AI-Rank-Log  2/ 1  9:24:22. 80 ]latency_case575_latency: 155.774 ms
[ AI-Rank-Log  2/ 1  9:24:22.243 ]latency_case576_latency: 156.431 ms
[ AI-Rank-Log  2/ 1  9:24:22.421 ]latency_case577_latency: 165.642 ms
[ AI-Rank-Log  2/ 1  9:24:22.580 ]latency_case578_latency: 152.11 ms
[ AI-Rank-Log  2/ 1  9:24:22.757 ]latency_case579_latency: 160.293 ms
[ AI-Rank-Log  2/ 1  9:24:22.931 ]latency_case580_latency: 160.812 ms
[ AI-Rank-Log  2/ 1  9:24:23.101 ]latency_case581_latency: 156.391 ms
[ AI-Rank-Log  2/ 1  9:24:23.273 ]latency_case582_latency: 163.298 ms
[ AI-Rank-Log  2/ 1  9:24:23.444 ]latency_case583_latency: 155.422 ms
[ AI-Rank-Log  2/ 1  9:24:23.627 ]latency_case584_latency: 166.164 ms
[ AI-Rank-Log  2/ 1  9:24:23.798 ]latency_case585_latency: 155.928 ms
[ AI-Rank-Log  2/ 1  9:24:23.971 ]latency_case586_latency: 163.415 ms
[ AI-Rank-Log  2/ 1  9:24:24.143 ]latency_case587_latency: 157.885 ms
[ AI-Rank-Log  2/ 1  9:24:24.313 ]latency_case588_latency: 158.984 ms
[ AI-Rank-Log  2/ 1  9:24:24.491 ]latency_case589_latency: 163.424 ms
[ AI-Rank-Log  2/ 1  9:24:24.663 ]latency_case590_latency: 154.152 ms
[ AI-Rank-Log  2/ 1  9:24:24.838 ]latency_case591_latency: 161.545 ms
[ AI-Rank-Log  2/ 1  9:24:25.  8 ]latency_case592_latency: 158.965 ms
[ AI-Rank-Log  2/ 1  9:24:25.174 ]latency_case593_latency: 156.801 ms
[ AI-Rank-Log  2/ 1  9:24:25.376 ]latency_case594_latency: 160 ms
[ AI-Rank-Log  2/ 1  9:24:25.553 ]latency_case595_latency: 158.407 ms
[ AI-Rank-Log  2/ 1  9:24:25.730 ]latency_case596_latency: 162.593 ms
[ AI-Rank-Log  2/ 1  9:24:25.903 ]latency_case597_latency: 159.566 ms
[ AI-Rank-Log  2/ 1  9:24:26. 83 ]latency_case598_latency: 162.406 ms
[ AI-Rank-Log  2/ 1  9:24:26.260 ]latency_case599_latency: 164.576 ms
[ AI-Rank-Log  2/ 1  9:24:26.435 ]latency_case600_latency: 160.288 ms
[ AI-Rank-Log  2/ 1  9:24:26.603 ]latency_case601_latency: 156.006 ms
[ AI-Rank-Log  2/ 1  9:24:26.780 ]latency_case602_latency: 159.517 ms
[ AI-Rank-Log  2/ 1  9:24:26.956 ]latency_case603_latency: 162.5 ms
[ AI-Rank-Log  2/ 1  9:24:27.126 ]latency_case604_latency: 158.478 ms
[ AI-Rank-Log  2/ 1  9:24:27.303 ]latency_case605_latency: 163.21 ms
[ AI-Rank-Log  2/ 1  9:24:27.476 ]latency_case606_latency: 158.022 ms
[ AI-Rank-Log  2/ 1  9:24:27.653 ]latency_case607_latency: 163.031 ms
[ AI-Rank-Log  2/ 1  9:24:27.831 ]latency_case608_latency: 165.087 ms
[ AI-Rank-Log  2/ 1  9:24:28.  6 ]latency_case609_latency: 161.446 ms
[ AI-Rank-Log  2/ 1  9:24:28.176 ]latency_case610_latency: 157.347 ms
[ AI-Rank-Log  2/ 1  9:24:28.346 ]latency_case611_latency: 157.511 ms
[ AI-Rank-Log  2/ 1  9:24:28.518 ]latency_case612_latency: 157.348 ms
[ AI-Rank-Log  2/ 1  9:24:28.683 ]latency_case613_latency: 153.167 ms
[ AI-Rank-Log  2/ 1  9:24:28.866 ]latency_case614_latency: 165.865 ms
[ AI-Rank-Log  2/ 1  9:24:29. 36 ]latency_case615_latency: 157.936 ms
[ AI-Rank-Log  2/ 1  9:24:29.210 ]latency_case616_latency: 158.56 ms
[ AI-Rank-Log  2/ 1  9:24:29.378 ]latency_case617_latency: 156.77 ms
[ AI-Rank-Log  2/ 1  9:24:29.550 ]latency_case618_latency: 158.244 ms
[ AI-Rank-Log  2/ 1  9:24:29.717 ]latency_case619_latency: 153.861 ms
[ AI-Rank-Log  2/ 1  9:24:29.900 ]latency_case620_latency: 165.458 ms
[ AI-Rank-Log  2/ 1  9:24:30. 73 ]latency_case621_latency: 158.305 ms
[ AI-Rank-Log  2/ 1  9:24:30.244 ]latency_case622_latency: 157.301 ms
[ AI-Rank-Log  2/ 1  9:24:30.413 ]latency_case623_latency: 155.042 ms
[ AI-Rank-Log  2/ 1  9:24:30.673 ]latency_case624_latency: 163.657 ms
[ AI-Rank-Log  2/ 1  9:24:30.847 ]latency_case625_latency: 156.194 ms
[ AI-Rank-Log  2/ 1  9:24:31. 21 ]latency_case626_latency: 157.014 ms
[ AI-Rank-Log  2/ 1  9:24:31.191 ]latency_case627_latency: 159.624 ms
[ AI-Rank-Log  2/ 1  9:24:31.370 ]latency_case628_latency: 166.103 ms
[ AI-Rank-Log  2/ 1  9:24:31.704 ]latency_case629_latency: 158.958 ms
[ AI-Rank-Log  2/ 1  9:24:31.886 ]latency_case630_latency: 156.714 ms
[ AI-Rank-Log  2/ 1  9:24:32. 53 ]latency_case631_latency: 154.731 ms
[ AI-Rank-Log  2/ 1  9:24:32.230 ]latency_case632_latency: 162.708 ms
[ AI-Rank-Log  2/ 1  9:24:32.403 ]latency_case633_latency: 159.322 ms
[ AI-Rank-Log  2/ 1  9:24:32.574 ]latency_case634_latency: 158.463 ms
[ AI-Rank-Log  2/ 1  9:24:32.746 ]latency_case635_latency: 159.162 ms
[ AI-Rank-Log  2/ 1  9:24:32.920 ]latency_case636_latency: 159.403 ms
[ AI-Rank-Log  2/ 1  9:24:33. 95 ]latency_case637_latency: 159.687 ms
[ AI-Rank-Log  2/ 1  9:24:33.270 ]latency_case638_latency: 162.405 ms
[ AI-Rank-Log  2/ 1  9:24:33.460 ]latency_case639_latency: 175.109 ms
[ AI-Rank-Log  2/ 1  9:24:33.634 ]latency_case640_latency: 161.103 ms
[ AI-Rank-Log  2/ 1  9:24:33.806 ]latency_case641_latency: 160.458 ms
[ AI-Rank-Log  2/ 1  9:24:33.984 ]latency_case642_latency: 164.399 ms
[ AI-Rank-Log  2/ 1  9:24:34.151 ]latency_case643_latency: 156.614 ms
[ AI-Rank-Log  2/ 1  9:24:34.330 ]latency_case644_latency: 156.59 ms
[ AI-Rank-Log  2/ 1  9:24:34.496 ]latency_case645_latency: 154.182 ms
[ AI-Rank-Log  2/ 1  9:24:34.673 ]latency_case646_latency: 163.599 ms
[ AI-Rank-Log  2/ 1  9:24:34.843 ]latency_case647_latency: 156.233 ms
[ AI-Rank-Log  2/ 1  9:24:35. 17 ]latency_case648_latency: 164.735 ms
[ AI-Rank-Log  2/ 1  9:24:35.185 ]latency_case649_latency: 157.744 ms
[ AI-Rank-Log  2/ 1  9:24:35.371 ]latency_case650_latency: 172.128 ms
[ AI-Rank-Log  2/ 1  9:24:35.543 ]latency_case651_latency: 157.691 ms
[ AI-Rank-Log  2/ 1  9:24:35.726 ]latency_case652_latency: 164.818 ms
[ AI-Rank-Log  2/ 1  9:24:35.894 ]latency_case653_latency: 156.719 ms
[ AI-Rank-Log  2/ 1  9:24:36. 73 ]latency_case654_latency: 160.202 ms
[ AI-Rank-Log  2/ 1  9:24:36.246 ]latency_case655_latency: 157.234 ms
[ AI-Rank-Log  2/ 1  9:24:36.417 ]latency_case656_latency: 158.857 ms
[ AI-Rank-Log  2/ 1  9:24:36.593 ]latency_case657_latency: 160.172 ms
[ AI-Rank-Log  2/ 1  9:24:36.778 ]latency_case658_latency: 172.601 ms
[ AI-Rank-Log  2/ 1  9:24:36.953 ]latency_case659_latency: 160.994 ms
[ AI-Rank-Log  2/ 1  9:24:37.120 ]latency_case660_latency: 157.199 ms
[ AI-Rank-Log  2/ 1  9:24:37.315 ]latency_case661_latency: 157.527 ms
[ AI-Rank-Log  2/ 1  9:24:37.480 ]latency_case662_latency: 148.63 ms
[ AI-Rank-Log  2/ 1  9:24:37.650 ]latency_case663_latency: 157.027 ms
[ AI-Rank-Log  2/ 1  9:24:37.831 ]latency_case664_latency: 158.432 ms
[ AI-Rank-Log  2/ 1  9:24:38.  6 ]latency_case665_latency: 159.746 ms
[ AI-Rank-Log  2/ 1  9:24:38.180 ]latency_case666_latency: 161.269 ms
[ AI-Rank-Log  2/ 1  9:24:38.357 ]latency_case667_latency: 161.766 ms
[ AI-Rank-Log  2/ 1  9:24:38.530 ]latency_case668_latency: 159.628 ms
[ AI-Rank-Log  2/ 1  9:24:38.710 ]latency_case669_latency: 161.646 ms
[ AI-Rank-Log  2/ 1  9:24:38.886 ]latency_case670_latency: 162.134 ms
[ AI-Rank-Log  2/ 1  9:24:39. 54 ]latency_case671_latency: 155.088 ms
[ AI-Rank-Log  2/ 1  9:24:39.220 ]latency_case672_latency: 152.737 ms
[ AI-Rank-Log  2/ 1  9:24:39.408 ]latency_case673_latency: 174.24 ms
[ AI-Rank-Log  2/ 1  9:24:39.581 ]latency_case674_latency: 155.267 ms
[ AI-Rank-Log  2/ 1  9:24:39.753 ]latency_case675_latency: 159.68 ms
[ AI-Rank-Log  2/ 1  9:24:39.933 ]latency_case676_latency: 170.629 ms
[ AI-Rank-Log  2/ 1  9:24:40.110 ]latency_case677_latency: 164.315 ms
[ AI-Rank-Log  2/ 1  9:24:40.280 ]latency_case678_latency: 154.403 ms
[ AI-Rank-Log  2/ 1  9:24:40.453 ]latency_case679_latency: 161.674 ms
[ AI-Rank-Log  2/ 1  9:24:40.625 ]latency_case680_latency: 157.766 ms
[ AI-Rank-Log  2/ 1  9:24:40.803 ]latency_case681_latency: 166.284 ms
[ AI-Rank-Log  2/ 1  9:24:40.973 ]latency_case682_latency: 158.58 ms
[ AI-Rank-Log  2/ 1  9:24:41.151 ]latency_case683_latency: 162.662 ms
[ AI-Rank-Log  2/ 1  9:24:41.330 ]latency_case684_latency: 156.544 ms
[ AI-Rank-Log  2/ 1  9:24:41.503 ]latency_case685_latency: 159.912 ms
[ AI-Rank-Log  2/ 1  9:24:41.693 ]latency_case686_latency: 171.61 ms
[ AI-Rank-Log  2/ 1  9:24:41.867 ]latency_case687_latency: 162.734 ms
[ AI-Rank-Log  2/ 1  9:24:42. 43 ]latency_case688_latency: 163.802 ms
[ AI-Rank-Log  2/ 1  9:24:42.220 ]latency_case689_latency: 162.279 ms
[ AI-Rank-Log  2/ 1  9:24:42.390 ]latency_case690_latency: 156.007 ms
[ AI-Rank-Log  2/ 1  9:24:42.561 ]latency_case691_latency: 159.036 ms
[ AI-Rank-Log  2/ 1  9:24:42.736 ]latency_case692_latency: 159.542 ms
[ AI-Rank-Log  2/ 1  9:24:42.910 ]latency_case693_latency: 162.382 ms
[ AI-Rank-Log  2/ 1  9:24:43.223 ]latency_case694_latency: 155.333 ms
[ AI-Rank-Log  2/ 1  9:24:43.398 ]latency_case695_latency: 159.049 ms
[ AI-Rank-Log  2/ 1  9:24:43.581 ]latency_case696_latency: 168.623 ms
[ AI-Rank-Log  2/ 1  9:24:43.756 ]latency_case697_latency: 158.745 ms
[ AI-Rank-Log  2/ 1  9:24:43.934 ]latency_case698_latency: 160.361 ms
[ AI-Rank-Log  2/ 1  9:24:44.110 ]latency_case699_latency: 164.858 ms
[ AI-Rank-Log  2/ 1  9:24:44.290 ]latency_case700_latency: 166.253 ms
[ AI-Rank-Log  2/ 1  9:24:44.461 ]latency_case701_latency: 156.268 ms
[ AI-Rank-Log  2/ 1  9:24:44.631 ]latency_case702_latency: 159.461 ms
[ AI-Rank-Log  2/ 1  9:24:44.806 ]latency_case703_latency: 155.135 ms
[ AI-Rank-Log  2/ 1  9:24:44.973 ]latency_case704_latency: 155.254 ms
[ AI-Rank-Log  2/ 1  9:24:45.143 ]latency_case705_latency: 156.647 ms
[ AI-Rank-Log  2/ 1  9:24:45.316 ]latency_case706_latency: 159.652 ms
[ AI-Rank-Log  2/ 1  9:24:45.490 ]latency_case707_latency: 169.072 ms
[ AI-Rank-Log  2/ 1  9:24:45.670 ]latency_case708_latency: 160.387 ms
[ AI-Rank-Log  2/ 1  9:24:45.848 ]latency_case709_latency: 164.016 ms
[ AI-Rank-Log  2/ 1  9:24:46. 27 ]latency_case710_latency: 164.555 ms
[ AI-Rank-Log  2/ 1  9:24:46.208 ]latency_case711_latency: 168.747 ms
[ AI-Rank-Log  2/ 1  9:24:46.380 ]latency_case712_latency: 158.453 ms
[ AI-Rank-Log  2/ 1  9:24:46.558 ]latency_case713_latency: 159.102 ms
[ AI-Rank-Log  2/ 1  9:24:46.733 ]latency_case714_latency: 158.809 ms
[ AI-Rank-Log  2/ 1  9:24:46.915 ]latency_case715_latency: 167.258 ms
[ AI-Rank-Log  2/ 1  9:24:47. 96 ]latency_case716_latency: 165.401 ms
[ AI-Rank-Log  2/ 1  9:24:47.281 ]latency_case717_latency: 172.807 ms
[ AI-Rank-Log  2/ 1  9:24:47.450 ]latency_case718_latency: 159.063 ms
[ AI-Rank-Log  2/ 1  9:24:47.630 ]latency_case719_latency: 159.542 ms
[ AI-Rank-Log  2/ 1  9:24:47.800 ]latency_case720_latency: 158.824 ms
[ AI-Rank-Log  2/ 1  9:24:47.976 ]latency_case721_latency: 160.211 ms
[ AI-Rank-Log  2/ 1  9:24:48.153 ]latency_case722_latency: 161.111 ms
[ AI-Rank-Log  2/ 1  9:24:48.326 ]latency_case723_latency: 160.566 ms
[ AI-Rank-Log  2/ 1  9:24:48.510 ]latency_case724_latency: 171.818 ms
[ AI-Rank-Log  2/ 1  9:24:48.690 ]latency_case725_latency: 163.606 ms
[ AI-Rank-Log  2/ 1  9:24:48.866 ]latency_case726_latency: 162.339 ms
[ AI-Rank-Log  2/ 1  9:24:49. 41 ]latency_case727_latency: 162.445 ms
[ AI-Rank-Log  2/ 1  9:24:49.206 ]latency_case728_latency: 158.598 ms
[ AI-Rank-Log  2/ 1  9:24:49.384 ]latency_case729_latency: 160.823 ms
[ AI-Rank-Log  2/ 1  9:24:49.566 ]latency_case730_latency: 164.836 ms
[ AI-Rank-Log  2/ 1  9:24:49.743 ]latency_case731_latency: 163.764 ms
[ AI-Rank-Log  2/ 1  9:24:49.911 ]latency_case732_latency: 155.246 ms
[ AI-Rank-Log  2/ 1  9:24:50. 90 ]latency_case733_latency: 163.859 ms
[ AI-Rank-Log  2/ 1  9:24:50.270 ]latency_case734_latency: 163.016 ms
[ AI-Rank-Log  2/ 1  9:24:50.444 ]latency_case735_latency: 157.349 ms
[ AI-Rank-Log  2/ 1  9:24:50.623 ]latency_case736_latency: 166.11 ms
[ AI-Rank-Log  2/ 1  9:24:50.800 ]latency_case737_latency: 161.461 ms
[ AI-Rank-Log  2/ 1  9:24:50.987 ]latency_case738_latency: 174.357 ms
[ AI-Rank-Log  2/ 1  9:24:51.160 ]latency_case739_latency: 157.414 ms
[ AI-Rank-Log  2/ 1  9:24:51.343 ]latency_case740_latency: 172.347 ms
[ AI-Rank-Log  2/ 1  9:24:51.514 ]latency_case741_latency: 156.68 ms
[ AI-Rank-Log  2/ 1  9:24:51.688 ]latency_case742_latency: 157.792 ms
[ AI-Rank-Log  2/ 1  9:24:51.861 ]latency_case743_latency: 161.292 ms
[ AI-Rank-Log  2/ 1  9:24:52. 33 ]latency_case744_latency: 160.055 ms
[ AI-Rank-Log  2/ 1  9:24:52.213 ]latency_case745_latency: 167.56 ms
[ AI-Rank-Log  2/ 1  9:24:52.387 ]latency_case746_latency: 157.636 ms
[ AI-Rank-Log  2/ 1  9:24:52.553 ]latency_case747_latency: 154.894 ms
[ AI-Rank-Log  2/ 1  9:24:52.720 ]latency_case748_latency: 154.895 ms
[ AI-Rank-Log  2/ 1  9:24:52.898 ]latency_case749_latency: 165.266 ms
[ AI-Rank-Log  2/ 1  9:24:53. 66 ]latency_case750_latency: 156.264 ms
[ AI-Rank-Log  2/ 1  9:24:53.243 ]latency_case751_latency: 162.313 ms
[ AI-Rank-Log  2/ 1  9:24:53.480 ]latency_case752_latency: 157.039 ms
[ AI-Rank-Log  2/ 1  9:24:53.670 ]latency_case753_latency: 164.287 ms
[ AI-Rank-Log  2/ 1  9:24:53.843 ]latency_case754_latency: 161.889 ms
[ AI-Rank-Log  2/ 1  9:24:54. 20 ]latency_case755_latency: 163.585 ms
[ AI-Rank-Log  2/ 1  9:24:54.190 ]latency_case756_latency: 156.345 ms
[ AI-Rank-Log  2/ 1  9:24:54.381 ]latency_case757_latency: 168.679 ms
[ AI-Rank-Log  2/ 1  9:24:54.553 ]latency_case758_latency: 157.233 ms
[ AI-Rank-Log  2/ 1  9:24:54.733 ]latency_case759_latency: 162.169 ms
[ AI-Rank-Log  2/ 1  9:24:54.904 ]latency_case760_latency: 155.512 ms
[ AI-Rank-Log  2/ 1  9:24:55. 73 ]latency_case761_latency: 157.641 ms
[ AI-Rank-Log  2/ 1  9:24:55.250 ]latency_case762_latency: 162.669 ms
[ AI-Rank-Log  2/ 1  9:24:55.423 ]latency_case763_latency: 159.036 ms
[ AI-Rank-Log  2/ 1  9:24:55.591 ]latency_case764_latency: 157.289 ms
[ AI-Rank-Log  2/ 1  9:24:55.761 ]latency_case765_latency: 158.279 ms
[ AI-Rank-Log  2/ 1  9:24:55.936 ]latency_case766_latency: 159.387 ms
[ AI-Rank-Log  2/ 1  9:24:56.106 ]latency_case767_latency: 158.455 ms
[ AI-Rank-Log  2/ 1  9:24:56.307 ]latency_case768_latency: 164.208 ms
[ AI-Rank-Log  2/ 1  9:24:56.483 ]latency_case769_latency: 159.356 ms
[ AI-Rank-Log  2/ 1  9:24:56.653 ]latency_case770_latency: 155.527 ms
[ AI-Rank-Log  2/ 1  9:24:56.823 ]latency_case771_latency: 158.561 ms
[ AI-Rank-Log  2/ 1  9:24:57.  0 ]latency_case772_latency: 165.391 ms
[ AI-Rank-Log  2/ 1  9:24:57.180 ]latency_case773_latency: 162.029 ms
[ AI-Rank-Log  2/ 1  9:24:57.354 ]latency_case774_latency: 161.718 ms
[ AI-Rank-Log  2/ 1  9:24:57.528 ]latency_case775_latency: 160.884 ms
[ AI-Rank-Log  2/ 1  9:24:57.706 ]latency_case776_latency: 163.09 ms
[ AI-Rank-Log  2/ 1  9:24:57.886 ]latency_case777_latency: 163.096 ms
[ AI-Rank-Log  2/ 1  9:24:58. 65 ]latency_case778_latency: 163.939 ms
[ AI-Rank-Log  2/ 1  9:24:58.236 ]latency_case779_latency: 158.659 ms
[ AI-Rank-Log  2/ 1  9:24:58.414 ]latency_case780_latency: 164.788 ms
[ AI-Rank-Log  2/ 1  9:24:58.590 ]latency_case781_latency: 164.899 ms
[ AI-Rank-Log  2/ 1  9:24:58.763 ]latency_case782_latency: 159.343 ms
[ AI-Rank-Log  2/ 1  9:24:58.946 ]latency_case783_latency: 167.901 ms
[ AI-Rank-Log  2/ 1  9:24:59.116 ]latency_case784_latency: 157.495 ms
[ AI-Rank-Log  2/ 1  9:24:59.293 ]latency_case785_latency: 164.589 ms
[ AI-Rank-Log  2/ 1  9:24:59.524 ]latency_case786_latency: 154.823 ms
[ AI-Rank-Log  2/ 1  9:24:59.713 ]latency_case787_latency: 169.018 ms
[ AI-Rank-Log  2/ 1  9:24:59.887 ]latency_case788_latency: 162.53 ms
[ AI-Rank-Log  2/ 1  9:25: 0. 63 ]latency_case789_latency: 163.713 ms
[ AI-Rank-Log  2/ 1  9:25: 0.236 ]latency_case790_latency: 158.987 ms
[ AI-Rank-Log  2/ 1  9:25: 0.413 ]latency_case791_latency: 164.821 ms
[ AI-Rank-Log  2/ 1  9:25: 0.591 ]latency_case792_latency: 162.931 ms
[ AI-Rank-Log  2/ 1  9:25: 0.763 ]latency_case793_latency: 160.852 ms
[ AI-Rank-Log  2/ 1  9:25: 0.936 ]latency_case794_latency: 159.601 ms
[ AI-Rank-Log  2/ 1  9:25: 1.123 ]latency_case795_latency: 171.033 ms
[ AI-Rank-Log  2/ 1  9:25: 1.308 ]latency_case796_latency: 166.003 ms
[ AI-Rank-Log  2/ 1  9:25: 1.480 ]latency_case797_latency: 153.269 ms
[ AI-Rank-Log  2/ 1  9:25: 1.656 ]latency_case798_latency: 159.059 ms
[ AI-Rank-Log  2/ 1  9:25: 1.831 ]latency_case799_latency: 160.839 ms
[ AI-Rank-Log  2/ 1  9:25: 2.  4 ]latency_case800_latency: 160.498 ms
[ AI-Rank-Log  2/ 1  9:25: 2.176 ]latency_case801_latency: 158.07 ms
[ AI-Rank-Log  2/ 1  9:25: 2.343 ]latency_case802_latency: 157.583 ms
[ AI-Rank-Log  2/ 1  9:25: 2.520 ]latency_case803_latency: 161.079 ms
[ AI-Rank-Log  2/ 1  9:25: 2.694 ]latency_case804_latency: 163.046 ms
[ AI-Rank-Log  2/ 1  9:25: 2.890 ]latency_case805_latency: 176.174 ms
[ AI-Rank-Log  2/ 1  9:25: 3. 70 ]latency_case806_latency: 164.747 ms
[ AI-Rank-Log  2/ 1  9:25: 3.246 ]latency_case807_latency: 158.862 ms
[ AI-Rank-Log  2/ 1  9:25: 3.444 ]latency_case808_latency: 161.412 ms
[ AI-Rank-Log  2/ 1  9:25: 3.613 ]latency_case809_latency: 153.727 ms
[ AI-Rank-Log  2/ 1  9:25: 3.794 ]latency_case810_latency: 167.678 ms
[ AI-Rank-Log  2/ 1  9:25: 3.960 ]latency_case811_latency: 154.66 ms
[ AI-Rank-Log  2/ 1  9:25: 4.146 ]latency_case812_latency: 170.968 ms
[ AI-Rank-Log  2/ 1  9:25: 4.324 ]latency_case813_latency: 161.708 ms
[ AI-Rank-Log  2/ 1  9:25: 4.498 ]latency_case814_latency: 157.888 ms
[ AI-Rank-Log  2/ 1  9:25: 4.676 ]latency_case815_latency: 163.808 ms
[ AI-Rank-Log  2/ 1  9:25: 4.853 ]latency_case816_latency: 158.02 ms
[ AI-Rank-Log  2/ 1  9:25: 5. 30 ]latency_case817_latency: 163.044 ms
[ AI-Rank-Log  2/ 1  9:25: 5.200 ]latency_case818_latency: 155.936 ms
[ AI-Rank-Log  2/ 1  9:25: 5.386 ]latency_case819_latency: 174.166 ms
[ AI-Rank-Log  2/ 1  9:25: 5.573 ]latency_case820_latency: 177.048 ms
[ AI-Rank-Log  2/ 1  9:25: 5.753 ]latency_case821_latency: 164.565 ms
[ AI-Rank-Log  2/ 1  9:25: 5.941 ]latency_case822_latency: 174.456 ms
[ AI-Rank-Log  2/ 1  9:25: 6.110 ]latency_case823_latency: 158.104 ms
[ AI-Rank-Log  2/ 1  9:25: 6.281 ]latency_case824_latency: 155.294 ms
[ AI-Rank-Log  2/ 1  9:25: 6.448 ]latency_case825_latency: 154.428 ms
[ AI-Rank-Log  2/ 1  9:25: 6.618 ]latency_case826_latency: 159.489 ms
[ AI-Rank-Log  2/ 1  9:25: 6.790 ]latency_case827_latency: 156.665 ms
[ AI-Rank-Log  2/ 1  9:25: 6.960 ]latency_case828_latency: 155.02 ms
[ AI-Rank-Log  2/ 1  9:25: 7.147 ]latency_case829_latency: 153.331 ms
[ AI-Rank-Log  2/ 1  9:25: 7.311 ]latency_case830_latency: 152.852 ms
[ AI-Rank-Log  2/ 1  9:25: 7.491 ]latency_case831_latency: 157.218 ms
[ AI-Rank-Log  2/ 1  9:25: 7.663 ]latency_case832_latency: 154.599 ms
[ AI-Rank-Log  2/ 1  9:25: 7.833 ]latency_case833_latency: 157.011 ms
[ AI-Rank-Log  2/ 1  9:25: 8.  3 ]latency_case834_latency: 153.743 ms
[ AI-Rank-Log  2/ 1  9:25: 8.170 ]latency_case835_latency: 153.162 ms
[ AI-Rank-Log  2/ 1  9:25: 8.353 ]latency_case836_latency: 171.559 ms
[ AI-Rank-Log  2/ 1  9:25: 8.520 ]latency_case837_latency: 157.113 ms
[ AI-Rank-Log  2/ 1  9:25: 8.703 ]latency_case838_latency: 160.476 ms
[ AI-Rank-Log  2/ 1  9:25: 8.880 ]latency_case839_latency: 164.645 ms
[ AI-Rank-Log  2/ 1  9:25: 9. 53 ]latency_case840_latency: 161.628 ms
[ AI-Rank-Log  2/ 1  9:25: 9.221 ]latency_case841_latency: 154.469 ms
[ AI-Rank-Log  2/ 1  9:25: 9.394 ]latency_case842_latency: 157.623 ms
[ AI-Rank-Log  2/ 1  9:25: 9.573 ]latency_case843_latency: 163.119 ms
[ AI-Rank-Log  2/ 1  9:25: 9.746 ]latency_case844_latency: 157.182 ms
[ AI-Rank-Log  2/ 1  9:25: 9.916 ]latency_case845_latency: 159.31 ms
[ AI-Rank-Log  2/ 1  9:25:10. 96 ]latency_case846_latency: 165.851 ms
[ AI-Rank-Log  2/ 1  9:25:10.270 ]latency_case847_latency: 159.821 ms
[ AI-Rank-Log  2/ 1  9:25:10.448 ]latency_case848_latency: 161.462 ms
[ AI-Rank-Log  2/ 1  9:25:10.620 ]latency_case849_latency: 158.94 ms
[ AI-Rank-Log  2/ 1  9:25:10.793 ]latency_case850_latency: 159.529 ms
[ AI-Rank-Log  2/ 1  9:25:10.971 ]latency_case851_latency: 163.571 ms
[ AI-Rank-Log  2/ 1  9:25:11.143 ]latency_case852_latency: 163.214 ms
[ AI-Rank-Log  2/ 1  9:25:11.320 ]latency_case853_latency: 162.951 ms
[ AI-Rank-Log  2/ 1  9:25:11.496 ]latency_case854_latency: 157.624 ms
[ AI-Rank-Log  2/ 1  9:25:11.674 ]latency_case855_latency: 161.269 ms
[ AI-Rank-Log  2/ 1  9:25:11.850 ]latency_case856_latency: 160.415 ms
[ AI-Rank-Log  2/ 1  9:25:12. 26 ]latency_case857_latency: 159.371 ms
[ AI-Rank-Log  2/ 1  9:25:12.193 ]latency_case858_latency: 157.766 ms
[ AI-Rank-Log  2/ 1  9:25:12.374 ]latency_case859_latency: 164.956 ms
[ AI-Rank-Log  2/ 1  9:25:12.547 ]latency_case860_latency: 157.402 ms
[ AI-Rank-Log  2/ 1  9:25:12.728 ]latency_case861_latency: 165.238 ms
[ AI-Rank-Log  2/ 1  9:25:12.900 ]latency_case862_latency: 156.272 ms
[ AI-Rank-Log  2/ 1  9:25:13. 73 ]latency_case863_latency: 158.701 ms
[ AI-Rank-Log  2/ 1  9:25:13.250 ]latency_case864_latency: 160.732 ms
[ AI-Rank-Log  2/ 1  9:25:13.417 ]latency_case865_latency: 153.51 ms
[ AI-Rank-Log  2/ 1  9:25:13.596 ]latency_case866_latency: 159.612 ms
[ AI-Rank-Log  2/ 1  9:25:13.770 ]latency_case867_latency: 158.863 ms
[ AI-Rank-Log  2/ 1  9:25:13.946 ]latency_case868_latency: 163.741 ms
[ AI-Rank-Log  2/ 1  9:25:14.133 ]latency_case869_latency: 174.127 ms
[ AI-Rank-Log  2/ 1  9:25:14.301 ]latency_case870_latency: 155.704 ms
[ AI-Rank-Log  2/ 1  9:25:14.473 ]latency_case871_latency: 159.381 ms
[ AI-Rank-Log  2/ 1  9:25:14.647 ]latency_case872_latency: 159.879 ms
[ AI-Rank-Log  2/ 1  9:25:14.825 ]latency_case873_latency: 160.913 ms
[ AI-Rank-Log  2/ 1  9:25:15.  0 ]latency_case874_latency: 160.845 ms
[ AI-Rank-Log  2/ 1  9:25:15.180 ]latency_case875_latency: 162.789 ms
[ AI-Rank-Log  2/ 1  9:25:15.357 ]latency_case876_latency: 163.807 ms
[ AI-Rank-Log  2/ 1  9:25:15.537 ]latency_case877_latency: 162.6 ms
[ AI-Rank-Log  2/ 1  9:25:15.706 ]latency_case878_latency: 161.412 ms
[ AI-Rank-Log  2/ 1  9:25:15.880 ]latency_case879_latency: 158.005 ms
[ AI-Rank-Log  2/ 1  9:25:16. 50 ]latency_case880_latency: 156.346 ms
[ AI-Rank-Log  2/ 1  9:25:16.220 ]latency_case881_latency: 163.103 ms
[ AI-Rank-Log  2/ 1  9:25:16.400 ]latency_case882_latency: 167.235 ms
[ AI-Rank-Log  2/ 1  9:25:16.574 ]latency_case883_latency: 160.851 ms
[ AI-Rank-Log  2/ 1  9:25:16.760 ]latency_case884_latency: 160.752 ms
[ AI-Rank-Log  2/ 1  9:25:16.933 ]latency_case885_latency: 159.047 ms
[ AI-Rank-Log  2/ 1  9:25:17.100 ]latency_case886_latency: 155.06 ms
[ AI-Rank-Log  2/ 1  9:25:17.270 ]latency_case887_latency: 156.588 ms
[ AI-Rank-Log  2/ 1  9:25:17.458 ]latency_case888_latency: 174.728 ms
[ AI-Rank-Log  2/ 1  9:25:17.626 ]latency_case889_latency: 156.247 ms
[ AI-Rank-Log  2/ 1  9:25:17.797 ]latency_case890_latency: 152.868 ms
[ AI-Rank-Log  2/ 1  9:25:17.968 ]latency_case891_latency: 156.695 ms
[ AI-Rank-Log  2/ 1  9:25:18.138 ]latency_case892_latency: 159.523 ms
[ AI-Rank-Log  2/ 1  9:25:18.310 ]latency_case893_latency: 160.165 ms
[ AI-Rank-Log  2/ 1  9:25:18.486 ]latency_case894_latency: 164.635 ms
[ AI-Rank-Log  2/ 1  9:25:18.660 ]latency_case895_latency: 159.41 ms
[ AI-Rank-Log  2/ 1  9:25:18.826 ]latency_case896_latency: 157.504 ms
[ AI-Rank-Log  2/ 1  9:25:19.  3 ]latency_case897_latency: 162.995 ms
[ AI-Rank-Log  2/ 1  9:25:19.183 ]latency_case898_latency: 165.254 ms
[ AI-Rank-Log  2/ 1  9:25:19.360 ]latency_case899_latency: 162.511 ms
[ AI-Rank-Log  2/ 1  9:25:19.554 ]latency_case900_latency: 166.19 ms
[ AI-Rank-Log  2/ 1  9:25:19.733 ]latency_case901_latency: 166.339 ms
[ AI-Rank-Log  2/ 1  9:25:19.910 ]latency_case902_latency: 163.221 ms
[ AI-Rank-Log  2/ 1  9:25:20. 87 ]latency_case903_latency: 159.113 ms
[ AI-Rank-Log  2/ 1  9:25:20.273 ]latency_case904_latency: 166.417 ms
[ AI-Rank-Log  2/ 1  9:25:20.440 ]latency_case905_latency: 153.831 ms
[ AI-Rank-Log  2/ 1  9:25:20.620 ]latency_case906_latency: 167.766 ms
[ AI-Rank-Log  2/ 1  9:25:20.874 ]latency_case907_latency: 161.815 ms
[ AI-Rank-Log  2/ 1  9:25:21. 56 ]latency_case908_latency: 167.42 ms
[ AI-Rank-Log  2/ 1  9:25:21.226 ]latency_case909_latency: 154.974 ms
[ AI-Rank-Log  2/ 1  9:25:21.400 ]latency_case910_latency: 158.02 ms
[ AI-Rank-Log  2/ 1  9:25:21.570 ]latency_case911_latency: 156.377 ms
[ AI-Rank-Log  2/ 1  9:25:21.743 ]latency_case912_latency: 158.631 ms
[ AI-Rank-Log  2/ 1  9:25:21.926 ]latency_case913_latency: 169.857 ms
[ AI-Rank-Log  2/ 1  9:25:22.110 ]latency_case914_latency: 169.818 ms
[ AI-Rank-Log  2/ 1  9:25:22.291 ]latency_case915_latency: 163.785 ms
[ AI-Rank-Log  2/ 1  9:25:22.464 ]latency_case916_latency: 160.913 ms
[ AI-Rank-Log  2/ 1  9:25:22.634 ]latency_case917_latency: 155.14 ms
[ AI-Rank-Log  2/ 1  9:25:22.810 ]latency_case918_latency: 162.571 ms
[ AI-Rank-Log  2/ 1  9:25:22.986 ]latency_case919_latency: 159.014 ms
[ AI-Rank-Log  2/ 1  9:25:23.163 ]latency_case920_latency: 163.027 ms
[ AI-Rank-Log  2/ 1  9:25:23.373 ]latency_case921_latency: 162.041 ms
[ AI-Rank-Log  2/ 1  9:25:23.547 ]latency_case922_latency: 159.547 ms
[ AI-Rank-Log  2/ 1  9:25:23.723 ]latency_case923_latency: 158.478 ms
[ AI-Rank-Log  2/ 1  9:25:23.891 ]latency_case924_latency: 157.942 ms
[ AI-Rank-Log  2/ 1  9:25:24. 63 ]latency_case925_latency: 160.116 ms
[ AI-Rank-Log  2/ 1  9:25:24.231 ]latency_case926_latency: 157.091 ms
[ AI-Rank-Log  2/ 1  9:25:24.396 ]latency_case927_latency: 158.212 ms
[ AI-Rank-Log  2/ 1  9:25:24.571 ]latency_case928_latency: 162.058 ms
[ AI-Rank-Log  2/ 1  9:25:24.743 ]latency_case929_latency: 158.971 ms
[ AI-Rank-Log  2/ 1  9:25:24.913 ]latency_case930_latency: 162.708 ms
[ AI-Rank-Log  2/ 1  9:25:25. 83 ]latency_case931_latency: 157.54 ms
[ AI-Rank-Log  2/ 1  9:25:25.256 ]latency_case932_latency: 158.673 ms
[ AI-Rank-Log  2/ 1  9:25:25.427 ]latency_case933_latency: 158.161 ms
[ AI-Rank-Log  2/ 1  9:25:25.593 ]latency_case934_latency: 152.419 ms
[ AI-Rank-Log  2/ 1  9:25:25.768 ]latency_case935_latency: 159.041 ms
[ AI-Rank-Log  2/ 1  9:25:25.943 ]latency_case936_latency: 161.873 ms
[ AI-Rank-Log  2/ 1  9:25:26.120 ]latency_case937_latency: 162.084 ms
[ AI-Rank-Log  2/ 1  9:25:26.290 ]latency_case938_latency: 158.008 ms
[ AI-Rank-Log  2/ 1  9:25:26.463 ]latency_case939_latency: 157.127 ms
[ AI-Rank-Log  2/ 1  9:25:26.640 ]latency_case940_latency: 160.98 ms
[ AI-Rank-Log  2/ 1  9:25:26.803 ]latency_case941_latency: 155.78 ms
[ AI-Rank-Log  2/ 1  9:25:26.983 ]latency_case942_latency: 164.769 ms
[ AI-Rank-Log  2/ 1  9:25:27.175 ]latency_case943_latency: 172.838 ms
[ AI-Rank-Log  2/ 1  9:25:27.348 ]latency_case944_latency: 160.052 ms
[ AI-Rank-Log  2/ 1  9:25:27.523 ]latency_case945_latency: 160.013 ms
[ AI-Rank-Log  2/ 1  9:25:27.696 ]latency_case946_latency: 161.351 ms
[ AI-Rank-Log  2/ 1  9:25:27.866 ]latency_case947_latency: 156.862 ms
[ AI-Rank-Log  2/ 1  9:25:28. 33 ]latency_case948_latency: 158.937 ms
[ AI-Rank-Log  2/ 1  9:25:28.220 ]latency_case949_latency: 173.05 ms
[ AI-Rank-Log  2/ 1  9:25:28.390 ]latency_case950_latency: 154.5 ms
[ AI-Rank-Log  2/ 1  9:25:28.570 ]latency_case951_latency: 164.884 ms
[ AI-Rank-Log  2/ 1  9:25:28.746 ]latency_case952_latency: 162.218 ms
[ AI-Rank-Log  2/ 1  9:25:28.918 ]latency_case953_latency: 158.595 ms
[ AI-Rank-Log  2/ 1  9:25:29. 96 ]latency_case954_latency: 161.071 ms
[ AI-Rank-Log  2/ 1  9:25:29.266 ]latency_case955_latency: 158.13 ms
[ AI-Rank-Log  2/ 1  9:25:29.444 ]latency_case956_latency: 161.569 ms
[ AI-Rank-Log  2/ 1  9:25:29.620 ]latency_case957_latency: 162.754 ms
[ AI-Rank-Log  2/ 1  9:25:29.790 ]latency_case958_latency: 160.54 ms
[ AI-Rank-Log  2/ 1  9:25:29.976 ]latency_case959_latency: 170.671 ms
[ AI-Rank-Log  2/ 1  9:25:30.146 ]latency_case960_latency: 156.409 ms
[ AI-Rank-Log  2/ 1  9:25:30.321 ]latency_case961_latency: 156.014 ms
[ AI-Rank-Log  2/ 1  9:25:30.496 ]latency_case962_latency: 160.647 ms
[ AI-Rank-Log  2/ 1  9:25:30.674 ]latency_case963_latency: 163.837 ms
[ AI-Rank-Log  2/ 1  9:25:30.840 ]latency_case964_latency: 153.264 ms
[ AI-Rank-Log  2/ 1  9:25:31. 16 ]latency_case965_latency: 162.215 ms
[ AI-Rank-Log  2/ 1  9:25:31.184 ]latency_case966_latency: 156.252 ms
[ AI-Rank-Log  2/ 1  9:25:31.351 ]latency_case967_latency: 153.381 ms
[ AI-Rank-Log  2/ 1  9:25:31.524 ]latency_case968_latency: 155.361 ms
[ AI-Rank-Log  2/ 1  9:25:31.710 ]latency_case969_latency: 158.84 ms
[ AI-Rank-Log  2/ 1  9:25:31.885 ]latency_case970_latency: 161.158 ms
[ AI-Rank-Log  2/ 1  9:25:32. 63 ]latency_case971_latency: 157.7 ms
[ AI-Rank-Log  2/ 1  9:25:32.235 ]latency_case972_latency: 157.158 ms
[ AI-Rank-Log  2/ 1  9:25:32.403 ]latency_case973_latency: 154.245 ms
[ AI-Rank-Log  2/ 1  9:25:32.580 ]latency_case974_latency: 161.838 ms
[ AI-Rank-Log  2/ 1  9:25:32.756 ]latency_case975_latency: 163.254 ms
[ AI-Rank-Log  2/ 1  9:25:32.927 ]latency_case976_latency: 158.213 ms
[ AI-Rank-Log  2/ 1  9:25:33. 97 ]latency_case977_latency: 157.105 ms
[ AI-Rank-Log  2/ 1  9:25:33.271 ]latency_case978_latency: 155.425 ms
[ AI-Rank-Log  2/ 1  9:25:33.440 ]latency_case979_latency: 154.299 ms
[ AI-Rank-Log  2/ 1  9:25:33.606 ]latency_case980_latency: 154.498 ms
[ AI-Rank-Log  2/ 1  9:25:33.780 ]latency_case981_latency: 160.269 ms
[ AI-Rank-Log  2/ 1  9:25:33.970 ]latency_case982_latency: 156.545 ms
[ AI-Rank-Log  2/ 1  9:25:34.143 ]latency_case983_latency: 159.856 ms
[ AI-Rank-Log  2/ 1  9:25:34.313 ]latency_case984_latency: 157.006 ms
[ AI-Rank-Log  2/ 1  9:25:34.483 ]latency_case985_latency: 156.21 ms
[ AI-Rank-Log  2/ 1  9:25:34.670 ]latency_case986_latency: 174.182 ms
[ AI-Rank-Log  2/ 1  9:25:34.841 ]latency_case987_latency: 157.351 ms
[ AI-Rank-Log  2/ 1  9:25:35. 16 ]latency_case988_latency: 159.567 ms
[ AI-Rank-Log  2/ 1  9:25:35.183 ]latency_case989_latency: 154.411 ms
[ AI-Rank-Log  2/ 1  9:25:35.366 ]latency_case990_latency: 170.232 ms
[ AI-Rank-Log  2/ 1  9:25:35.534 ]latency_case991_latency: 156.276 ms
[ AI-Rank-Log  2/ 1  9:25:35.700 ]latency_case992_latency: 154.976 ms
[ AI-Rank-Log  2/ 1  9:25:35.880 ]latency_case993_latency: 160.531 ms
[ AI-Rank-Log  2/ 1  9:25:36. 76 ]latency_case994_latency: 166.67 ms
[ AI-Rank-Log  2/ 1  9:25:36.248 ]latency_case995_latency: 159.436 ms
[ AI-Rank-Log  2/ 1  9:25:36.420 ]latency_case996_latency: 158.117 ms
[ AI-Rank-Log  2/ 1  9:25:36.593 ]latency_case997_latency: 158.029 ms
[ AI-Rank-Log  2/ 1  9:25:36.766 ]latency_case998_latency: 159.307 ms
[ AI-Rank-Log  2/ 1  9:25:36.947 ]latency_case999_latency: 161.295 ms
[ AI-Rank-Log  2/ 1  9:25:37.123 ]latency_case1000_latency: 159.149 ms
[ AI-Rank-Log  2/ 1  9:25:37.123 ]Num evaluation runs: 1000
[ AI-Rank-Log  2/ 1  9:25:37.123 ]90th_percentile_latency: 166.104ms, min_latency: 148.63ms, max_latency: 177.707ms
[ AI-Rank-Log  2/ 1  9:25:37.123 ]Test end
