[ AI-Rank-Log  4/ 8 16:31:12.915 ]load ground_truth_images, checksum: 91c001caf4bca3a9cf27e3ed45adf96
[ AI-Rank-Log  4/ 8 16:31:12.915 ]image_path: /data/local/tmp/AI-RANK/tf_lite_image_classify/ILSVRC2012_1000_cls
[ AI-Rank-Log  4/ 8 16:31:12.923 ]XNNPACK delegate is created.
[ AI-Rank-Log  4/ 8 16:31:12.953 ]Test begin
[ AI-Rank-Log  4/ 8 16:31:13. 81 ]latency_case1_latency: 115.897 ms
[ AI-Rank-Log  4/ 8 16:31:13.194 ]latency_case2_latency: 108.13 ms
[ AI-Rank-Log  4/ 8 16:31:13.329 ]latency_case3_latency: 111.047 ms
[ AI-Rank-Log  4/ 8 16:31:13.449 ]latency_case4_latency: 109.583 ms
[ AI-Rank-Log  4/ 8 16:31:13.571 ]latency_case5_latency: 110.37 ms
[ AI-Rank-Log  4/ 8 16:31:13.699 ]latency_case6_latency: 112.545 ms
[ AI-Rank-Log  4/ 8 16:31:13.820 ]latency_case7_latency: 108.822 ms
[ AI-Rank-Log  4/ 8 16:31:13.942 ]latency_case8_latency: 109.346 ms
[ AI-Rank-Log  4/ 8 16:31:14. 69 ]latency_case9_latency: 113.141 ms
[ AI-Rank-Log  4/ 8 16:31:14.191 ]latency_case10_latency: 110.289 ms
[ AI-Rank-Log  4/ 8 16:31:14.312 ]latency_case11_latency: 109.986 ms
[ AI-Rank-Log  4/ 8 16:31:14.431 ]latency_case12_latency: 109.453 ms
[ AI-Rank-Log  4/ 8 16:31:14.542 ]latency_case13_latency: 108.03 ms
[ AI-Rank-Log  4/ 8 16:31:14.662 ]latency_case14_latency: 107.951 ms
[ AI-Rank-Log  4/ 8 16:31:14.779 ]latency_case15_latency: 110.216 ms
[ AI-Rank-Log  4/ 8 16:31:14.899 ]latency_case16_latency: 109.581 ms
[ AI-Rank-Log  4/ 8 16:31:15. 20 ]latency_case17_latency: 109.692 ms
[ AI-Rank-Log  4/ 8 16:31:15.141 ]latency_case18_latency: 109.373 ms
[ AI-Rank-Log  4/ 8 16:31:15.263 ]latency_case19_latency: 109.986 ms
[ AI-Rank-Log  4/ 8 16:31:15.384 ]latency_case20_latency: 109.139 ms
[ AI-Rank-Log  4/ 8 16:31:15.504 ]latency_case21_latency: 107.94 ms
[ AI-Rank-Log  4/ 8 16:31:15.625 ]latency_case22_latency: 109.134 ms
[ AI-Rank-Log  4/ 8 16:31:15.744 ]latency_case23_latency: 108.111 ms
[ AI-Rank-Log  4/ 8 16:31:15.868 ]latency_case24_latency: 109.631 ms
[ AI-Rank-Log  4/ 8 16:31:15.988 ]latency_case25_latency: 109.977 ms
[ AI-Rank-Log  4/ 8 16:31:16.110 ]latency_case26_latency: 111.112 ms
[ AI-Rank-Log  4/ 8 16:31:16.228 ]latency_case27_latency: 109.537 ms
[ AI-Rank-Log  4/ 8 16:31:16.350 ]latency_case28_latency: 109.312 ms
[ AI-Rank-Log  4/ 8 16:31:16.471 ]latency_case29_latency: 109.769 ms
[ AI-Rank-Log  4/ 8 16:31:16.592 ]latency_case30_latency: 110.32 ms
[ AI-Rank-Log  4/ 8 16:31:16.711 ]latency_case31_latency: 109.508 ms
[ AI-Rank-Log  4/ 8 16:31:16.834 ]latency_case32_latency: 109.624 ms
[ AI-Rank-Log  4/ 8 16:31:16.953 ]latency_case33_latency: 108.449 ms
[ AI-Rank-Log  4/ 8 16:31:17. 73 ]latency_case34_latency: 108.77 ms
[ AI-Rank-Log  4/ 8 16:31:17.198 ]latency_case35_latency: 111.574 ms
[ AI-Rank-Log  4/ 8 16:31:17.320 ]latency_case36_latency: 109.422 ms
[ AI-Rank-Log  4/ 8 16:31:17.440 ]latency_case37_latency: 109.048 ms
[ AI-Rank-Log  4/ 8 16:31:17.561 ]latency_case38_latency: 108.62 ms
[ AI-Rank-Log  4/ 8 16:31:17.683 ]latency_case39_latency: 111.58 ms
[ AI-Rank-Log  4/ 8 16:31:17.810 ]latency_case40_latency: 110.364 ms
[ AI-Rank-Log  4/ 8 16:31:17.932 ]latency_case41_latency: 111.012 ms
[ AI-Rank-Log  4/ 8 16:31:18. 50 ]latency_case42_latency: 108.706 ms
[ AI-Rank-Log  4/ 8 16:31:18.170 ]latency_case43_latency: 110.003 ms
[ AI-Rank-Log  4/ 8 16:31:18.291 ]latency_case44_latency: 109.348 ms
[ AI-Rank-Log  4/ 8 16:31:18.410 ]latency_case45_latency: 109.717 ms
[ AI-Rank-Log  4/ 8 16:31:18.531 ]latency_case46_latency: 111.31 ms
[ AI-Rank-Log  4/ 8 16:31:18.652 ]latency_case47_latency: 109.658 ms
[ AI-Rank-Log  4/ 8 16:31:18.779 ]latency_case48_latency: 113.322 ms
[ AI-Rank-Log  4/ 8 16:31:18.953 ]latency_case49_latency: 109.351 ms
[ AI-Rank-Log  4/ 8 16:31:19. 73 ]latency_case50_latency: 108.501 ms
[ AI-Rank-Log  4/ 8 16:31:19.194 ]latency_case51_latency: 108.454 ms
[ AI-Rank-Log  4/ 8 16:31:19.318 ]latency_case52_latency: 109.458 ms
[ AI-Rank-Log  4/ 8 16:31:19.442 ]latency_case53_latency: 108.638 ms
[ AI-Rank-Log  4/ 8 16:31:19.562 ]latency_case54_latency: 108.9 ms
[ AI-Rank-Log  4/ 8 16:31:19.681 ]latency_case55_latency: 109.19 ms
[ AI-Rank-Log  4/ 8 16:31:19.801 ]latency_case56_latency: 108.826 ms
[ AI-Rank-Log  4/ 8 16:31:19.924 ]latency_case57_latency: 109.663 ms
[ AI-Rank-Log  4/ 8 16:31:20. 51 ]latency_case58_latency: 110.188 ms
[ AI-Rank-Log  4/ 8 16:31:20.178 ]latency_case59_latency: 111.259 ms
[ AI-Rank-Log  4/ 8 16:31:20.301 ]latency_case60_latency: 110.456 ms
[ AI-Rank-Log  4/ 8 16:31:20.422 ]latency_case61_latency: 110.549 ms
[ AI-Rank-Log  4/ 8 16:31:20.543 ]latency_case62_latency: 109.716 ms
[ AI-Rank-Log  4/ 8 16:31:20.657 ]latency_case63_latency: 109.879 ms
[ AI-Rank-Log  4/ 8 16:31:20.779 ]latency_case64_latency: 110.279 ms
[ AI-Rank-Log  4/ 8 16:31:20.900 ]latency_case65_latency: 109.933 ms
[ AI-Rank-Log  4/ 8 16:31:21. 20 ]latency_case66_latency: 110.582 ms
[ AI-Rank-Log  4/ 8 16:31:21.143 ]latency_case67_latency: 110.034 ms
[ AI-Rank-Log  4/ 8 16:31:21.262 ]latency_case68_latency: 107.891 ms
[ AI-Rank-Log  4/ 8 16:31:21.390 ]latency_case69_latency: 109.905 ms
[ AI-Rank-Log  4/ 8 16:31:21.510 ]latency_case70_latency: 109.739 ms
[ AI-Rank-Log  4/ 8 16:31:21.633 ]latency_case71_latency: 109.723 ms
[ AI-Rank-Log  4/ 8 16:31:21.753 ]latency_case72_latency: 109.905 ms
[ AI-Rank-Log  4/ 8 16:31:21.878 ]latency_case73_latency: 111.125 ms
[ AI-Rank-Log  4/ 8 16:31:21.999 ]latency_case74_latency: 109.799 ms
[ AI-Rank-Log  4/ 8 16:31:22.119 ]latency_case75_latency: 110.625 ms
[ AI-Rank-Log  4/ 8 16:31:22.240 ]latency_case76_latency: 109.783 ms
[ AI-Rank-Log  4/ 8 16:31:22.363 ]latency_case77_latency: 111.241 ms
[ AI-Rank-Log  4/ 8 16:31:22.483 ]latency_case78_latency: 108.586 ms
[ AI-Rank-Log  4/ 8 16:31:22.610 ]latency_case79_latency: 111.484 ms
[ AI-Rank-Log  4/ 8 16:31:22.728 ]latency_case80_latency: 110.163 ms
[ AI-Rank-Log  4/ 8 16:31:22.850 ]latency_case81_latency: 111.141 ms
[ AI-Rank-Log  4/ 8 16:31:22.972 ]latency_case82_latency: 109.505 ms
[ AI-Rank-Log  4/ 8 16:31:23. 98 ]latency_case83_latency: 112.434 ms
[ AI-Rank-Log  4/ 8 16:31:23.221 ]latency_case84_latency: 109.462 ms
[ AI-Rank-Log  4/ 8 16:31:23.343 ]latency_case85_latency: 108.656 ms
[ AI-Rank-Log  4/ 8 16:31:23.464 ]latency_case86_latency: 108.566 ms
[ AI-Rank-Log  4/ 8 16:31:23.583 ]latency_case87_latency: 109.389 ms
[ AI-Rank-Log  4/ 8 16:31:23.704 ]latency_case88_latency: 108.469 ms
[ AI-Rank-Log  4/ 8 16:31:23.819 ]latency_case89_latency: 108.826 ms
[ AI-Rank-Log  4/ 8 16:31:23.939 ]latency_case90_latency: 110.72 ms
[ AI-Rank-Log  4/ 8 16:31:24. 59 ]latency_case91_latency: 110.619 ms
[ AI-Rank-Log  4/ 8 16:31:24.181 ]latency_case92_latency: 109.784 ms
[ AI-Rank-Log  4/ 8 16:31:24.309 ]latency_case93_latency: 113.147 ms
[ AI-Rank-Log  4/ 8 16:31:24.431 ]latency_case94_latency: 110.141 ms
[ AI-Rank-Log  4/ 8 16:31:24.552 ]latency_case95_latency: 109.722 ms
[ AI-Rank-Log  4/ 8 16:31:24.673 ]latency_case96_latency: 109.68 ms
[ AI-Rank-Log  4/ 8 16:31:24.791 ]latency_case97_latency: 109.928 ms
[ AI-Rank-Log  4/ 8 16:31:24.920 ]latency_case98_latency: 112.888 ms
[ AI-Rank-Log  4/ 8 16:31:25. 39 ]latency_case99_latency: 109.553 ms
[ AI-Rank-Log  4/ 8 16:31:25.160 ]latency_case100_latency: 109.621 ms
[ AI-Rank-Log  4/ 8 16:31:25.291 ]latency_case101_latency: 109.699 ms
[ AI-Rank-Log  4/ 8 16:31:25.413 ]latency_case102_latency: 110.714 ms
[ AI-Rank-Log  4/ 8 16:31:25.533 ]latency_case103_latency: 109.905 ms
[ AI-Rank-Log  4/ 8 16:31:25.654 ]latency_case104_latency: 108.088 ms
[ AI-Rank-Log  4/ 8 16:31:25.778 ]latency_case105_latency: 111.122 ms
[ AI-Rank-Log  4/ 8 16:31:25.893 ]latency_case106_latency: 109.357 ms
[ AI-Rank-Log  4/ 8 16:31:26. 20 ]latency_case107_latency: 111.141 ms
[ AI-Rank-Log  4/ 8 16:31:26.142 ]latency_case108_latency: 110.276 ms
[ AI-Rank-Log  4/ 8 16:31:26.261 ]latency_case109_latency: 109.647 ms
[ AI-Rank-Log  4/ 8 16:31:26.384 ]latency_case110_latency: 108.909 ms
[ AI-Rank-Log  4/ 8 16:31:26.501 ]latency_case111_latency: 108.999 ms
[ AI-Rank-Log  4/ 8 16:31:26.623 ]latency_case112_latency: 108.707 ms
[ AI-Rank-Log  4/ 8 16:31:26.740 ]latency_case113_latency: 108.47 ms
[ AI-Rank-Log  4/ 8 16:31:26.862 ]latency_case114_latency: 110.04 ms
[ AI-Rank-Log  4/ 8 16:31:26.989 ]latency_case115_latency: 112.997 ms
[ AI-Rank-Log  4/ 8 16:31:27.109 ]latency_case116_latency: 112.002 ms
[ AI-Rank-Log  4/ 8 16:31:27.229 ]latency_case117_latency: 111.401 ms
[ AI-Rank-Log  4/ 8 16:31:27.351 ]latency_case118_latency: 109.478 ms
[ AI-Rank-Log  4/ 8 16:31:27.472 ]latency_case119_latency: 109.387 ms
[ AI-Rank-Log  4/ 8 16:31:27.593 ]latency_case120_latency: 108.055 ms
[ AI-Rank-Log  4/ 8 16:31:27.714 ]latency_case121_latency: 109.749 ms
[ AI-Rank-Log  4/ 8 16:31:27.839 ]latency_case122_latency: 110.797 ms
[ AI-Rank-Log  4/ 8 16:31:27.960 ]latency_case123_latency: 109.994 ms
[ AI-Rank-Log  4/ 8 16:31:28. 80 ]latency_case124_latency: 109.538 ms
[ AI-Rank-Log  4/ 8 16:31:28.201 ]latency_case125_latency: 109.093 ms
[ AI-Rank-Log  4/ 8 16:31:28.323 ]latency_case126_latency: 109.256 ms
[ AI-Rank-Log  4/ 8 16:31:28.449 ]latency_case127_latency: 111.064 ms
[ AI-Rank-Log  4/ 8 16:31:28.571 ]latency_case128_latency: 110.387 ms
[ AI-Rank-Log  4/ 8 16:31:28.693 ]latency_case129_latency: 110.36 ms
[ AI-Rank-Log  4/ 8 16:31:28.812 ]latency_case130_latency: 109.294 ms
[ AI-Rank-Log  4/ 8 16:31:28.939 ]latency_case131_latency: 111.372 ms
[ AI-Rank-Log  4/ 8 16:31:29. 61 ]latency_case132_latency: 109.515 ms
[ AI-Rank-Log  4/ 8 16:31:29.182 ]latency_case133_latency: 110.009 ms
[ AI-Rank-Log  4/ 8 16:31:29.309 ]latency_case134_latency: 110.155 ms
[ AI-Rank-Log  4/ 8 16:31:29.429 ]latency_case135_latency: 110.225 ms
[ AI-Rank-Log  4/ 8 16:31:29.552 ]latency_case136_latency: 109.208 ms
[ AI-Rank-Log  4/ 8 16:31:29.674 ]latency_case137_latency: 109.292 ms
[ AI-Rank-Log  4/ 8 16:31:29.793 ]latency_case138_latency: 108.72 ms
[ AI-Rank-Log  4/ 8 16:31:29.916 ]latency_case139_latency: 110.297 ms
[ AI-Rank-Log  4/ 8 16:31:30. 33 ]latency_case140_latency: 108.294 ms
[ AI-Rank-Log  4/ 8 16:31:30.159 ]latency_case141_latency: 112.791 ms
[ AI-Rank-Log  4/ 8 16:31:30.282 ]latency_case142_latency: 109.348 ms
[ AI-Rank-Log  4/ 8 16:31:30.409 ]latency_case143_latency: 112.293 ms
[ AI-Rank-Log  4/ 8 16:31:30.530 ]latency_case144_latency: 110.22 ms
[ AI-Rank-Log  4/ 8 16:31:30.652 ]latency_case145_latency: 109.647 ms
[ AI-Rank-Log  4/ 8 16:31:30.788 ]latency_case146_latency: 107.16 ms
[ AI-Rank-Log  4/ 8 16:31:30.924 ]latency_case147_latency: 109.906 ms
[ AI-Rank-Log  4/ 8 16:31:31. 47 ]latency_case148_latency: 111.202 ms
[ AI-Rank-Log  4/ 8 16:31:31.169 ]latency_case149_latency: 110.703 ms
[ AI-Rank-Log  4/ 8 16:31:31.288 ]latency_case150_latency: 109.907 ms
[ AI-Rank-Log  4/ 8 16:31:31.409 ]latency_case151_latency: 109.762 ms
[ AI-Rank-Log  4/ 8 16:31:31.532 ]latency_case152_latency: 109.231 ms
[ AI-Rank-Log  4/ 8 16:31:31.653 ]latency_case153_latency: 108.961 ms
[ AI-Rank-Log  4/ 8 16:31:31.774 ]latency_case154_latency: 109.295 ms
[ AI-Rank-Log  4/ 8 16:31:31.894 ]latency_case155_latency: 108.687 ms
[ AI-Rank-Log  4/ 8 16:31:32. 14 ]latency_case156_latency: 109.158 ms
[ AI-Rank-Log  4/ 8 16:31:32.133 ]latency_case157_latency: 107.756 ms
[ AI-Rank-Log  4/ 8 16:31:32.252 ]latency_case158_latency: 109.883 ms
[ AI-Rank-Log  4/ 8 16:31:32.379 ]latency_case159_latency: 109.11 ms
[ AI-Rank-Log  4/ 8 16:31:32.500 ]latency_case160_latency: 109.775 ms
[ AI-Rank-Log  4/ 8 16:31:32.623 ]latency_case161_latency: 108.327 ms
[ AI-Rank-Log  4/ 8 16:31:32.742 ]latency_case162_latency: 108.492 ms
[ AI-Rank-Log  4/ 8 16:31:32.862 ]latency_case163_latency: 109.203 ms
[ AI-Rank-Log  4/ 8 16:31:32.989 ]latency_case164_latency: 113.395 ms
[ AI-Rank-Log  4/ 8 16:31:33.110 ]latency_case165_latency: 108.974 ms
[ AI-Rank-Log  4/ 8 16:31:33.358 ]latency_case166_latency: 107.475 ms
[ AI-Rank-Log  4/ 8 16:31:33.480 ]latency_case167_latency: 110.569 ms
[ AI-Rank-Log  4/ 8 16:31:33.602 ]latency_case168_latency: 109.779 ms
[ AI-Rank-Log  4/ 8 16:31:33.729 ]latency_case169_latency: 113.048 ms
[ AI-Rank-Log  4/ 8 16:31:33.850 ]latency_case170_latency: 110.305 ms
[ AI-Rank-Log  4/ 8 16:31:33.969 ]latency_case171_latency: 109.837 ms
[ AI-Rank-Log  4/ 8 16:31:34. 89 ]latency_case172_latency: 110.471 ms
[ AI-Rank-Log  4/ 8 16:31:34.211 ]latency_case173_latency: 109.333 ms
[ AI-Rank-Log  4/ 8 16:31:34.332 ]latency_case174_latency: 109.837 ms
[ AI-Rank-Log  4/ 8 16:31:34.459 ]latency_case175_latency: 112.054 ms
[ AI-Rank-Log  4/ 8 16:31:34.580 ]latency_case176_latency: 110.214 ms
[ AI-Rank-Log  4/ 8 16:31:34.701 ]latency_case177_latency: 107.705 ms
[ AI-Rank-Log  4/ 8 16:31:34.822 ]latency_case178_latency: 109.811 ms
[ AI-Rank-Log  4/ 8 16:31:34.943 ]latency_case179_latency: 109.115 ms
[ AI-Rank-Log  4/ 8 16:31:35. 64 ]latency_case180_latency: 109.111 ms
[ AI-Rank-Log  4/ 8 16:31:35.189 ]latency_case181_latency: 111.543 ms
[ AI-Rank-Log  4/ 8 16:31:35.309 ]latency_case182_latency: 109.901 ms
[ AI-Rank-Log  4/ 8 16:31:35.432 ]latency_case183_latency: 109.563 ms
[ AI-Rank-Log  4/ 8 16:31:35.552 ]latency_case184_latency: 109.835 ms
[ AI-Rank-Log  4/ 8 16:31:35.678 ]latency_case185_latency: 112.406 ms
[ AI-Rank-Log  4/ 8 16:31:35.800 ]latency_case186_latency: 110.222 ms
[ AI-Rank-Log  4/ 8 16:31:35.924 ]latency_case187_latency: 108.687 ms
[ AI-Rank-Log  4/ 8 16:31:36. 49 ]latency_case188_latency: 113.559 ms
[ AI-Rank-Log  4/ 8 16:31:36.179 ]latency_case189_latency: 110.672 ms
[ AI-Rank-Log  4/ 8 16:31:36.299 ]latency_case190_latency: 109.392 ms
[ AI-Rank-Log  4/ 8 16:31:36.419 ]latency_case191_latency: 110.316 ms
[ AI-Rank-Log  4/ 8 16:31:36.540 ]latency_case192_latency: 108.663 ms
[ AI-Rank-Log  4/ 8 16:31:36.670 ]latency_case193_latency: 107.504 ms
[ AI-Rank-Log  4/ 8 16:31:36.784 ]latency_case194_latency: 107.134 ms
[ AI-Rank-Log  4/ 8 16:31:36.904 ]latency_case195_latency: 108.831 ms
[ AI-Rank-Log  4/ 8 16:31:37. 29 ]latency_case196_latency: 112.229 ms
[ AI-Rank-Log  4/ 8 16:31:37.152 ]latency_case197_latency: 109.573 ms
[ AI-Rank-Log  4/ 8 16:31:37.274 ]latency_case198_latency: 109.281 ms
[ AI-Rank-Log  4/ 8 16:31:37.393 ]latency_case199_latency: 109.193 ms
[ AI-Rank-Log  4/ 8 16:31:37.513 ]latency_case200_latency: 108.577 ms
[ AI-Rank-Log  4/ 8 16:31:37.633 ]latency_case201_latency: 107.948 ms
[ AI-Rank-Log  4/ 8 16:31:37.753 ]latency_case202_latency: 109.127 ms
[ AI-Rank-Log  4/ 8 16:31:37.870 ]latency_case203_latency: 108.766 ms
[ AI-Rank-Log  4/ 8 16:31:37.991 ]latency_case204_latency: 110.4 ms
[ AI-Rank-Log  4/ 8 16:31:38.114 ]latency_case205_latency: 110.173 ms
[ AI-Rank-Log  4/ 8 16:31:38.234 ]latency_case206_latency: 108.498 ms
[ AI-Rank-Log  4/ 8 16:31:38.359 ]latency_case207_latency: 111.565 ms
[ AI-Rank-Log  4/ 8 16:31:38.481 ]latency_case208_latency: 110.466 ms
[ AI-Rank-Log  4/ 8 16:31:38.602 ]latency_case209_latency: 110.14 ms
[ AI-Rank-Log  4/ 8 16:31:38.720 ]latency_case210_latency: 109.077 ms
[ AI-Rank-Log  4/ 8 16:31:38.840 ]latency_case211_latency: 111.112 ms
[ AI-Rank-Log  4/ 8 16:31:38.961 ]latency_case212_latency: 109.757 ms
[ AI-Rank-Log  4/ 8 16:31:39. 81 ]latency_case213_latency: 108.968 ms
[ AI-Rank-Log  4/ 8 16:31:39.198 ]latency_case214_latency: 111.703 ms
[ AI-Rank-Log  4/ 8 16:31:39.322 ]latency_case215_latency: 110.133 ms
[ AI-Rank-Log  4/ 8 16:31:39.454 ]latency_case216_latency: 106.92 ms
[ AI-Rank-Log  4/ 8 16:31:39.574 ]latency_case217_latency: 107.573 ms
[ AI-Rank-Log  4/ 8 16:31:39.698 ]latency_case218_latency: 111.012 ms
[ AI-Rank-Log  4/ 8 16:31:39.819 ]latency_case219_latency: 110.226 ms
[ AI-Rank-Log  4/ 8 16:31:39.941 ]latency_case220_latency: 109.222 ms
[ AI-Rank-Log  4/ 8 16:31:40. 68 ]latency_case221_latency: 112.077 ms
[ AI-Rank-Log  4/ 8 16:31:40.191 ]latency_case222_latency: 109.953 ms
[ AI-Rank-Log  4/ 8 16:31:40.312 ]latency_case223_latency: 109.732 ms
[ AI-Rank-Log  4/ 8 16:31:40.435 ]latency_case224_latency: 110.669 ms
[ AI-Rank-Log  4/ 8 16:31:40.558 ]latency_case225_latency: 111.225 ms
[ AI-Rank-Log  4/ 8 16:31:40.679 ]latency_case226_latency: 110.584 ms
[ AI-Rank-Log  4/ 8 16:31:40.801 ]latency_case227_latency: 111.004 ms
[ AI-Rank-Log  4/ 8 16:31:40.921 ]latency_case228_latency: 110.267 ms
[ AI-Rank-Log  4/ 8 16:31:41. 41 ]latency_case229_latency: 109.555 ms
[ AI-Rank-Log  4/ 8 16:31:41.161 ]latency_case230_latency: 107.672 ms
[ AI-Rank-Log  4/ 8 16:31:41.283 ]latency_case231_latency: 108.785 ms
[ AI-Rank-Log  4/ 8 16:31:41.404 ]latency_case232_latency: 109.534 ms
[ AI-Rank-Log  4/ 8 16:31:41.522 ]latency_case233_latency: 108.548 ms
[ AI-Rank-Log  4/ 8 16:31:41.643 ]latency_case234_latency: 109.915 ms
[ AI-Rank-Log  4/ 8 16:31:41.766 ]latency_case235_latency: 109.278 ms
[ AI-Rank-Log  4/ 8 16:31:41.890 ]latency_case236_latency: 109.198 ms
[ AI-Rank-Log  4/ 8 16:31:42. 11 ]latency_case237_latency: 108.502 ms
[ AI-Rank-Log  4/ 8 16:31:42.132 ]latency_case238_latency: 109.5 ms
[ AI-Rank-Log  4/ 8 16:31:42.251 ]latency_case239_latency: 109.135 ms
[ AI-Rank-Log  4/ 8 16:31:42.372 ]latency_case240_latency: 108.975 ms
[ AI-Rank-Log  4/ 8 16:31:42.493 ]latency_case241_latency: 110.961 ms
[ AI-Rank-Log  4/ 8 16:31:42.619 ]latency_case242_latency: 110.64 ms
[ AI-Rank-Log  4/ 8 16:31:42.741 ]latency_case243_latency: 108.497 ms
[ AI-Rank-Log  4/ 8 16:31:42.860 ]latency_case244_latency: 110.088 ms
[ AI-Rank-Log  4/ 8 16:31:42.980 ]latency_case245_latency: 109.223 ms
[ AI-Rank-Log  4/ 8 16:31:43.102 ]latency_case246_latency: 109.032 ms
[ AI-Rank-Log  4/ 8 16:31:43.347 ]latency_case247_latency: 107.737 ms
[ AI-Rank-Log  4/ 8 16:31:43.468 ]latency_case248_latency: 109.099 ms
[ AI-Rank-Log  4/ 8 16:31:43.592 ]latency_case249_latency: 108.893 ms
[ AI-Rank-Log  4/ 8 16:31:43.711 ]latency_case250_latency: 108.68 ms
[ AI-Rank-Log  4/ 8 16:31:43.829 ]latency_case251_latency: 112.417 ms
[ AI-Rank-Log  4/ 8 16:31:43.952 ]latency_case252_latency: 109.866 ms
[ AI-Rank-Log  4/ 8 16:31:44. 69 ]latency_case253_latency: 108.77 ms
[ AI-Rank-Log  4/ 8 16:31:44.192 ]latency_case254_latency: 109.759 ms
[ AI-Rank-Log  4/ 8 16:31:44.313 ]latency_case255_latency: 109.659 ms
[ AI-Rank-Log  4/ 8 16:31:44.433 ]latency_case256_latency: 109.657 ms
[ AI-Rank-Log  4/ 8 16:31:44.558 ]latency_case257_latency: 112.29 ms
[ AI-Rank-Log  4/ 8 16:31:44.679 ]latency_case258_latency: 109.686 ms
[ AI-Rank-Log  4/ 8 16:31:44.800 ]latency_case259_latency: 109.76 ms
[ AI-Rank-Log  4/ 8 16:31:44.920 ]latency_case260_latency: 109.684 ms
[ AI-Rank-Log  4/ 8 16:31:45. 41 ]latency_case261_latency: 110.06 ms
[ AI-Rank-Log  4/ 8 16:31:45.169 ]latency_case262_latency: 113.611 ms
[ AI-Rank-Log  4/ 8 16:31:45.290 ]latency_case263_latency: 109.739 ms
[ AI-Rank-Log  4/ 8 16:31:45.412 ]latency_case264_latency: 109.723 ms
[ AI-Rank-Log  4/ 8 16:31:45.538 ]latency_case265_latency: 111.975 ms
[ AI-Rank-Log  4/ 8 16:31:45.940 ]latency_case266_latency: 111.73 ms
[ AI-Rank-Log  4/ 8 16:31:46. 61 ]latency_case267_latency: 110.001 ms
[ AI-Rank-Log  4/ 8 16:31:46.182 ]latency_case268_latency: 109.806 ms
[ AI-Rank-Log  4/ 8 16:31:46.303 ]latency_case269_latency: 111.372 ms
[ AI-Rank-Log  4/ 8 16:31:46.421 ]latency_case270_latency: 109.774 ms
[ AI-Rank-Log  4/ 8 16:31:46.542 ]latency_case271_latency: 110.032 ms
[ AI-Rank-Log  4/ 8 16:31:46.663 ]latency_case272_latency: 110.449 ms
[ AI-Rank-Log  4/ 8 16:31:46.782 ]latency_case273_latency: 109.114 ms
[ AI-Rank-Log  4/ 8 16:31:46.903 ]latency_case274_latency: 109.8 ms
[ AI-Rank-Log  4/ 8 16:31:47. 24 ]latency_case275_latency: 109.299 ms
[ AI-Rank-Log  4/ 8 16:31:47.143 ]latency_case276_latency: 109.67 ms
[ AI-Rank-Log  4/ 8 16:31:47.262 ]latency_case277_latency: 108.677 ms
[ AI-Rank-Log  4/ 8 16:31:47.384 ]latency_case278_latency: 109.609 ms
[ AI-Rank-Log  4/ 8 16:31:47.508 ]latency_case279_latency: 111.778 ms
[ AI-Rank-Log  4/ 8 16:31:47.631 ]latency_case280_latency: 110.621 ms
[ AI-Rank-Log  4/ 8 16:31:47.751 ]latency_case281_latency: 109.354 ms
[ AI-Rank-Log  4/ 8 16:31:47.863 ]latency_case282_latency: 107.456 ms
[ AI-Rank-Log  4/ 8 16:31:47.984 ]latency_case283_latency: 110.318 ms
[ AI-Rank-Log  4/ 8 16:31:48.103 ]latency_case284_latency: 108.484 ms
[ AI-Rank-Log  4/ 8 16:31:48.222 ]latency_case285_latency: 108.64 ms
[ AI-Rank-Log  4/ 8 16:31:48.343 ]latency_case286_latency: 108.494 ms
[ AI-Rank-Log  4/ 8 16:31:48.463 ]latency_case287_latency: 109.473 ms
[ AI-Rank-Log  4/ 8 16:31:48.588 ]latency_case288_latency: 112.036 ms
[ AI-Rank-Log  4/ 8 16:31:48.709 ]latency_case289_latency: 111.359 ms
[ AI-Rank-Log  4/ 8 16:31:48.833 ]latency_case290_latency: 108.856 ms
[ AI-Rank-Log  4/ 8 16:31:48.952 ]latency_case291_latency: 108.712 ms
[ AI-Rank-Log  4/ 8 16:31:49. 73 ]latency_case292_latency: 110.041 ms
[ AI-Rank-Log  4/ 8 16:31:49.193 ]latency_case293_latency: 109.12 ms
[ AI-Rank-Log  4/ 8 16:31:49.312 ]latency_case294_latency: 108.846 ms
[ AI-Rank-Log  4/ 8 16:31:49.437 ]latency_case295_latency: 111.509 ms
[ AI-Rank-Log  4/ 8 16:31:49.559 ]latency_case296_latency: 111.506 ms
[ AI-Rank-Log  4/ 8 16:31:49.679 ]latency_case297_latency: 108.692 ms
[ AI-Rank-Log  4/ 8 16:31:49.801 ]latency_case298_latency: 109.852 ms
[ AI-Rank-Log  4/ 8 16:31:49.923 ]latency_case299_latency: 108.906 ms
[ AI-Rank-Log  4/ 8 16:31:50. 43 ]latency_case300_latency: 109.772 ms
[ AI-Rank-Log  4/ 8 16:31:50.164 ]latency_case301_latency: 109.218 ms
[ AI-Rank-Log  4/ 8 16:31:50.283 ]latency_case302_latency: 109.61 ms
[ AI-Rank-Log  4/ 8 16:31:50.399 ]latency_case303_latency: 110.437 ms
[ AI-Rank-Log  4/ 8 16:31:50.521 ]latency_case304_latency: 111 ms
[ AI-Rank-Log  4/ 8 16:31:50.643 ]latency_case305_latency: 108.965 ms
[ AI-Rank-Log  4/ 8 16:31:50.763 ]latency_case306_latency: 108.826 ms
[ AI-Rank-Log  4/ 8 16:31:50.888 ]latency_case307_latency: 111.991 ms
[ AI-Rank-Log  4/ 8 16:31:51. 11 ]latency_case308_latency: 109.936 ms
[ AI-Rank-Log  4/ 8 16:31:51.130 ]latency_case309_latency: 109.797 ms
[ AI-Rank-Log  4/ 8 16:31:51.251 ]latency_case310_latency: 110.555 ms
[ AI-Rank-Log  4/ 8 16:31:51.370 ]latency_case311_latency: 109.483 ms
[ AI-Rank-Log  4/ 8 16:31:51.491 ]latency_case312_latency: 110.41 ms
[ AI-Rank-Log  4/ 8 16:31:51.619 ]latency_case313_latency: 110.205 ms
[ AI-Rank-Log  4/ 8 16:31:51.740 ]latency_case314_latency: 108.936 ms
[ AI-Rank-Log  4/ 8 16:31:51.859 ]latency_case315_latency: 110.399 ms
[ AI-Rank-Log  4/ 8 16:31:51.982 ]latency_case316_latency: 109.709 ms
[ AI-Rank-Log  4/ 8 16:31:52.104 ]latency_case317_latency: 109.002 ms
[ AI-Rank-Log  4/ 8 16:31:52.223 ]latency_case318_latency: 110.475 ms
[ AI-Rank-Log  4/ 8 16:31:52.344 ]latency_case319_latency: 108.239 ms
[ AI-Rank-Log  4/ 8 16:31:52.469 ]latency_case320_latency: 111.787 ms
[ AI-Rank-Log  4/ 8 16:31:52.589 ]latency_case321_latency: 110.837 ms
[ AI-Rank-Log  4/ 8 16:31:52.710 ]latency_case322_latency: 111.533 ms
[ AI-Rank-Log  4/ 8 16:31:52.832 ]latency_case323_latency: 109.136 ms
[ AI-Rank-Log  4/ 8 16:31:52.952 ]latency_case324_latency: 108.6 ms
[ AI-Rank-Log  4/ 8 16:31:53. 79 ]latency_case325_latency: 110.395 ms
[ AI-Rank-Log  4/ 8 16:31:53.199 ]latency_case326_latency: 110.021 ms
[ AI-Rank-Log  4/ 8 16:31:53.321 ]latency_case327_latency: 108.844 ms
[ AI-Rank-Log  4/ 8 16:31:53.449 ]latency_case328_latency: 112.205 ms
[ AI-Rank-Log  4/ 8 16:31:53.571 ]latency_case329_latency: 109.388 ms
[ AI-Rank-Log  4/ 8 16:31:53.693 ]latency_case330_latency: 110.818 ms
[ AI-Rank-Log  4/ 8 16:31:53.818 ]latency_case331_latency: 112.16 ms
[ AI-Rank-Log  4/ 8 16:31:53.940 ]latency_case332_latency: 110.274 ms
[ AI-Rank-Log  4/ 8 16:31:54. 62 ]latency_case333_latency: 109.799 ms
[ AI-Rank-Log  4/ 8 16:31:54.184 ]latency_case334_latency: 108.418 ms
[ AI-Rank-Log  4/ 8 16:31:54.305 ]latency_case335_latency: 108.674 ms
[ AI-Rank-Log  4/ 8 16:31:54.429 ]latency_case336_latency: 111.536 ms
[ AI-Rank-Log  4/ 8 16:31:54.550 ]latency_case337_latency: 109.529 ms
[ AI-Rank-Log  4/ 8 16:31:54.670 ]latency_case338_latency: 109.151 ms
[ AI-Rank-Log  4/ 8 16:31:54.791 ]latency_case339_latency: 109.944 ms
[ AI-Rank-Log  4/ 8 16:31:54.922 ]latency_case340_latency: 107.248 ms
[ AI-Rank-Log  4/ 8 16:31:55. 39 ]latency_case341_latency: 107.596 ms
[ AI-Rank-Log  4/ 8 16:31:55.161 ]latency_case342_latency: 109.462 ms
[ AI-Rank-Log  4/ 8 16:31:55.282 ]latency_case343_latency: 108.192 ms
[ AI-Rank-Log  4/ 8 16:31:55.404 ]latency_case344_latency: 109.559 ms
[ AI-Rank-Log  4/ 8 16:31:55.529 ]latency_case345_latency: 112.37 ms
[ AI-Rank-Log  4/ 8 16:31:55.649 ]latency_case346_latency: 109.566 ms
[ AI-Rank-Log  4/ 8 16:31:55.770 ]latency_case347_latency: 109.919 ms
[ AI-Rank-Log  4/ 8 16:31:55.892 ]latency_case348_latency: 110.405 ms
[ AI-Rank-Log  4/ 8 16:31:56. 14 ]latency_case349_latency: 110.219 ms
[ AI-Rank-Log  4/ 8 16:31:56.130 ]latency_case350_latency: 110.3 ms
[ AI-Rank-Log  4/ 8 16:31:56.249 ]latency_case351_latency: 109.078 ms
[ AI-Rank-Log  4/ 8 16:31:56.371 ]latency_case352_latency: 108.891 ms
[ AI-Rank-Log  4/ 8 16:31:56.490 ]latency_case353_latency: 109.941 ms
[ AI-Rank-Log  4/ 8 16:31:56.613 ]latency_case354_latency: 109.139 ms
[ AI-Rank-Log  4/ 8 16:31:56.737 ]latency_case355_latency: 111.872 ms
[ AI-Rank-Log  4/ 8 16:31:56.859 ]latency_case356_latency: 109.845 ms
[ AI-Rank-Log  4/ 8 16:31:56.981 ]latency_case357_latency: 109.389 ms
[ AI-Rank-Log  4/ 8 16:31:57.104 ]latency_case358_latency: 109.707 ms
[ AI-Rank-Log  4/ 8 16:31:57.228 ]latency_case359_latency: 110.315 ms
[ AI-Rank-Log  4/ 8 16:31:57.350 ]latency_case360_latency: 109.762 ms
[ AI-Rank-Log  4/ 8 16:31:57.473 ]latency_case361_latency: 109.297 ms
[ AI-Rank-Log  4/ 8 16:31:57.589 ]latency_case362_latency: 111.722 ms
[ AI-Rank-Log  4/ 8 16:31:57.714 ]latency_case363_latency: 109.863 ms
[ AI-Rank-Log  4/ 8 16:31:57.832 ]latency_case364_latency: 109.414 ms
[ AI-Rank-Log  4/ 8 16:31:57.953 ]latency_case365_latency: 109.707 ms
[ AI-Rank-Log  4/ 8 16:31:58. 73 ]latency_case366_latency: 108.559 ms
[ AI-Rank-Log  4/ 8 16:31:58.211 ]latency_case367_latency: 107.78 ms
[ AI-Rank-Log  4/ 8 16:31:58.329 ]latency_case368_latency: 107.264 ms
[ AI-Rank-Log  4/ 8 16:31:58.449 ]latency_case369_latency: 110.605 ms
[ AI-Rank-Log  4/ 8 16:31:58.568 ]latency_case370_latency: 109.078 ms
[ AI-Rank-Log  4/ 8 16:31:58.690 ]latency_case371_latency: 109.866 ms
[ AI-Rank-Log  4/ 8 16:31:58.812 ]latency_case372_latency: 109.486 ms
[ AI-Rank-Log  4/ 8 16:31:58.931 ]latency_case373_latency: 109.662 ms
[ AI-Rank-Log  4/ 8 16:31:59.116 ]latency_case374_latency: 106.7 ms
[ AI-Rank-Log  4/ 8 16:31:59.237 ]latency_case375_latency: 110.744 ms
[ AI-Rank-Log  4/ 8 16:31:59.360 ]latency_case376_latency: 110.26 ms
[ AI-Rank-Log  4/ 8 16:31:59.499 ]latency_case377_latency: 106.963 ms
[ AI-Rank-Log  4/ 8 16:31:59.620 ]latency_case378_latency: 109.531 ms
[ AI-Rank-Log  4/ 8 16:31:59.741 ]latency_case379_latency: 109.613 ms
[ AI-Rank-Log  4/ 8 16:31:59.862 ]latency_case380_latency: 109.841 ms
[ AI-Rank-Log  4/ 8 16:31:59.982 ]latency_case381_latency: 109.892 ms
[ AI-Rank-Log  4/ 8 16:32: 0.101 ]latency_case382_latency: 107.929 ms
[ AI-Rank-Log  4/ 8 16:32: 0.220 ]latency_case383_latency: 107.683 ms
[ AI-Rank-Log  4/ 8 16:32: 0.339 ]latency_case384_latency: 108.714 ms
[ AI-Rank-Log  4/ 8 16:32: 0.461 ]latency_case385_latency: 109.443 ms
[ AI-Rank-Log  4/ 8 16:32: 0.581 ]latency_case386_latency: 110.144 ms
[ AI-Rank-Log  4/ 8 16:32: 0.701 ]latency_case387_latency: 108.345 ms
[ AI-Rank-Log  4/ 8 16:32: 0.823 ]latency_case388_latency: 108.889 ms
[ AI-Rank-Log  4/ 8 16:32: 0.943 ]latency_case389_latency: 109.917 ms
[ AI-Rank-Log  4/ 8 16:32: 1. 69 ]latency_case390_latency: 111.951 ms
[ AI-Rank-Log  4/ 8 16:32: 1.189 ]latency_case391_latency: 110.264 ms
[ AI-Rank-Log  4/ 8 16:32: 1.311 ]latency_case392_latency: 110.738 ms
[ AI-Rank-Log  4/ 8 16:32: 1.431 ]latency_case393_latency: 109.389 ms
[ AI-Rank-Log  4/ 8 16:32: 1.582 ]latency_case394_latency: 106.657 ms
[ AI-Rank-Log  4/ 8 16:32: 1.702 ]latency_case395_latency: 109.503 ms
[ AI-Rank-Log  4/ 8 16:32: 1.827 ]latency_case396_latency: 112.217 ms
[ AI-Rank-Log  4/ 8 16:32: 1.948 ]latency_case397_latency: 110.525 ms
[ AI-Rank-Log  4/ 8 16:32: 2. 83 ]latency_case398_latency: 110.072 ms
[ AI-Rank-Log  4/ 8 16:32: 2.207 ]latency_case399_latency: 111.723 ms
[ AI-Rank-Log  4/ 8 16:32: 2.328 ]latency_case400_latency: 111.294 ms
[ AI-Rank-Log  4/ 8 16:32: 2.450 ]latency_case401_latency: 111.279 ms
[ AI-Rank-Log  4/ 8 16:32: 2.569 ]latency_case402_latency: 109.216 ms
[ AI-Rank-Log  4/ 8 16:32: 2.691 ]latency_case403_latency: 109.424 ms
[ AI-Rank-Log  4/ 8 16:32: 2.811 ]latency_case404_latency: 111.044 ms
[ AI-Rank-Log  4/ 8 16:32: 2.931 ]latency_case405_latency: 108.91 ms
[ AI-Rank-Log  4/ 8 16:32: 3. 50 ]latency_case406_latency: 109.646 ms
[ AI-Rank-Log  4/ 8 16:32: 3.172 ]latency_case407_latency: 110.138 ms
[ AI-Rank-Log  4/ 8 16:32: 3.292 ]latency_case408_latency: 109.041 ms
[ AI-Rank-Log  4/ 8 16:32: 3.412 ]latency_case409_latency: 108.953 ms
[ AI-Rank-Log  4/ 8 16:32: 3.530 ]latency_case410_latency: 108.67 ms
[ AI-Rank-Log  4/ 8 16:32: 3.651 ]latency_case411_latency: 110.768 ms
[ AI-Rank-Log  4/ 8 16:32: 3.772 ]latency_case412_latency: 108.307 ms
[ AI-Rank-Log  4/ 8 16:32: 3.893 ]latency_case413_latency: 109.711 ms
[ AI-Rank-Log  4/ 8 16:32: 4. 18 ]latency_case414_latency: 111.134 ms
[ AI-Rank-Log  4/ 8 16:32: 4.139 ]latency_case415_latency: 109.587 ms
[ AI-Rank-Log  4/ 8 16:32: 4.260 ]latency_case416_latency: 108.735 ms
[ AI-Rank-Log  4/ 8 16:32: 4.380 ]latency_case417_latency: 109.039 ms
[ AI-Rank-Log  4/ 8 16:32: 4.501 ]latency_case418_latency: 109.592 ms
[ AI-Rank-Log  4/ 8 16:32: 4.621 ]latency_case419_latency: 109.007 ms
[ AI-Rank-Log  4/ 8 16:32: 4.742 ]latency_case420_latency: 108.772 ms
[ AI-Rank-Log  4/ 8 16:32: 4.862 ]latency_case421_latency: 109.217 ms
[ AI-Rank-Log  4/ 8 16:32: 4.979 ]latency_case422_latency: 110.574 ms
[ AI-Rank-Log  4/ 8 16:32: 5.299 ]latency_case423_latency: 106.588 ms
[ AI-Rank-Log  4/ 8 16:32: 5.416 ]latency_case424_latency: 107.1 ms
[ AI-Rank-Log  4/ 8 16:32: 5.538 ]latency_case425_latency: 111.116 ms
[ AI-Rank-Log  4/ 8 16:32: 5.658 ]latency_case426_latency: 109.128 ms
[ AI-Rank-Log  4/ 8 16:32: 5.781 ]latency_case427_latency: 110.038 ms
[ AI-Rank-Log  4/ 8 16:32: 5.901 ]latency_case428_latency: 109.578 ms
[ AI-Rank-Log  4/ 8 16:32: 6. 24 ]latency_case429_latency: 109.859 ms
[ AI-Rank-Log  4/ 8 16:32: 6.149 ]latency_case430_latency: 111.986 ms
[ AI-Rank-Log  4/ 8 16:32: 6.272 ]latency_case431_latency: 110.566 ms
[ AI-Rank-Log  4/ 8 16:32: 6.391 ]latency_case432_latency: 108.887 ms
[ AI-Rank-Log  4/ 8 16:32: 6.512 ]latency_case433_latency: 108.999 ms
[ AI-Rank-Log  4/ 8 16:32: 6.633 ]latency_case434_latency: 108.152 ms
[ AI-Rank-Log  4/ 8 16:32: 6.749 ]latency_case435_latency: 111.686 ms
[ AI-Rank-Log  4/ 8 16:32: 6.871 ]latency_case436_latency: 109.908 ms
[ AI-Rank-Log  4/ 8 16:32: 6.993 ]latency_case437_latency: 108.791 ms
[ AI-Rank-Log  4/ 8 16:32: 7.114 ]latency_case438_latency: 110.131 ms
[ AI-Rank-Log  4/ 8 16:32: 7.237 ]latency_case439_latency: 111.025 ms
[ AI-Rank-Log  4/ 8 16:32: 7.359 ]latency_case440_latency: 109.748 ms
[ AI-Rank-Log  4/ 8 16:32: 7.480 ]latency_case441_latency: 110.364 ms
[ AI-Rank-Log  4/ 8 16:32: 7.601 ]latency_case442_latency: 108.501 ms
[ AI-Rank-Log  4/ 8 16:32: 7.722 ]latency_case443_latency: 109.933 ms
[ AI-Rank-Log  4/ 8 16:32: 7.844 ]latency_case444_latency: 109.074 ms
[ AI-Rank-Log  4/ 8 16:32: 7.963 ]latency_case445_latency: 108.528 ms
[ AI-Rank-Log  4/ 8 16:32: 8. 87 ]latency_case446_latency: 111.208 ms
[ AI-Rank-Log  4/ 8 16:32: 8.209 ]latency_case447_latency: 109.496 ms
[ AI-Rank-Log  4/ 8 16:32: 8.333 ]latency_case448_latency: 108.997 ms
[ AI-Rank-Log  4/ 8 16:32: 8.459 ]latency_case449_latency: 112.014 ms
[ AI-Rank-Log  4/ 8 16:32: 8.580 ]latency_case450_latency: 110.038 ms
[ AI-Rank-Log  4/ 8 16:32: 8.700 ]latency_case451_latency: 110.154 ms
[ AI-Rank-Log  4/ 8 16:32: 8.821 ]latency_case452_latency: 109.378 ms
[ AI-Rank-Log  4/ 8 16:32: 8.971 ]latency_case453_latency: 107.367 ms
[ AI-Rank-Log  4/ 8 16:32: 9. 92 ]latency_case454_latency: 108.525 ms
[ AI-Rank-Log  4/ 8 16:32: 9.214 ]latency_case455_latency: 107.647 ms
[ AI-Rank-Log  4/ 8 16:32: 9.334 ]latency_case456_latency: 108.119 ms
[ AI-Rank-Log  4/ 8 16:32: 9.453 ]latency_case457_latency: 108.982 ms
[ AI-Rank-Log  4/ 8 16:32: 9.570 ]latency_case458_latency: 109.101 ms
[ AI-Rank-Log  4/ 8 16:32: 9.691 ]latency_case459_latency: 110.565 ms
[ AI-Rank-Log  4/ 8 16:32: 9.811 ]latency_case460_latency: 108.627 ms
[ AI-Rank-Log  4/ 8 16:32: 9.930 ]latency_case461_latency: 111.019 ms
[ AI-Rank-Log  4/ 8 16:32:10. 52 ]latency_case462_latency: 109.763 ms
[ AI-Rank-Log  4/ 8 16:32:10.172 ]latency_case463_latency: 109.117 ms
[ AI-Rank-Log  4/ 8 16:32:10.293 ]latency_case464_latency: 108.409 ms
[ AI-Rank-Log  4/ 8 16:32:10.419 ]latency_case465_latency: 112.752 ms
[ AI-Rank-Log  4/ 8 16:32:10.539 ]latency_case466_latency: 109.944 ms
[ AI-Rank-Log  4/ 8 16:32:10.661 ]latency_case467_latency: 110.028 ms
[ AI-Rank-Log  4/ 8 16:32:10.781 ]latency_case468_latency: 109.125 ms
[ AI-Rank-Log  4/ 8 16:32:10.910 ]latency_case469_latency: 112.481 ms
[ AI-Rank-Log  4/ 8 16:32:11. 29 ]latency_case470_latency: 110.198 ms
[ AI-Rank-Log  4/ 8 16:32:11.150 ]latency_case471_latency: 110.853 ms
[ AI-Rank-Log  4/ 8 16:32:11.272 ]latency_case472_latency: 110.955 ms
[ AI-Rank-Log  4/ 8 16:32:11.392 ]latency_case473_latency: 109.106 ms
[ AI-Rank-Log  4/ 8 16:32:11.513 ]latency_case474_latency: 109.923 ms
[ AI-Rank-Log  4/ 8 16:32:11.638 ]latency_case475_latency: 112.587 ms
[ AI-Rank-Log  4/ 8 16:32:11.759 ]latency_case476_latency: 111.167 ms
[ AI-Rank-Log  4/ 8 16:32:11.883 ]latency_case477_latency: 108.629 ms
[ AI-Rank-Log  4/ 8 16:32:12.  4 ]latency_case478_latency: 109.488 ms
[ AI-Rank-Log  4/ 8 16:32:12.119 ]latency_case479_latency: 111.571 ms
[ AI-Rank-Log  4/ 8 16:32:12.239 ]latency_case480_latency: 110.289 ms
[ AI-Rank-Log  4/ 8 16:32:12.361 ]latency_case481_latency: 109.798 ms
[ AI-Rank-Log  4/ 8 16:32:12.483 ]latency_case482_latency: 110.236 ms
[ AI-Rank-Log  4/ 8 16:32:12.603 ]latency_case483_latency: 109.221 ms
[ AI-Rank-Log  4/ 8 16:32:12.724 ]latency_case484_latency: 108.885 ms
[ AI-Rank-Log  4/ 8 16:32:12.849 ]latency_case485_latency: 113.414 ms
[ AI-Rank-Log  4/ 8 16:32:12.970 ]latency_case486_latency: 112.07 ms
[ AI-Rank-Log  4/ 8 16:32:13. 91 ]latency_case487_latency: 109.33 ms
[ AI-Rank-Log  4/ 8 16:32:13.210 ]latency_case488_latency: 109.601 ms
[ AI-Rank-Log  4/ 8 16:32:13.332 ]latency_case489_latency: 109.452 ms
[ AI-Rank-Log  4/ 8 16:32:13.453 ]latency_case490_latency: 108.713 ms
[ AI-Rank-Log  4/ 8 16:32:13.574 ]latency_case491_latency: 109.384 ms
[ AI-Rank-Log  4/ 8 16:32:13.693 ]latency_case492_latency: 108.966 ms
[ AI-Rank-Log  4/ 8 16:32:13.814 ]latency_case493_latency: 109.357 ms
[ AI-Rank-Log  4/ 8 16:32:13.938 ]latency_case494_latency: 111.865 ms
[ AI-Rank-Log  4/ 8 16:32:14. 60 ]latency_case495_latency: 109.666 ms
[ AI-Rank-Log  4/ 8 16:32:14.182 ]latency_case496_latency: 109.143 ms
[ AI-Rank-Log  4/ 8 16:32:14.303 ]latency_case497_latency: 108.044 ms
[ AI-Rank-Log  4/ 8 16:32:14.423 ]latency_case498_latency: 109.827 ms
[ AI-Rank-Log  4/ 8 16:32:14.542 ]latency_case499_latency: 109.132 ms
[ AI-Rank-Log  4/ 8 16:32:14.661 ]latency_case500_latency: 108.802 ms
[ AI-Rank-Log  4/ 8 16:32:14.782 ]latency_case501_latency: 109.972 ms
[ AI-Rank-Log  4/ 8 16:32:14.903 ]latency_case502_latency: 107.792 ms
[ AI-Rank-Log  4/ 8 16:32:15. 23 ]latency_case503_latency: 109.024 ms
[ AI-Rank-Log  4/ 8 16:32:15.142 ]latency_case504_latency: 108.371 ms
[ AI-Rank-Log  4/ 8 16:32:15.270 ]latency_case505_latency: 113.983 ms
[ AI-Rank-Log  4/ 8 16:32:15.393 ]latency_case506_latency: 108.982 ms
[ AI-Rank-Log  4/ 8 16:32:15.518 ]latency_case507_latency: 111.672 ms
[ AI-Rank-Log  4/ 8 16:32:15.640 ]latency_case508_latency: 110.965 ms
[ AI-Rank-Log  4/ 8 16:32:15.761 ]latency_case509_latency: 109.592 ms
[ AI-Rank-Log  4/ 8 16:32:15.882 ]latency_case510_latency: 109.089 ms
[ AI-Rank-Log  4/ 8 16:32:15.999 ]latency_case511_latency: 110.654 ms
[ AI-Rank-Log  4/ 8 16:32:16.121 ]latency_case512_latency: 109.513 ms
[ AI-Rank-Log  4/ 8 16:32:16.252 ]latency_case513_latency: 111.126 ms
[ AI-Rank-Log  4/ 8 16:32:16.373 ]latency_case514_latency: 110.543 ms
[ AI-Rank-Log  4/ 8 16:32:16.498 ]latency_case515_latency: 112.299 ms
[ AI-Rank-Log  4/ 8 16:32:16.621 ]latency_case516_latency: 110.497 ms
[ AI-Rank-Log  4/ 8 16:32:16.742 ]latency_case517_latency: 109.863 ms
[ AI-Rank-Log  4/ 8 16:32:16.868 ]latency_case518_latency: 112.391 ms
[ AI-Rank-Log  4/ 8 16:32:16.989 ]latency_case519_latency: 111.973 ms
[ AI-Rank-Log  4/ 8 16:32:17.110 ]latency_case520_latency: 109.772 ms
[ AI-Rank-Log  4/ 8 16:32:17.233 ]latency_case521_latency: 110.122 ms
[ AI-Rank-Log  4/ 8 16:32:17.361 ]latency_case522_latency: 107.127 ms
[ AI-Rank-Log  4/ 8 16:32:17.480 ]latency_case523_latency: 107.253 ms
[ AI-Rank-Log  4/ 8 16:32:17.601 ]latency_case524_latency: 109.981 ms
[ AI-Rank-Log  4/ 8 16:32:17.722 ]latency_case525_latency: 108.973 ms
[ AI-Rank-Log  4/ 8 16:32:17.842 ]latency_case526_latency: 108.914 ms
[ AI-Rank-Log  4/ 8 16:32:17.961 ]latency_case527_latency: 107.728 ms
[ AI-Rank-Log  4/ 8 16:32:18. 80 ]latency_case528_latency: 108.987 ms
[ AI-Rank-Log  4/ 8 16:32:18.201 ]latency_case529_latency: 109.426 ms
[ AI-Rank-Log  4/ 8 16:32:18.323 ]latency_case530_latency: 108.968 ms
[ AI-Rank-Log  4/ 8 16:32:18.442 ]latency_case531_latency: 109.736 ms
[ AI-Rank-Log  4/ 8 16:32:18.554 ]latency_case532_latency: 108.486 ms
[ AI-Rank-Log  4/ 8 16:32:18.679 ]latency_case533_latency: 111.188 ms
[ AI-Rank-Log  4/ 8 16:32:18.801 ]latency_case534_latency: 109.871 ms
[ AI-Rank-Log  4/ 8 16:32:18.924 ]latency_case535_latency: 110.564 ms
[ AI-Rank-Log  4/ 8 16:32:19. 43 ]latency_case536_latency: 109.564 ms
[ AI-Rank-Log  4/ 8 16:32:19.163 ]latency_case537_latency: 108.837 ms
[ AI-Rank-Log  4/ 8 16:32:19.284 ]latency_case538_latency: 108.545 ms
[ AI-Rank-Log  4/ 8 16:32:19.409 ]latency_case539_latency: 111.28 ms
[ AI-Rank-Log  4/ 8 16:32:19.532 ]latency_case540_latency: 109.362 ms
[ AI-Rank-Log  4/ 8 16:32:19.657 ]latency_case541_latency: 113.089 ms
[ AI-Rank-Log  4/ 8 16:32:19.780 ]latency_case542_latency: 110.147 ms
[ AI-Rank-Log  4/ 8 16:32:19.894 ]latency_case543_latency: 108.782 ms
[ AI-Rank-Log  4/ 8 16:32:20. 18 ]latency_case544_latency: 111.559 ms
[ AI-Rank-Log  4/ 8 16:32:20.143 ]latency_case545_latency: 108.847 ms
[ AI-Rank-Log  4/ 8 16:32:20.261 ]latency_case546_latency: 108.629 ms
[ AI-Rank-Log  4/ 8 16:32:20.381 ]latency_case547_latency: 110.067 ms
[ AI-Rank-Log  4/ 8 16:32:20.504 ]latency_case548_latency: 108.658 ms
[ AI-Rank-Log  4/ 8 16:32:20.623 ]latency_case549_latency: 110.406 ms
[ AI-Rank-Log  4/ 8 16:32:20.744 ]latency_case550_latency: 108.689 ms
[ AI-Rank-Log  4/ 8 16:32:20.869 ]latency_case551_latency: 111.306 ms
[ AI-Rank-Log  4/ 8 16:32:20.995 ]latency_case552_latency: 110.083 ms
[ AI-Rank-Log  4/ 8 16:32:21.119 ]latency_case553_latency: 111.408 ms
[ AI-Rank-Log  4/ 8 16:32:21.240 ]latency_case554_latency: 109.414 ms
[ AI-Rank-Log  4/ 8 16:32:21.361 ]latency_case555_latency: 109.662 ms
[ AI-Rank-Log  4/ 8 16:32:21.480 ]latency_case556_latency: 109.238 ms
[ AI-Rank-Log  4/ 8 16:32:21.603 ]latency_case557_latency: 109.274 ms
[ AI-Rank-Log  4/ 8 16:32:21.722 ]latency_case558_latency: 109.352 ms
[ AI-Rank-Log  4/ 8 16:32:21.840 ]latency_case559_latency: 108.923 ms
[ AI-Rank-Log  4/ 8 16:32:21.959 ]latency_case560_latency: 111.603 ms
[ AI-Rank-Log  4/ 8 16:32:22. 78 ]latency_case561_latency: 109.309 ms
[ AI-Rank-Log  4/ 8 16:32:22.198 ]latency_case562_latency: 110.063 ms
[ AI-Rank-Log  4/ 8 16:32:22.323 ]latency_case563_latency: 109.71 ms
[ AI-Rank-Log  4/ 8 16:32:22.449 ]latency_case564_latency: 111.687 ms
[ AI-Rank-Log  4/ 8 16:32:22.569 ]latency_case565_latency: 109.341 ms
[ AI-Rank-Log  4/ 8 16:32:22.690 ]latency_case566_latency: 110.742 ms
[ AI-Rank-Log  4/ 8 16:32:22.811 ]latency_case567_latency: 109.792 ms
[ AI-Rank-Log  4/ 8 16:32:22.930 ]latency_case568_latency: 109.908 ms
[ AI-Rank-Log  4/ 8 16:32:23. 51 ]latency_case569_latency: 108.684 ms
[ AI-Rank-Log  4/ 8 16:32:23.299 ]latency_case570_latency: 106.342 ms
[ AI-Rank-Log  4/ 8 16:32:23.418 ]latency_case571_latency: 108.667 ms
[ AI-Rank-Log  4/ 8 16:32:23.540 ]latency_case572_latency: 110.355 ms
[ AI-Rank-Log  4/ 8 16:32:23.661 ]latency_case573_latency: 109.7 ms
[ AI-Rank-Log  4/ 8 16:32:23.780 ]latency_case574_latency: 108.982 ms
[ AI-Rank-Log  4/ 8 16:32:23.899 ]latency_case575_latency: 109.558 ms
[ AI-Rank-Log  4/ 8 16:32:24. 14 ]latency_case576_latency: 108.658 ms
[ AI-Rank-Log  4/ 8 16:32:24.134 ]latency_case577_latency: 108.426 ms
[ AI-Rank-Log  4/ 8 16:32:24.250 ]latency_case578_latency: 110.38 ms
[ AI-Rank-Log  4/ 8 16:32:24.372 ]latency_case579_latency: 109.364 ms
[ AI-Rank-Log  4/ 8 16:32:24.493 ]latency_case580_latency: 109.56 ms
[ AI-Rank-Log  4/ 8 16:32:24.613 ]latency_case581_latency: 109.861 ms
[ AI-Rank-Log  4/ 8 16:32:24.730 ]latency_case582_latency: 108.997 ms
[ AI-Rank-Log  4/ 8 16:32:24.854 ]latency_case583_latency: 109.154 ms
[ AI-Rank-Log  4/ 8 16:32:24.978 ]latency_case584_latency: 110.384 ms
[ AI-Rank-Log  4/ 8 16:32:25.102 ]latency_case585_latency: 110.557 ms
[ AI-Rank-Log  4/ 8 16:32:25.220 ]latency_case586_latency: 109.462 ms
[ AI-Rank-Log  4/ 8 16:32:25.343 ]latency_case587_latency: 110.411 ms
[ AI-Rank-Log  4/ 8 16:32:25.462 ]latency_case588_latency: 109.063 ms
[ AI-Rank-Log  4/ 8 16:32:25.583 ]latency_case589_latency: 110.129 ms
[ AI-Rank-Log  4/ 8 16:32:25.708 ]latency_case590_latency: 112.498 ms
[ AI-Rank-Log  4/ 8 16:32:25.830 ]latency_case591_latency: 109.7 ms
[ AI-Rank-Log  4/ 8 16:32:25.949 ]latency_case592_latency: 109.798 ms
[ AI-Rank-Log  4/ 8 16:32:26. 70 ]latency_case593_latency: 111.718 ms
[ AI-Rank-Log  4/ 8 16:32:26.208 ]latency_case594_latency: 107.437 ms
[ AI-Rank-Log  4/ 8 16:32:26.329 ]latency_case595_latency: 108.731 ms
[ AI-Rank-Log  4/ 8 16:32:26.451 ]latency_case596_latency: 109.916 ms
[ AI-Rank-Log  4/ 8 16:32:26.572 ]latency_case597_latency: 108.782 ms
[ AI-Rank-Log  4/ 8 16:32:26.699 ]latency_case598_latency: 113.144 ms
[ AI-Rank-Log  4/ 8 16:32:26.819 ]latency_case599_latency: 109.968 ms
[ AI-Rank-Log  4/ 8 16:32:26.941 ]latency_case600_latency: 109.307 ms
[ AI-Rank-Log  4/ 8 16:32:27. 62 ]latency_case601_latency: 109.431 ms
[ AI-Rank-Log  4/ 8 16:32:27.188 ]latency_case602_latency: 111.195 ms
[ AI-Rank-Log  4/ 8 16:32:27.310 ]latency_case603_latency: 109.915 ms
[ AI-Rank-Log  4/ 8 16:32:27.431 ]latency_case604_latency: 109.758 ms
[ AI-Rank-Log  4/ 8 16:32:27.552 ]latency_case605_latency: 108.746 ms
[ AI-Rank-Log  4/ 8 16:32:27.674 ]latency_case606_latency: 109.5 ms
[ AI-Rank-Log  4/ 8 16:32:27.798 ]latency_case607_latency: 112.219 ms
[ AI-Rank-Log  4/ 8 16:32:27.920 ]latency_case608_latency: 110.558 ms
[ AI-Rank-Log  4/ 8 16:32:28. 41 ]latency_case609_latency: 108.877 ms
[ AI-Rank-Log  4/ 8 16:32:28.160 ]latency_case610_latency: 109.413 ms
[ AI-Rank-Log  4/ 8 16:32:28.280 ]latency_case611_latency: 109.336 ms
[ AI-Rank-Log  4/ 8 16:32:28.399 ]latency_case612_latency: 108.918 ms
[ AI-Rank-Log  4/ 8 16:32:28.520 ]latency_case613_latency: 110.642 ms
[ AI-Rank-Log  4/ 8 16:32:28.645 ]latency_case614_latency: 109.741 ms
[ AI-Rank-Log  4/ 8 16:32:28.768 ]latency_case615_latency: 111.972 ms
[ AI-Rank-Log  4/ 8 16:32:28.889 ]latency_case616_latency: 109.15 ms
[ AI-Rank-Log  4/ 8 16:32:29. 10 ]latency_case617_latency: 110.208 ms
[ AI-Rank-Log  4/ 8 16:32:29.133 ]latency_case618_latency: 110.872 ms
[ AI-Rank-Log  4/ 8 16:32:29.251 ]latency_case619_latency: 107.405 ms
[ AI-Rank-Log  4/ 8 16:32:29.374 ]latency_case620_latency: 109.331 ms
[ AI-Rank-Log  4/ 8 16:32:29.498 ]latency_case621_latency: 110.561 ms
[ AI-Rank-Log  4/ 8 16:32:29.619 ]latency_case622_latency: 109.514 ms
[ AI-Rank-Log  4/ 8 16:32:29.741 ]latency_case623_latency: 109.645 ms
[ AI-Rank-Log  4/ 8 16:32:29.918 ]latency_case624_latency: 111.616 ms
[ AI-Rank-Log  4/ 8 16:32:30. 40 ]latency_case625_latency: 109.248 ms
[ AI-Rank-Log  4/ 8 16:32:30.162 ]latency_case626_latency: 109.791 ms
[ AI-Rank-Log  4/ 8 16:32:30.280 ]latency_case627_latency: 108.456 ms
[ AI-Rank-Log  4/ 8 16:32:30.400 ]latency_case628_latency: 108.91 ms
[ AI-Rank-Log  4/ 8 16:32:30.629 ]latency_case629_latency: 110.552 ms
[ AI-Rank-Log  4/ 8 16:32:30.753 ]latency_case630_latency: 109.169 ms
[ AI-Rank-Log  4/ 8 16:32:30.872 ]latency_case631_latency: 109.502 ms
[ AI-Rank-Log  4/ 8 16:32:30.992 ]latency_case632_latency: 109.213 ms
[ AI-Rank-Log  4/ 8 16:32:31.113 ]latency_case633_latency: 108.807 ms
[ AI-Rank-Log  4/ 8 16:32:31.233 ]latency_case634_latency: 108.628 ms
[ AI-Rank-Log  4/ 8 16:32:31.353 ]latency_case635_latency: 108.734 ms
[ AI-Rank-Log  4/ 8 16:32:31.473 ]latency_case636_latency: 108.553 ms
[ AI-Rank-Log  4/ 8 16:32:31.593 ]latency_case637_latency: 109.011 ms
[ AI-Rank-Log  4/ 8 16:32:31.713 ]latency_case638_latency: 108.193 ms
[ AI-Rank-Log  4/ 8 16:32:31.834 ]latency_case639_latency: 108.262 ms
[ AI-Rank-Log  4/ 8 16:32:31.953 ]latency_case640_latency: 107.552 ms
[ AI-Rank-Log  4/ 8 16:32:32. 71 ]latency_case641_latency: 107.273 ms
[ AI-Rank-Log  4/ 8 16:32:32.193 ]latency_case642_latency: 109.349 ms
[ AI-Rank-Log  4/ 8 16:32:32.310 ]latency_case643_latency: 108.801 ms
[ AI-Rank-Log  4/ 8 16:32:32.440 ]latency_case644_latency: 110.801 ms
[ AI-Rank-Log  4/ 8 16:32:32.560 ]latency_case645_latency: 109.526 ms
[ AI-Rank-Log  4/ 8 16:32:32.682 ]latency_case646_latency: 110.404 ms
[ AI-Rank-Log  4/ 8 16:32:32.803 ]latency_case647_latency: 108.799 ms
[ AI-Rank-Log  4/ 8 16:32:32.921 ]latency_case648_latency: 109.864 ms
[ AI-Rank-Log  4/ 8 16:32:33. 40 ]latency_case649_latency: 110.292 ms
[ AI-Rank-Log  4/ 8 16:32:33.162 ]latency_case650_latency: 110.942 ms
[ AI-Rank-Log  4/ 8 16:32:33.282 ]latency_case651_latency: 109.298 ms
[ AI-Rank-Log  4/ 8 16:32:33.407 ]latency_case652_latency: 111.738 ms
[ AI-Rank-Log  4/ 8 16:32:33.528 ]latency_case653_latency: 110.556 ms
[ AI-Rank-Log  4/ 8 16:32:33.652 ]latency_case654_latency: 109.182 ms
[ AI-Rank-Log  4/ 8 16:32:33.780 ]latency_case655_latency: 114.271 ms
[ AI-Rank-Log  4/ 8 16:32:33.901 ]latency_case656_latency: 110.473 ms
[ AI-Rank-Log  4/ 8 16:32:34. 24 ]latency_case657_latency: 108.072 ms
[ AI-Rank-Log  4/ 8 16:32:34.141 ]latency_case658_latency: 107.669 ms
[ AI-Rank-Log  4/ 8 16:32:34.260 ]latency_case659_latency: 108.436 ms
[ AI-Rank-Log  4/ 8 16:32:34.380 ]latency_case660_latency: 110.569 ms
[ AI-Rank-Log  4/ 8 16:32:34.515 ]latency_case661_latency: 107.986 ms
[ AI-Rank-Log  4/ 8 16:32:34.637 ]latency_case662_latency: 108.58 ms
[ AI-Rank-Log  4/ 8 16:32:34.758 ]latency_case663_latency: 110.884 ms
[ AI-Rank-Log  4/ 8 16:32:34.884 ]latency_case664_latency: 109.686 ms
[ AI-Rank-Log  4/ 8 16:32:35.  9 ]latency_case665_latency: 112.226 ms
[ AI-Rank-Log  4/ 8 16:32:35.131 ]latency_case666_latency: 110.658 ms
[ AI-Rank-Log  4/ 8 16:32:35.253 ]latency_case667_latency: 108.809 ms
[ AI-Rank-Log  4/ 8 16:32:35.373 ]latency_case668_latency: 109.122 ms
[ AI-Rank-Log  4/ 8 16:32:35.499 ]latency_case669_latency: 112.001 ms
[ AI-Rank-Log  4/ 8 16:32:35.622 ]latency_case670_latency: 110.295 ms
[ AI-Rank-Log  4/ 8 16:32:35.742 ]latency_case671_latency: 108.839 ms
[ AI-Rank-Log  4/ 8 16:32:35.862 ]latency_case672_latency: 109.439 ms
[ AI-Rank-Log  4/ 8 16:32:35.983 ]latency_case673_latency: 108.464 ms
[ AI-Rank-Log  4/ 8 16:32:36.108 ]latency_case674_latency: 110.654 ms
[ AI-Rank-Log  4/ 8 16:32:36.229 ]latency_case675_latency: 110.41 ms
[ AI-Rank-Log  4/ 8 16:32:36.348 ]latency_case676_latency: 111.136 ms
[ AI-Rank-Log  4/ 8 16:32:36.469 ]latency_case677_latency: 110.023 ms
[ AI-Rank-Log  4/ 8 16:32:36.591 ]latency_case678_latency: 109.905 ms
[ AI-Rank-Log  4/ 8 16:32:36.710 ]latency_case679_latency: 109.537 ms
[ AI-Rank-Log  4/ 8 16:32:36.832 ]latency_case680_latency: 111.329 ms
[ AI-Rank-Log  4/ 8 16:32:36.953 ]latency_case681_latency: 109.661 ms
[ AI-Rank-Log  4/ 8 16:32:37. 72 ]latency_case682_latency: 109.408 ms
[ AI-Rank-Log  4/ 8 16:32:37.192 ]latency_case683_latency: 108.861 ms
[ AI-Rank-Log  4/ 8 16:32:37.321 ]latency_case684_latency: 111.371 ms
[ AI-Rank-Log  4/ 8 16:32:37.441 ]latency_case685_latency: 110.322 ms
[ AI-Rank-Log  4/ 8 16:32:37.569 ]latency_case686_latency: 113.323 ms
[ AI-Rank-Log  4/ 8 16:32:37.690 ]latency_case687_latency: 111.065 ms
[ AI-Rank-Log  4/ 8 16:32:37.811 ]latency_case688_latency: 109.733 ms
[ AI-Rank-Log  4/ 8 16:32:37.932 ]latency_case689_latency: 109.317 ms
[ AI-Rank-Log  4/ 8 16:32:38. 54 ]latency_case690_latency: 109.765 ms
[ AI-Rank-Log  4/ 8 16:32:38.174 ]latency_case691_latency: 108.661 ms
[ AI-Rank-Log  4/ 8 16:32:38.300 ]latency_case692_latency: 112.387 ms
[ AI-Rank-Log  4/ 8 16:32:38.421 ]latency_case693_latency: 110.714 ms
[ AI-Rank-Log  4/ 8 16:32:38.631 ]latency_case694_latency: 110.138 ms
[ AI-Rank-Log  4/ 8 16:32:38.759 ]latency_case695_latency: 112.048 ms
[ AI-Rank-Log  4/ 8 16:32:38.881 ]latency_case696_latency: 109.276 ms
[ AI-Rank-Log  4/ 8 16:32:39.  3 ]latency_case697_latency: 110.024 ms
[ AI-Rank-Log  4/ 8 16:32:39.129 ]latency_case698_latency: 112.483 ms
[ AI-Rank-Log  4/ 8 16:32:39.249 ]latency_case699_latency: 110.892 ms
[ AI-Rank-Log  4/ 8 16:32:39.370 ]latency_case700_latency: 108.822 ms
[ AI-Rank-Log  4/ 8 16:32:39.493 ]latency_case701_latency: 109.683 ms
[ AI-Rank-Log  4/ 8 16:32:39.612 ]latency_case702_latency: 110.021 ms
[ AI-Rank-Log  4/ 8 16:32:39.738 ]latency_case703_latency: 111.529 ms
[ AI-Rank-Log  4/ 8 16:32:39.859 ]latency_case704_latency: 110.572 ms
[ AI-Rank-Log  4/ 8 16:32:39.980 ]latency_case705_latency: 109.758 ms
[ AI-Rank-Log  4/ 8 16:32:40.102 ]latency_case706_latency: 109.701 ms
[ AI-Rank-Log  4/ 8 16:32:40.218 ]latency_case707_latency: 112.011 ms
[ AI-Rank-Log  4/ 8 16:32:40.343 ]latency_case708_latency: 108.792 ms
[ AI-Rank-Log  4/ 8 16:32:40.464 ]latency_case709_latency: 109.161 ms
[ AI-Rank-Log  4/ 8 16:32:40.588 ]latency_case710_latency: 110.499 ms
[ AI-Rank-Log  4/ 8 16:32:40.710 ]latency_case711_latency: 111.796 ms
[ AI-Rank-Log  4/ 8 16:32:40.831 ]latency_case712_latency: 109.191 ms
[ AI-Rank-Log  4/ 8 16:32:40.959 ]latency_case713_latency: 111.892 ms
[ AI-Rank-Log  4/ 8 16:32:41. 82 ]latency_case714_latency: 109.149 ms
[ AI-Rank-Log  4/ 8 16:32:41.208 ]latency_case715_latency: 113.01 ms
[ AI-Rank-Log  4/ 8 16:32:41.332 ]latency_case716_latency: 109.456 ms
[ AI-Rank-Log  4/ 8 16:32:41.453 ]latency_case717_latency: 109.854 ms
[ AI-Rank-Log  4/ 8 16:32:41.572 ]latency_case718_latency: 110.421 ms
[ AI-Rank-Log  4/ 8 16:32:41.698 ]latency_case719_latency: 111.625 ms
[ AI-Rank-Log  4/ 8 16:32:41.820 ]latency_case720_latency: 110.869 ms
[ AI-Rank-Log  4/ 8 16:32:41.942 ]latency_case721_latency: 108.926 ms
[ AI-Rank-Log  4/ 8 16:32:42. 68 ]latency_case722_latency: 112.483 ms
[ AI-Rank-Log  4/ 8 16:32:42.190 ]latency_case723_latency: 110.237 ms
[ AI-Rank-Log  4/ 8 16:32:42.310 ]latency_case724_latency: 109.91 ms
[ AI-Rank-Log  4/ 8 16:32:42.431 ]latency_case725_latency: 109.816 ms
[ AI-Rank-Log  4/ 8 16:32:42.552 ]latency_case726_latency: 109.14 ms
[ AI-Rank-Log  4/ 8 16:32:42.673 ]latency_case727_latency: 110.273 ms
[ AI-Rank-Log  4/ 8 16:32:42.789 ]latency_case728_latency: 109.622 ms
[ AI-Rank-Log  4/ 8 16:32:42.912 ]latency_case729_latency: 109.664 ms
[ AI-Rank-Log  4/ 8 16:32:43. 33 ]latency_case730_latency: 108.314 ms
[ AI-Rank-Log  4/ 8 16:32:43.152 ]latency_case731_latency: 108.472 ms
[ AI-Rank-Log  4/ 8 16:32:43.272 ]latency_case732_latency: 108.342 ms
[ AI-Rank-Log  4/ 8 16:32:43.394 ]latency_case733_latency: 110.166 ms
[ AI-Rank-Log  4/ 8 16:32:43.519 ]latency_case734_latency: 110.683 ms
[ AI-Rank-Log  4/ 8 16:32:43.643 ]latency_case735_latency: 109.244 ms
[ AI-Rank-Log  4/ 8 16:32:43.763 ]latency_case736_latency: 108.948 ms
[ AI-Rank-Log  4/ 8 16:32:43.888 ]latency_case737_latency: 111.396 ms
[ AI-Rank-Log  4/ 8 16:32:44.  9 ]latency_case738_latency: 109.768 ms
[ AI-Rank-Log  4/ 8 16:32:44.130 ]latency_case739_latency: 109.367 ms
[ AI-Rank-Log  4/ 8 16:32:44.250 ]latency_case740_latency: 111.147 ms
[ AI-Rank-Log  4/ 8 16:32:44.372 ]latency_case741_latency: 109.091 ms
[ AI-Rank-Log  4/ 8 16:32:44.494 ]latency_case742_latency: 109.206 ms
[ AI-Rank-Log  4/ 8 16:32:44.615 ]latency_case743_latency: 109.084 ms
[ AI-Rank-Log  4/ 8 16:32:44.733 ]latency_case744_latency: 107.161 ms
[ AI-Rank-Log  4/ 8 16:32:44.852 ]latency_case745_latency: 108.749 ms
[ AI-Rank-Log  4/ 8 16:32:44.978 ]latency_case746_latency: 111.791 ms
[ AI-Rank-Log  4/ 8 16:32:45. 98 ]latency_case747_latency: 109.84 ms
[ AI-Rank-Log  4/ 8 16:32:45.220 ]latency_case748_latency: 110.77 ms
[ AI-Rank-Log  4/ 8 16:32:45.339 ]latency_case749_latency: 108.388 ms
[ AI-Rank-Log  4/ 8 16:32:45.460 ]latency_case750_latency: 109.506 ms
[ AI-Rank-Log  4/ 8 16:32:45.581 ]latency_case751_latency: 109.422 ms
[ AI-Rank-Log  4/ 8 16:32:45.747 ]latency_case752_latency: 110.965 ms
[ AI-Rank-Log  4/ 8 16:32:45.872 ]latency_case753_latency: 108.547 ms
[ AI-Rank-Log  4/ 8 16:32:45.992 ]latency_case754_latency: 109.91 ms
[ AI-Rank-Log  4/ 8 16:32:46.115 ]latency_case755_latency: 110.751 ms
[ AI-Rank-Log  4/ 8 16:32:46.239 ]latency_case756_latency: 111.809 ms
[ AI-Rank-Log  4/ 8 16:32:46.369 ]latency_case757_latency: 112.366 ms
[ AI-Rank-Log  4/ 8 16:32:46.492 ]latency_case758_latency: 109.406 ms
[ AI-Rank-Log  4/ 8 16:32:46.619 ]latency_case759_latency: 111.28 ms
[ AI-Rank-Log  4/ 8 16:32:46.742 ]latency_case760_latency: 109.868 ms
[ AI-Rank-Log  4/ 8 16:32:46.862 ]latency_case761_latency: 109.742 ms
[ AI-Rank-Log  4/ 8 16:32:46.982 ]latency_case762_latency: 108.173 ms
[ AI-Rank-Log  4/ 8 16:32:47.103 ]latency_case763_latency: 108.506 ms
[ AI-Rank-Log  4/ 8 16:32:47.221 ]latency_case764_latency: 108.301 ms
[ AI-Rank-Log  4/ 8 16:32:47.342 ]latency_case765_latency: 110.565 ms
[ AI-Rank-Log  4/ 8 16:32:47.464 ]latency_case766_latency: 108.613 ms
[ AI-Rank-Log  4/ 8 16:32:47.582 ]latency_case767_latency: 107.577 ms
[ AI-Rank-Log  4/ 8 16:32:47.719 ]latency_case768_latency: 109.607 ms
[ AI-Rank-Log  4/ 8 16:32:47.841 ]latency_case769_latency: 107.689 ms
[ AI-Rank-Log  4/ 8 16:32:47.963 ]latency_case770_latency: 109.06 ms
[ AI-Rank-Log  4/ 8 16:32:48. 81 ]latency_case771_latency: 107.805 ms
[ AI-Rank-Log  4/ 8 16:32:48.200 ]latency_case772_latency: 109.015 ms
[ AI-Rank-Log  4/ 8 16:32:48.322 ]latency_case773_latency: 109.394 ms
[ AI-Rank-Log  4/ 8 16:32:48.444 ]latency_case774_latency: 110.013 ms
[ AI-Rank-Log  4/ 8 16:32:48.563 ]latency_case775_latency: 109.042 ms
[ AI-Rank-Log  4/ 8 16:32:48.688 ]latency_case776_latency: 111.559 ms
[ AI-Rank-Log  4/ 8 16:32:48.810 ]latency_case777_latency: 109.748 ms
[ AI-Rank-Log  4/ 8 16:32:48.932 ]latency_case778_latency: 109.363 ms
[ AI-Rank-Log  4/ 8 16:32:49. 53 ]latency_case779_latency: 109.915 ms
[ AI-Rank-Log  4/ 8 16:32:49.176 ]latency_case780_latency: 111.073 ms
[ AI-Rank-Log  4/ 8 16:32:49.294 ]latency_case781_latency: 107.843 ms
[ AI-Rank-Log  4/ 8 16:32:49.417 ]latency_case782_latency: 111.241 ms
[ AI-Rank-Log  4/ 8 16:32:49.541 ]latency_case783_latency: 110.137 ms
[ AI-Rank-Log  4/ 8 16:32:49.661 ]latency_case784_latency: 109.576 ms
[ AI-Rank-Log  4/ 8 16:32:49.781 ]latency_case785_latency: 109.052 ms
[ AI-Rank-Log  4/ 8 16:32:49.942 ]latency_case786_latency: 108.694 ms
[ AI-Rank-Log  4/ 8 16:32:50. 69 ]latency_case787_latency: 112.685 ms
[ AI-Rank-Log  4/ 8 16:32:50.189 ]latency_case788_latency: 111.486 ms
[ AI-Rank-Log  4/ 8 16:32:50.310 ]latency_case789_latency: 109.752 ms
[ AI-Rank-Log  4/ 8 16:32:50.432 ]latency_case790_latency: 109.713 ms
[ AI-Rank-Log  4/ 8 16:32:50.552 ]latency_case791_latency: 109.314 ms
[ AI-Rank-Log  4/ 8 16:32:50.673 ]latency_case792_latency: 108.505 ms
[ AI-Rank-Log  4/ 8 16:32:50.792 ]latency_case793_latency: 108.742 ms
[ AI-Rank-Log  4/ 8 16:32:50.912 ]latency_case794_latency: 108.536 ms
[ AI-Rank-Log  4/ 8 16:32:51. 33 ]latency_case795_latency: 109.173 ms
[ AI-Rank-Log  4/ 8 16:32:51.158 ]latency_case796_latency: 112.034 ms
[ AI-Rank-Log  4/ 8 16:32:51.284 ]latency_case797_latency: 110.886 ms
[ AI-Rank-Log  4/ 8 16:32:51.410 ]latency_case798_latency: 111.191 ms
[ AI-Rank-Log  4/ 8 16:32:51.533 ]latency_case799_latency: 110.228 ms
[ AI-Rank-Log  4/ 8 16:32:51.653 ]latency_case800_latency: 108.833 ms
[ AI-Rank-Log  4/ 8 16:32:51.778 ]latency_case801_latency: 111.751 ms
[ AI-Rank-Log  4/ 8 16:32:51.894 ]latency_case802_latency: 108.622 ms
[ AI-Rank-Log  4/ 8 16:32:52. 19 ]latency_case803_latency: 112.652 ms
[ AI-Rank-Log  4/ 8 16:32:52.139 ]latency_case804_latency: 110.686 ms
[ AI-Rank-Log  4/ 8 16:32:52.263 ]latency_case805_latency: 108.922 ms
[ AI-Rank-Log  4/ 8 16:32:52.389 ]latency_case806_latency: 112.22 ms
[ AI-Rank-Log  4/ 8 16:32:52.513 ]latency_case807_latency: 109.227 ms
[ AI-Rank-Log  4/ 8 16:32:52.651 ]latency_case808_latency: 109.508 ms
[ AI-Rank-Log  4/ 8 16:32:52.774 ]latency_case809_latency: 110.064 ms
[ AI-Rank-Log  4/ 8 16:32:52.894 ]latency_case810_latency: 108.595 ms
[ AI-Rank-Log  4/ 8 16:32:53. 13 ]latency_case811_latency: 109.009 ms
[ AI-Rank-Log  4/ 8 16:32:53.138 ]latency_case812_latency: 111.429 ms
[ AI-Rank-Log  4/ 8 16:32:53.262 ]latency_case813_latency: 109.941 ms
[ AI-Rank-Log  4/ 8 16:32:53.383 ]latency_case814_latency: 108.301 ms
[ AI-Rank-Log  4/ 8 16:32:53.508 ]latency_case815_latency: 111.191 ms
[ AI-Rank-Log  4/ 8 16:32:53.632 ]latency_case816_latency: 108.196 ms
[ AI-Rank-Log  4/ 8 16:32:53.753 ]latency_case817_latency: 108.751 ms
[ AI-Rank-Log  4/ 8 16:32:53.874 ]latency_case818_latency: 108.889 ms
[ AI-Rank-Log  4/ 8 16:32:53.994 ]latency_case819_latency: 107.9 ms
[ AI-Rank-Log  4/ 8 16:32:54.112 ]latency_case820_latency: 109.711 ms
[ AI-Rank-Log  4/ 8 16:32:54.238 ]latency_case821_latency: 111.487 ms
[ AI-Rank-Log  4/ 8 16:32:54.360 ]latency_case822_latency: 110.053 ms
[ AI-Rank-Log  4/ 8 16:32:54.480 ]latency_case823_latency: 109.778 ms
[ AI-Rank-Log  4/ 8 16:32:54.604 ]latency_case824_latency: 109.299 ms
[ AI-Rank-Log  4/ 8 16:32:54.727 ]latency_case825_latency: 112.944 ms
[ AI-Rank-Log  4/ 8 16:32:54.848 ]latency_case826_latency: 110.425 ms
[ AI-Rank-Log  4/ 8 16:32:54.970 ]latency_case827_latency: 109.575 ms
[ AI-Rank-Log  4/ 8 16:32:55. 92 ]latency_case828_latency: 108.786 ms
[ AI-Rank-Log  4/ 8 16:32:55.227 ]latency_case829_latency: 108.121 ms
[ AI-Rank-Log  4/ 8 16:32:55.347 ]latency_case830_latency: 110.53 ms
[ AI-Rank-Log  4/ 8 16:32:55.479 ]latency_case831_latency: 112.635 ms
[ AI-Rank-Log  4/ 8 16:32:55.603 ]latency_case832_latency: 109.171 ms
[ AI-Rank-Log  4/ 8 16:32:55.723 ]latency_case833_latency: 109.075 ms
[ AI-Rank-Log  4/ 8 16:32:55.849 ]latency_case834_latency: 110.589 ms
[ AI-Rank-Log  4/ 8 16:32:55.970 ]latency_case835_latency: 109.428 ms
[ AI-Rank-Log  4/ 8 16:32:56. 90 ]latency_case836_latency: 109.346 ms
[ AI-Rank-Log  4/ 8 16:32:56.208 ]latency_case837_latency: 110.719 ms
[ AI-Rank-Log  4/ 8 16:32:56.337 ]latency_case838_latency: 112.265 ms
[ AI-Rank-Log  4/ 8 16:32:56.459 ]latency_case839_latency: 111.462 ms
[ AI-Rank-Log  4/ 8 16:32:56.579 ]latency_case840_latency: 109.095 ms
[ AI-Rank-Log  4/ 8 16:32:56.701 ]latency_case841_latency: 110.089 ms
[ AI-Rank-Log  4/ 8 16:32:56.823 ]latency_case842_latency: 109.46 ms
[ AI-Rank-Log  4/ 8 16:32:56.948 ]latency_case843_latency: 111.801 ms
[ AI-Rank-Log  4/ 8 16:32:57. 71 ]latency_case844_latency: 109.079 ms
[ AI-Rank-Log  4/ 8 16:32:57.190 ]latency_case845_latency: 109.556 ms
[ AI-Rank-Log  4/ 8 16:32:57.312 ]latency_case846_latency: 109.253 ms
[ AI-Rank-Log  4/ 8 16:32:57.433 ]latency_case847_latency: 109.652 ms
[ AI-Rank-Log  4/ 8 16:32:57.559 ]latency_case848_latency: 110.879 ms
[ AI-Rank-Log  4/ 8 16:32:57.679 ]latency_case849_latency: 108.706 ms
[ AI-Rank-Log  4/ 8 16:32:57.801 ]latency_case850_latency: 109.879 ms
[ AI-Rank-Log  4/ 8 16:32:57.924 ]latency_case851_latency: 109.608 ms
[ AI-Rank-Log  4/ 8 16:32:58. 41 ]latency_case852_latency: 109.658 ms
[ AI-Rank-Log  4/ 8 16:32:58.163 ]latency_case853_latency: 109.129 ms
[ AI-Rank-Log  4/ 8 16:32:58.288 ]latency_case854_latency: 110.015 ms
[ AI-Rank-Log  4/ 8 16:32:58.410 ]latency_case855_latency: 109.709 ms
[ AI-Rank-Log  4/ 8 16:32:58.532 ]latency_case856_latency: 109.747 ms
[ AI-Rank-Log  4/ 8 16:32:58.659 ]latency_case857_latency: 111.502 ms
[ AI-Rank-Log  4/ 8 16:32:58.779 ]latency_case858_latency: 111.22 ms
[ AI-Rank-Log  4/ 8 16:32:58.902 ]latency_case859_latency: 109.417 ms
[ AI-Rank-Log  4/ 8 16:32:59. 23 ]latency_case860_latency: 108.758 ms
[ AI-Rank-Log  4/ 8 16:32:59.148 ]latency_case861_latency: 111.449 ms
[ AI-Rank-Log  4/ 8 16:32:59.270 ]latency_case862_latency: 108.946 ms
[ AI-Rank-Log  4/ 8 16:32:59.393 ]latency_case863_latency: 109.721 ms
[ AI-Rank-Log  4/ 8 16:32:59.515 ]latency_case864_latency: 108.936 ms
[ AI-Rank-Log  4/ 8 16:32:59.639 ]latency_case865_latency: 111.997 ms
[ AI-Rank-Log  4/ 8 16:32:59.762 ]latency_case866_latency: 109.48 ms
[ AI-Rank-Log  4/ 8 16:32:59.883 ]latency_case867_latency: 108.311 ms
[ AI-Rank-Log  4/ 8 16:33: 0.  3 ]latency_case868_latency: 108.698 ms
[ AI-Rank-Log  4/ 8 16:33: 0.124 ]latency_case869_latency: 109.419 ms
[ AI-Rank-Log  4/ 8 16:33: 0.243 ]latency_case870_latency: 107.841 ms
[ AI-Rank-Log  4/ 8 16:33: 0.363 ]latency_case871_latency: 108.673 ms
[ AI-Rank-Log  4/ 8 16:33: 0.484 ]latency_case872_latency: 109.404 ms
[ AI-Rank-Log  4/ 8 16:33: 0.608 ]latency_case873_latency: 109.278 ms
[ AI-Rank-Log  4/ 8 16:33: 0.731 ]latency_case874_latency: 111.028 ms
[ AI-Rank-Log  4/ 8 16:33: 0.858 ]latency_case875_latency: 112.421 ms
[ AI-Rank-Log  4/ 8 16:33: 0.981 ]latency_case876_latency: 110.941 ms
[ AI-Rank-Log  4/ 8 16:33: 1.104 ]latency_case877_latency: 108.979 ms
[ AI-Rank-Log  4/ 8 16:33: 1.221 ]latency_case878_latency: 110.104 ms
[ AI-Rank-Log  4/ 8 16:33: 1.343 ]latency_case879_latency: 107.923 ms
[ AI-Rank-Log  4/ 8 16:33: 1.464 ]latency_case880_latency: 109.1 ms
[ AI-Rank-Log  4/ 8 16:33: 1.580 ]latency_case881_latency: 109.634 ms
[ AI-Rank-Log  4/ 8 16:33: 1.702 ]latency_case882_latency: 110.476 ms
[ AI-Rank-Log  4/ 8 16:33: 1.823 ]latency_case883_latency: 109.256 ms
[ AI-Rank-Log  4/ 8 16:33: 1.952 ]latency_case884_latency: 111.342 ms
[ AI-Rank-Log  4/ 8 16:33: 2. 74 ]latency_case885_latency: 110.1 ms
[ AI-Rank-Log  4/ 8 16:33: 2.194 ]latency_case886_latency: 109.454 ms
[ AI-Rank-Log  4/ 8 16:33: 2.318 ]latency_case887_latency: 112.439 ms
[ AI-Rank-Log  4/ 8 16:33: 2.440 ]latency_case888_latency: 110.083 ms
[ AI-Rank-Log  4/ 8 16:33: 2.561 ]latency_case889_latency: 109.606 ms
[ AI-Rank-Log  4/ 8 16:33: 2.689 ]latency_case890_latency: 113.051 ms
[ AI-Rank-Log  4/ 8 16:33: 2.810 ]latency_case891_latency: 110.366 ms
[ AI-Rank-Log  4/ 8 16:33: 2.930 ]latency_case892_latency: 110.487 ms
[ AI-Rank-Log  4/ 8 16:33: 3. 49 ]latency_case893_latency: 108.839 ms
[ AI-Rank-Log  4/ 8 16:33: 3.170 ]latency_case894_latency: 109.794 ms
[ AI-Rank-Log  4/ 8 16:33: 3.292 ]latency_case895_latency: 109.442 ms
[ AI-Rank-Log  4/ 8 16:33: 3.411 ]latency_case896_latency: 110.185 ms
[ AI-Rank-Log  4/ 8 16:33: 3.531 ]latency_case897_latency: 109.054 ms
[ AI-Rank-Log  4/ 8 16:33: 3.657 ]latency_case898_latency: 112.831 ms
[ AI-Rank-Log  4/ 8 16:33: 3.780 ]latency_case899_latency: 110.134 ms
[ AI-Rank-Log  4/ 8 16:33: 3.910 ]latency_case900_latency: 109.231 ms
[ AI-Rank-Log  4/ 8 16:33: 4. 31 ]latency_case901_latency: 110.207 ms
[ AI-Rank-Log  4/ 8 16:33: 4.153 ]latency_case902_latency: 109.82 ms
[ AI-Rank-Log  4/ 8 16:33: 4.279 ]latency_case903_latency: 110.185 ms
[ AI-Rank-Log  4/ 8 16:33: 4.409 ]latency_case904_latency: 111.79 ms
[ AI-Rank-Log  4/ 8 16:33: 4.529 ]latency_case905_latency: 108.934 ms
[ AI-Rank-Log  4/ 8 16:33: 4.650 ]latency_case906_latency: 110.227 ms
[ AI-Rank-Log  4/ 8 16:33: 4.821 ]latency_case907_latency: 110.443 ms
[ AI-Rank-Log  4/ 8 16:33: 4.943 ]latency_case908_latency: 108.938 ms
[ AI-Rank-Log  4/ 8 16:33: 5. 68 ]latency_case909_latency: 111.991 ms
[ AI-Rank-Log  4/ 8 16:33: 5.191 ]latency_case910_latency: 109.729 ms
[ AI-Rank-Log  4/ 8 16:33: 5.312 ]latency_case911_latency: 108.84 ms
[ AI-Rank-Log  4/ 8 16:33: 5.434 ]latency_case912_latency: 109.22 ms
[ AI-Rank-Log  4/ 8 16:33: 5.553 ]latency_case913_latency: 108.277 ms
[ AI-Rank-Log  4/ 8 16:33: 5.674 ]latency_case914_latency: 109.032 ms
[ AI-Rank-Log  4/ 8 16:33: 5.798 ]latency_case915_latency: 110.71 ms
[ AI-Rank-Log  4/ 8 16:33: 5.919 ]latency_case916_latency: 110.619 ms
[ AI-Rank-Log  4/ 8 16:33: 6. 41 ]latency_case917_latency: 108.863 ms
[ AI-Rank-Log  4/ 8 16:33: 6.161 ]latency_case918_latency: 109.351 ms
[ AI-Rank-Log  4/ 8 16:33: 6.288 ]latency_case919_latency: 111.218 ms
[ AI-Rank-Log  4/ 8 16:33: 6.410 ]latency_case920_latency: 110.563 ms
[ AI-Rank-Log  4/ 8 16:33: 6.551 ]latency_case921_latency: 107.572 ms
[ AI-Rank-Log  4/ 8 16:33: 6.672 ]latency_case922_latency: 109 ms
[ AI-Rank-Log  4/ 8 16:33: 6.799 ]latency_case923_latency: 111.257 ms
[ AI-Rank-Log  4/ 8 16:33: 6.919 ]latency_case924_latency: 109.836 ms
[ AI-Rank-Log  4/ 8 16:33: 7. 41 ]latency_case925_latency: 110.315 ms
[ AI-Rank-Log  4/ 8 16:33: 7.162 ]latency_case926_latency: 111.318 ms
[ AI-Rank-Log  4/ 8 16:33: 7.278 ]latency_case927_latency: 109.277 ms
[ AI-Rank-Log  4/ 8 16:33: 7.399 ]latency_case928_latency: 109.8 ms
[ AI-Rank-Log  4/ 8 16:33: 7.520 ]latency_case929_latency: 110.413 ms
[ AI-Rank-Log  4/ 8 16:33: 7.633 ]latency_case930_latency: 108.343 ms
[ AI-Rank-Log  4/ 8 16:33: 7.752 ]latency_case931_latency: 109.545 ms
[ AI-Rank-Log  4/ 8 16:33: 7.874 ]latency_case932_latency: 109.511 ms
[ AI-Rank-Log  4/ 8 16:33: 7.994 ]latency_case933_latency: 109.342 ms
[ AI-Rank-Log  4/ 8 16:33: 8.119 ]latency_case934_latency: 112.729 ms
[ AI-Rank-Log  4/ 8 16:33: 8.243 ]latency_case935_latency: 110.843 ms
[ AI-Rank-Log  4/ 8 16:33: 8.367 ]latency_case936_latency: 112.39 ms
[ AI-Rank-Log  4/ 8 16:33: 8.490 ]latency_case937_latency: 110.011 ms
[ AI-Rank-Log  4/ 8 16:33: 8.611 ]latency_case938_latency: 109.931 ms
[ AI-Rank-Log  4/ 8 16:33: 8.735 ]latency_case939_latency: 109.643 ms
[ AI-Rank-Log  4/ 8 16:33: 8.859 ]latency_case940_latency: 110.781 ms
[ AI-Rank-Log  4/ 8 16:33: 8.974 ]latency_case941_latency: 108.376 ms
[ AI-Rank-Log  4/ 8 16:33: 9. 93 ]latency_case942_latency: 107.429 ms
[ AI-Rank-Log  4/ 8 16:33: 9.219 ]latency_case943_latency: 109.879 ms
[ AI-Rank-Log  4/ 8 16:33: 9.341 ]latency_case944_latency: 110.301 ms
[ AI-Rank-Log  4/ 8 16:33: 9.462 ]latency_case945_latency: 108.484 ms
[ AI-Rank-Log  4/ 8 16:33: 9.582 ]latency_case946_latency: 108.59 ms
[ AI-Rank-Log  4/ 8 16:33: 9.702 ]latency_case947_latency: 109.171 ms
[ AI-Rank-Log  4/ 8 16:33: 9.820 ]latency_case948_latency: 110.527 ms
[ AI-Rank-Log  4/ 8 16:33: 9.940 ]latency_case949_latency: 108.938 ms
[ AI-Rank-Log  4/ 8 16:33:10. 61 ]latency_case950_latency: 108.948 ms
[ AI-Rank-Log  4/ 8 16:33:10.184 ]latency_case951_latency: 109.902 ms
[ AI-Rank-Log  4/ 8 16:33:10.308 ]latency_case952_latency: 111.977 ms
[ AI-Rank-Log  4/ 8 16:33:10.430 ]latency_case953_latency: 110.687 ms
[ AI-Rank-Log  4/ 8 16:33:10.554 ]latency_case954_latency: 108.599 ms
[ AI-Rank-Log  4/ 8 16:33:10.674 ]latency_case955_latency: 108.957 ms
[ AI-Rank-Log  4/ 8 16:33:10.798 ]latency_case956_latency: 109.872 ms
[ AI-Rank-Log  4/ 8 16:33:10.919 ]latency_case957_latency: 110.056 ms
[ AI-Rank-Log  4/ 8 16:33:11. 38 ]latency_case958_latency: 109.682 ms
[ AI-Rank-Log  4/ 8 16:33:11.161 ]latency_case959_latency: 109.75 ms
[ AI-Rank-Log  4/ 8 16:33:11.283 ]latency_case960_latency: 109.676 ms
[ AI-Rank-Log  4/ 8 16:33:11.410 ]latency_case961_latency: 112.906 ms
[ AI-Rank-Log  4/ 8 16:33:11.530 ]latency_case962_latency: 109.951 ms
[ AI-Rank-Log  4/ 8 16:33:11.652 ]latency_case963_latency: 109.034 ms
[ AI-Rank-Log  4/ 8 16:33:11.772 ]latency_case964_latency: 109.841 ms
[ AI-Rank-Log  4/ 8 16:33:11.893 ]latency_case965_latency: 109.152 ms
[ AI-Rank-Log  4/ 8 16:33:12. 13 ]latency_case966_latency: 109.131 ms
[ AI-Rank-Log  4/ 8 16:33:12.134 ]latency_case967_latency: 108.191 ms
[ AI-Rank-Log  4/ 8 16:33:12.260 ]latency_case968_latency: 110.519 ms
[ AI-Rank-Log  4/ 8 16:33:12.389 ]latency_case969_latency: 107.071 ms
[ AI-Rank-Log  4/ 8 16:33:12.507 ]latency_case970_latency: 107.25 ms
[ AI-Rank-Log  4/ 8 16:33:12.633 ]latency_case971_latency: 111.237 ms
[ AI-Rank-Log  4/ 8 16:33:12.758 ]latency_case972_latency: 112.176 ms
[ AI-Rank-Log  4/ 8 16:33:12.880 ]latency_case973_latency: 109.777 ms
[ AI-Rank-Log  4/ 8 16:33:13.  3 ]latency_case974_latency: 109.517 ms
[ AI-Rank-Log  4/ 8 16:33:13.123 ]latency_case975_latency: 108.773 ms
[ AI-Rank-Log  4/ 8 16:33:13.241 ]latency_case976_latency: 108.858 ms
[ AI-Rank-Log  4/ 8 16:33:13.362 ]latency_case977_latency: 109.857 ms
[ AI-Rank-Log  4/ 8 16:33:13.487 ]latency_case978_latency: 111.508 ms
[ AI-Rank-Log  4/ 8 16:33:13.610 ]latency_case979_latency: 110.381 ms
[ AI-Rank-Log  4/ 8 16:33:13.730 ]latency_case980_latency: 109.127 ms
[ AI-Rank-Log  4/ 8 16:33:13.852 ]latency_case981_latency: 109.831 ms
[ AI-Rank-Log  4/ 8 16:33:13.983 ]latency_case982_latency: 106.916 ms
[ AI-Rank-Log  4/ 8 16:33:14.103 ]latency_case983_latency: 108.135 ms
[ AI-Rank-Log  4/ 8 16:33:14.223 ]latency_case984_latency: 108.933 ms
[ AI-Rank-Log  4/ 8 16:33:14.343 ]latency_case985_latency: 109.251 ms
[ AI-Rank-Log  4/ 8 16:33:14.464 ]latency_case986_latency: 109.719 ms
[ AI-Rank-Log  4/ 8 16:33:14.587 ]latency_case987_latency: 111.705 ms
[ AI-Rank-Log  4/ 8 16:33:14.710 ]latency_case988_latency: 109.696 ms
[ AI-Rank-Log  4/ 8 16:33:14.830 ]latency_case989_latency: 109.548 ms
[ AI-Rank-Log  4/ 8 16:33:14.952 ]latency_case990_latency: 110.18 ms
[ AI-Rank-Log  4/ 8 16:33:15. 72 ]latency_case991_latency: 109.421 ms
[ AI-Rank-Log  4/ 8 16:33:15.190 ]latency_case992_latency: 109.204 ms
[ AI-Rank-Log  4/ 8 16:33:15.313 ]latency_case993_latency: 109.336 ms
[ AI-Rank-Log  4/ 8 16:33:15.449 ]latency_case994_latency: 111.976 ms
[ AI-Rank-Log  4/ 8 16:33:15.569 ]latency_case995_latency: 109.639 ms
[ AI-Rank-Log  4/ 8 16:33:15.691 ]latency_case996_latency: 109.344 ms
[ AI-Rank-Log  4/ 8 16:33:15.812 ]latency_case997_latency: 109.037 ms
[ AI-Rank-Log  4/ 8 16:33:15.932 ]latency_case998_latency: 109.272 ms
[ AI-Rank-Log  4/ 8 16:33:16. 59 ]latency_case999_latency: 110.994 ms
[ AI-Rank-Log  4/ 8 16:33:16.184 ]latency_case1000_latency: 110.116 ms
[ AI-Rank-Log  4/ 8 16:33:16.184 ]Num evaluation runs: 1000
[ AI-Rank-Log  4/ 8 16:33:16.184 ]90th_percentile_latency: 111.575ms, min_latency: 106.342ms, max_latency: 115.897ms
[ AI-Rank-Log  4/ 8 16:33:16.184 ]Test end
