[ AI-Rank-Log  4/ 7 20:44: 7.880 ]load ground_truth_images, checksum: 91c001caf4bca3a9cf27e3ed45adf96
[ AI-Rank-Log  4/ 7 20:44: 7.880 ]image_path: /data/local/tmp/AI-RANK/tf_lite_image_classify/ILSVRC2012_1000_cls
[ AI-Rank-Log  4/ 7 20:44: 7.887 ]XNNPACK delegate is created.
[ AI-Rank-Log  4/ 7 20:44: 7.914 ]Test begin
[ AI-Rank-Log  4/ 7 20:44: 7.973 ]latency_case1_latency: 47.94 ms
[ AI-Rank-Log  4/ 7 20:44: 8. 26 ]latency_case2_latency: 45.774 ms
[ AI-Rank-Log  4/ 7 20:44: 8. 96 ]latency_case3_latency: 45.238 ms
[ AI-Rank-Log  4/ 7 20:44: 8.152 ]latency_case4_latency: 45.589 ms
[ AI-Rank-Log  4/ 7 20:44: 8.209 ]latency_case5_latency: 45.95 ms
[ AI-Rank-Log  4/ 7 20:44: 8.271 ]latency_case6_latency: 45.801 ms
[ AI-Rank-Log  4/ 7 20:44: 8.330 ]latency_case7_latency: 45.888 ms
[ AI-Rank-Log  4/ 7 20:44: 8.391 ]latency_case8_latency: 46.206 ms
[ AI-Rank-Log  4/ 7 20:44: 8.451 ]latency_case9_latency: 46.356 ms
[ AI-Rank-Log  4/ 7 20:44: 8.510 ]latency_case10_latency: 46.095 ms
[ AI-Rank-Log  4/ 7 20:44: 8.566 ]latency_case11_latency: 46.178 ms
[ AI-Rank-Log  4/ 7 20:44: 8.623 ]latency_case12_latency: 45.804 ms
[ AI-Rank-Log  4/ 7 20:44: 8.671 ]latency_case13_latency: 45.457 ms
[ AI-Rank-Log  4/ 7 20:44: 8.730 ]latency_case14_latency: 45.521 ms
[ AI-Rank-Log  4/ 7 20:44: 8.782 ]latency_case15_latency: 45.425 ms
[ AI-Rank-Log  4/ 7 20:44: 8.840 ]latency_case16_latency: 46.703 ms
[ AI-Rank-Log  4/ 7 20:44: 8.895 ]latency_case17_latency: 45.134 ms
[ AI-Rank-Log  4/ 7 20:44: 8.952 ]latency_case18_latency: 45.387 ms
[ AI-Rank-Log  4/ 7 20:44: 9. 10 ]latency_case19_latency: 45.59 ms
[ AI-Rank-Log  4/ 7 20:44: 9. 69 ]latency_case20_latency: 45.31 ms
[ AI-Rank-Log  4/ 7 20:44: 9.126 ]latency_case21_latency: 45.459 ms
[ AI-Rank-Log  4/ 7 20:44: 9.183 ]latency_case22_latency: 45.3 ms
[ AI-Rank-Log  4/ 7 20:44: 9.242 ]latency_case23_latency: 45.432 ms
[ AI-Rank-Log  4/ 7 20:44: 9.302 ]latency_case24_latency: 45.283 ms
[ AI-Rank-Log  4/ 7 20:44: 9.357 ]latency_case25_latency: 45.28 ms
[ AI-Rank-Log  4/ 7 20:44: 9.413 ]latency_case26_latency: 45.655 ms
[ AI-Rank-Log  4/ 7 20:44: 9.467 ]latency_case27_latency: 45.825 ms
[ AI-Rank-Log  4/ 7 20:44: 9.526 ]latency_case28_latency: 45.407 ms
[ AI-Rank-Log  4/ 7 20:44: 9.583 ]latency_case29_latency: 45.354 ms
[ AI-Rank-Log  4/ 7 20:44: 9.641 ]latency_case30_latency: 45.367 ms
[ AI-Rank-Log  4/ 7 20:44: 9.697 ]latency_case31_latency: 45.347 ms
[ AI-Rank-Log  4/ 7 20:44: 9.757 ]latency_case32_latency: 45.314 ms
[ AI-Rank-Log  4/ 7 20:44: 9.813 ]latency_case33_latency: 45.832 ms
[ AI-Rank-Log  4/ 7 20:44: 9.871 ]latency_case34_latency: 45.893 ms
[ AI-Rank-Log  4/ 7 20:44: 9.931 ]latency_case35_latency: 45.997 ms
[ AI-Rank-Log  4/ 7 20:44: 9.990 ]latency_case36_latency: 45.805 ms
[ AI-Rank-Log  4/ 7 20:44:10. 48 ]latency_case37_latency: 45.735 ms
[ AI-Rank-Log  4/ 7 20:44:10.106 ]latency_case38_latency: 45.44 ms
[ AI-Rank-Log  4/ 7 20:44:10.162 ]latency_case39_latency: 45.52 ms
[ AI-Rank-Log  4/ 7 20:44:10.224 ]latency_case40_latency: 45.511 ms
[ AI-Rank-Log  4/ 7 20:44:10.282 ]latency_case41_latency: 45.48 ms
[ AI-Rank-Log  4/ 7 20:44:10.336 ]latency_case42_latency: 45.392 ms
[ AI-Rank-Log  4/ 7 20:44:10.391 ]latency_case43_latency: 45.637 ms
[ AI-Rank-Log  4/ 7 20:44:10.450 ]latency_case44_latency: 45.916 ms
[ AI-Rank-Log  4/ 7 20:44:10.507 ]latency_case45_latency: 45.863 ms
[ AI-Rank-Log  4/ 7 20:44:10.562 ]latency_case46_latency: 45.523 ms
[ AI-Rank-Log  4/ 7 20:44:10.618 ]latency_case47_latency: 45.401 ms
[ AI-Rank-Log  4/ 7 20:44:10.677 ]latency_case48_latency: 45.355 ms
[ AI-Rank-Log  4/ 7 20:44:10.788 ]latency_case49_latency: 45.356 ms
[ AI-Rank-Log  4/ 7 20:44:10.845 ]latency_case50_latency: 45.402 ms
[ AI-Rank-Log  4/ 7 20:44:10.905 ]latency_case51_latency: 45.496 ms
[ AI-Rank-Log  4/ 7 20:44:10.966 ]latency_case52_latency: 45.455 ms
[ AI-Rank-Log  4/ 7 20:44:11. 26 ]latency_case53_latency: 45.53 ms
[ AI-Rank-Log  4/ 7 20:44:11. 83 ]latency_case54_latency: 45.485 ms
[ AI-Rank-Log  4/ 7 20:44:11.139 ]latency_case55_latency: 45.5 ms
[ AI-Rank-Log  4/ 7 20:44:11.198 ]latency_case56_latency: 45.37 ms
[ AI-Rank-Log  4/ 7 20:44:11.258 ]latency_case57_latency: 45.482 ms
[ AI-Rank-Log  4/ 7 20:44:11.322 ]latency_case58_latency: 45.459 ms
[ AI-Rank-Log  4/ 7 20:44:11.382 ]latency_case59_latency: 45.374 ms
[ AI-Rank-Log  4/ 7 20:44:11.440 ]latency_case60_latency: 45.417 ms
[ AI-Rank-Log  4/ 7 20:44:11.498 ]latency_case61_latency: 45.274 ms
[ AI-Rank-Log  4/ 7 20:44:11.557 ]latency_case62_latency: 45.288 ms
[ AI-Rank-Log  4/ 7 20:44:11.609 ]latency_case63_latency: 45.544 ms
[ AI-Rank-Log  4/ 7 20:44:11.667 ]latency_case64_latency: 45.794 ms
[ AI-Rank-Log  4/ 7 20:44:11.723 ]latency_case65_latency: 45.455 ms
[ AI-Rank-Log  4/ 7 20:44:11.778 ]latency_case66_latency: 45.299 ms
[ AI-Rank-Log  4/ 7 20:44:11.835 ]latency_case67_latency: 45.255 ms
[ AI-Rank-Log  4/ 7 20:44:11.891 ]latency_case68_latency: 45.552 ms
[ AI-Rank-Log  4/ 7 20:44:11.956 ]latency_case69_latency: 45.454 ms
[ AI-Rank-Log  4/ 7 20:44:12. 11 ]latency_case70_latency: 45.56 ms
[ AI-Rank-Log  4/ 7 20:44:12. 71 ]latency_case71_latency: 45.828 ms
[ AI-Rank-Log  4/ 7 20:44:12.127 ]latency_case72_latency: 45.721 ms
[ AI-Rank-Log  4/ 7 20:44:12.186 ]latency_case73_latency: 45.392 ms
[ AI-Rank-Log  4/ 7 20:44:12.243 ]latency_case74_latency: 45.382 ms
[ AI-Rank-Log  4/ 7 20:44:12.299 ]latency_case75_latency: 45.445 ms
[ AI-Rank-Log  4/ 7 20:44:12.359 ]latency_case76_latency: 45.336 ms
[ AI-Rank-Log  4/ 7 20:44:12.416 ]latency_case77_latency: 45.817 ms
[ AI-Rank-Log  4/ 7 20:44:12.475 ]latency_case78_latency: 45.91 ms
[ AI-Rank-Log  4/ 7 20:44:12.534 ]latency_case79_latency: 45.565 ms
[ AI-Rank-Log  4/ 7 20:44:12.587 ]latency_case80_latency: 45.561 ms
[ AI-Rank-Log  4/ 7 20:44:12.645 ]latency_case81_latency: 45.407 ms
[ AI-Rank-Log  4/ 7 20:44:12.705 ]latency_case82_latency: 45.495 ms
[ AI-Rank-Log  4/ 7 20:44:12.764 ]latency_case83_latency: 45.482 ms
[ AI-Rank-Log  4/ 7 20:44:12.822 ]latency_case84_latency: 45.433 ms
[ AI-Rank-Log  4/ 7 20:44:12.882 ]latency_case85_latency: 45.395 ms
[ AI-Rank-Log  4/ 7 20:44:12.939 ]latency_case86_latency: 45.414 ms
[ AI-Rank-Log  4/ 7 20:44:12.996 ]latency_case87_latency: 45.323 ms
[ AI-Rank-Log  4/ 7 20:44:13. 54 ]latency_case88_latency: 45.263 ms
[ AI-Rank-Log  4/ 7 20:44:13.106 ]latency_case89_latency: 45.497 ms
[ AI-Rank-Log  4/ 7 20:44:13.162 ]latency_case90_latency: 45.398 ms
[ AI-Rank-Log  4/ 7 20:44:13.218 ]latency_case91_latency: 45.201 ms
[ AI-Rank-Log  4/ 7 20:44:13.275 ]latency_case92_latency: 45.241 ms
[ AI-Rank-Log  4/ 7 20:44:13.334 ]latency_case93_latency: 45.251 ms
[ AI-Rank-Log  4/ 7 20:44:13.391 ]latency_case94_latency: 45.593 ms
[ AI-Rank-Log  4/ 7 20:44:13.450 ]latency_case95_latency: 45.793 ms
[ AI-Rank-Log  4/ 7 20:44:13.507 ]latency_case96_latency: 45.768 ms
[ AI-Rank-Log  4/ 7 20:44:13.562 ]latency_case97_latency: 45.467 ms
[ AI-Rank-Log  4/ 7 20:44:13.623 ]latency_case98_latency: 45.425 ms
[ AI-Rank-Log  4/ 7 20:44:13.677 ]latency_case99_latency: 45.347 ms
[ AI-Rank-Log  4/ 7 20:44:13.735 ]latency_case100_latency: 45.768 ms
[ AI-Rank-Log  4/ 7 20:44:13.801 ]latency_case101_latency: 45.49 ms
[ AI-Rank-Log  4/ 7 20:44:13.857 ]latency_case102_latency: 45.299 ms
[ AI-Rank-Log  4/ 7 20:44:13.913 ]latency_case103_latency: 45.783 ms
[ AI-Rank-Log  4/ 7 20:44:13.972 ]latency_case104_latency: 45.895 ms
[ AI-Rank-Log  4/ 7 20:44:14. 31 ]latency_case105_latency: 45.938 ms
[ AI-Rank-Log  4/ 7 20:44:14. 82 ]latency_case106_latency: 45.714 ms
[ AI-Rank-Log  4/ 7 20:44:14.145 ]latency_case107_latency: 45.515 ms
[ AI-Rank-Log  4/ 7 20:44:14.202 ]latency_case108_latency: 45.377 ms
[ AI-Rank-Log  4/ 7 20:44:14.257 ]latency_case109_latency: 45.844 ms
[ AI-Rank-Log  4/ 7 20:44:14.316 ]latency_case110_latency: 45.471 ms
[ AI-Rank-Log  4/ 7 20:44:14.370 ]latency_case111_latency: 45.682 ms
[ AI-Rank-Log  4/ 7 20:44:14.430 ]latency_case112_latency: 45.883 ms
[ AI-Rank-Log  4/ 7 20:44:14.484 ]latency_case113_latency: 45.783 ms
[ AI-Rank-Log  4/ 7 20:44:14.541 ]latency_case114_latency: 45.407 ms
[ AI-Rank-Log  4/ 7 20:44:14.600 ]latency_case115_latency: 45.426 ms
[ AI-Rank-Log  4/ 7 20:44:14.653 ]latency_case116_latency: 45.662 ms
[ AI-Rank-Log  4/ 7 20:44:14.708 ]latency_case117_latency: 45.627 ms
[ AI-Rank-Log  4/ 7 20:44:14.766 ]latency_case118_latency: 45.337 ms
[ AI-Rank-Log  4/ 7 20:44:14.822 ]latency_case119_latency: 45.375 ms
[ AI-Rank-Log  4/ 7 20:44:14.880 ]latency_case120_latency: 45.293 ms
[ AI-Rank-Log  4/ 7 20:44:14.938 ]latency_case121_latency: 45.269 ms
[ AI-Rank-Log  4/ 7 20:44:14.997 ]latency_case122_latency: 45.236 ms
[ AI-Rank-Log  4/ 7 20:44:15. 55 ]latency_case123_latency: 45.662 ms
[ AI-Rank-Log  4/ 7 20:44:15.111 ]latency_case124_latency: 45.808 ms
[ AI-Rank-Log  4/ 7 20:44:15.171 ]latency_case125_latency: 45.883 ms
[ AI-Rank-Log  4/ 7 20:44:15.228 ]latency_case126_latency: 45.629 ms
[ AI-Rank-Log  4/ 7 20:44:15.290 ]latency_case127_latency: 45.54 ms
[ AI-Rank-Log  4/ 7 20:44:15.350 ]latency_case128_latency: 45.769 ms
[ AI-Rank-Log  4/ 7 20:44:15.408 ]latency_case129_latency: 45.758 ms
[ AI-Rank-Log  4/ 7 20:44:15.462 ]latency_case130_latency: 45.416 ms
[ AI-Rank-Log  4/ 7 20:44:15.523 ]latency_case131_latency: 45.37 ms
[ AI-Rank-Log  4/ 7 20:44:15.580 ]latency_case132_latency: 45.277 ms
[ AI-Rank-Log  4/ 7 20:44:15.638 ]latency_case133_latency: 45.386 ms
[ AI-Rank-Log  4/ 7 20:44:15.700 ]latency_case134_latency: 45.368 ms
[ AI-Rank-Log  4/ 7 20:44:15.755 ]latency_case135_latency: 45.226 ms
[ AI-Rank-Log  4/ 7 20:44:15.814 ]latency_case136_latency: 45.631 ms
[ AI-Rank-Log  4/ 7 20:44:15.874 ]latency_case137_latency: 45.899 ms
[ AI-Rank-Log  4/ 7 20:44:15.931 ]latency_case138_latency: 45.805 ms
[ AI-Rank-Log  4/ 7 20:44:15.991 ]latency_case139_latency: 45.793 ms
[ AI-Rank-Log  4/ 7 20:44:16. 46 ]latency_case140_latency: 45.664 ms
[ AI-Rank-Log  4/ 7 20:44:16.104 ]latency_case141_latency: 45.454 ms
[ AI-Rank-Log  4/ 7 20:44:16.165 ]latency_case142_latency: 45.502 ms
[ AI-Rank-Log  4/ 7 20:44:16.227 ]latency_case143_latency: 45.381 ms
[ AI-Rank-Log  4/ 7 20:44:16.284 ]latency_case144_latency: 45.369 ms
[ AI-Rank-Log  4/ 7 20:44:16.344 ]latency_case145_latency: 45.393 ms
[ AI-Rank-Log  4/ 7 20:44:16.418 ]latency_case146_latency: 45.388 ms
[ AI-Rank-Log  4/ 7 20:44:16.491 ]latency_case147_latency: 45.472 ms
[ AI-Rank-Log  4/ 7 20:44:16.550 ]latency_case148_latency: 45.786 ms
[ AI-Rank-Log  4/ 7 20:44:16.607 ]latency_case149_latency: 45.786 ms
[ AI-Rank-Log  4/ 7 20:44:16.661 ]latency_case150_latency: 45.485 ms
[ AI-Rank-Log  4/ 7 20:44:16.718 ]latency_case151_latency: 45.236 ms
[ AI-Rank-Log  4/ 7 20:44:16.777 ]latency_case152_latency: 45.32 ms
[ AI-Rank-Log  4/ 7 20:44:16.836 ]latency_case153_latency: 45.273 ms
[ AI-Rank-Log  4/ 7 20:44:16.894 ]latency_case154_latency: 45.705 ms
[ AI-Rank-Log  4/ 7 20:44:16.952 ]latency_case155_latency: 45.746 ms
[ AI-Rank-Log  4/ 7 20:44:17.  8 ]latency_case156_latency: 45.714 ms
[ AI-Rank-Log  4/ 7 20:44:17. 67 ]latency_case157_latency: 45.349 ms
[ AI-Rank-Log  4/ 7 20:44:17.124 ]latency_case158_latency: 45.448 ms
[ AI-Rank-Log  4/ 7 20:44:17.185 ]latency_case159_latency: 45.338 ms
[ AI-Rank-Log  4/ 7 20:44:17.242 ]latency_case160_latency: 45.304 ms
[ AI-Rank-Log  4/ 7 20:44:17.302 ]latency_case161_latency: 45.395 ms
[ AI-Rank-Log  4/ 7 20:44:17.361 ]latency_case162_latency: 45.31 ms
[ AI-Rank-Log  4/ 7 20:44:17.418 ]latency_case163_latency: 45.352 ms
[ AI-Rank-Log  4/ 7 20:44:17.478 ]latency_case164_latency: 45.138 ms
[ AI-Rank-Log  4/ 7 20:44:17.535 ]latency_case165_latency: 45.22 ms
[ AI-Rank-Log  4/ 7 20:44:17.725 ]latency_case166_latency: 45.563 ms
[ AI-Rank-Log  4/ 7 20:44:17.784 ]latency_case167_latency: 45.45 ms
[ AI-Rank-Log  4/ 7 20:44:17.842 ]latency_case168_latency: 45.364 ms
[ AI-Rank-Log  4/ 7 20:44:17.902 ]latency_case169_latency: 45.397 ms
[ AI-Rank-Log  4/ 7 20:44:17.958 ]latency_case170_latency: 45.307 ms
[ AI-Rank-Log  4/ 7 20:44:18. 14 ]latency_case171_latency: 45.615 ms
[ AI-Rank-Log  4/ 7 20:44:18. 71 ]latency_case172_latency: 45.796 ms
[ AI-Rank-Log  4/ 7 20:44:18.130 ]latency_case173_latency: 45.759 ms
[ AI-Rank-Log  4/ 7 20:44:18.187 ]latency_case174_latency: 45.68 ms
[ AI-Rank-Log  4/ 7 20:44:18.247 ]latency_case175_latency: 45.379 ms
[ AI-Rank-Log  4/ 7 20:44:18.302 ]latency_case176_latency: 45.363 ms
[ AI-Rank-Log  4/ 7 20:44:18.362 ]latency_case177_latency: 45.417 ms
[ AI-Rank-Log  4/ 7 20:44:18.418 ]latency_case178_latency: 45.243 ms
[ AI-Rank-Log  4/ 7 20:44:18.478 ]latency_case179_latency: 45.243 ms
[ AI-Rank-Log  4/ 7 20:44:18.537 ]latency_case180_latency: 45.188 ms
[ AI-Rank-Log  4/ 7 20:44:18.595 ]latency_case181_latency: 45.292 ms
[ AI-Rank-Log  4/ 7 20:44:18.651 ]latency_case182_latency: 45.584 ms
[ AI-Rank-Log  4/ 7 20:44:18.711 ]latency_case183_latency: 45.888 ms
[ AI-Rank-Log  4/ 7 20:44:18.767 ]latency_case184_latency: 45.716 ms
[ AI-Rank-Log  4/ 7 20:44:18.825 ]latency_case185_latency: 45.397 ms
[ AI-Rank-Log  4/ 7 20:44:18.882 ]latency_case186_latency: 45.359 ms
[ AI-Rank-Log  4/ 7 20:44:18.942 ]latency_case187_latency: 45.349 ms
[ AI-Rank-Log  4/ 7 20:44:19.  1 ]latency_case188_latency: 45.376 ms
[ AI-Rank-Log  4/ 7 20:44:19. 65 ]latency_case189_latency: 45.498 ms
[ AI-Rank-Log  4/ 7 20:44:19.122 ]latency_case190_latency: 45.418 ms
[ AI-Rank-Log  4/ 7 20:44:19.178 ]latency_case191_latency: 45.273 ms
[ AI-Rank-Log  4/ 7 20:44:19.237 ]latency_case192_latency: 45.248 ms
[ AI-Rank-Log  4/ 7 20:44:19.304 ]latency_case193_latency: 45.475 ms
[ AI-Rank-Log  4/ 7 20:44:19.358 ]latency_case194_latency: 45.324 ms
[ AI-Rank-Log  4/ 7 20:44:19.417 ]latency_case195_latency: 45.194 ms
[ AI-Rank-Log  4/ 7 20:44:19.474 ]latency_case196_latency: 45.25 ms
[ AI-Rank-Log  4/ 7 20:44:19.534 ]latency_case197_latency: 45.698 ms
[ AI-Rank-Log  4/ 7 20:44:19.596 ]latency_case198_latency: 45.887 ms
[ AI-Rank-Log  4/ 7 20:44:19.653 ]latency_case199_latency: 45.934 ms
[ AI-Rank-Log  4/ 7 20:44:19.711 ]latency_case200_latency: 45.89 ms
[ AI-Rank-Log  4/ 7 20:44:19.770 ]latency_case201_latency: 45.725 ms
[ AI-Rank-Log  4/ 7 20:44:19.829 ]latency_case202_latency: 45.819 ms
[ AI-Rank-Log  4/ 7 20:44:19.883 ]latency_case203_latency: 45.816 ms
[ AI-Rank-Log  4/ 7 20:44:19.938 ]latency_case204_latency: 45.239 ms
[ AI-Rank-Log  4/ 7 20:44:19.998 ]latency_case205_latency: 45.242 ms
[ AI-Rank-Log  4/ 7 20:44:20. 54 ]latency_case206_latency: 45.611 ms
[ AI-Rank-Log  4/ 7 20:44:20.113 ]latency_case207_latency: 45.896 ms
[ AI-Rank-Log  4/ 7 20:44:20.170 ]latency_case208_latency: 45.825 ms
[ AI-Rank-Log  4/ 7 20:44:20.229 ]latency_case209_latency: 45.864 ms
[ AI-Rank-Log  4/ 7 20:44:20.284 ]latency_case210_latency: 45.826 ms
[ AI-Rank-Log  4/ 7 20:44:20.340 ]latency_case211_latency: 45.326 ms
[ AI-Rank-Log  4/ 7 20:44:20.398 ]latency_case212_latency: 45.295 ms
[ AI-Rank-Log  4/ 7 20:44:20.454 ]latency_case213_latency: 45.267 ms
[ AI-Rank-Log  4/ 7 20:44:20.505 ]latency_case214_latency: 45.558 ms
[ AI-Rank-Log  4/ 7 20:44:20.564 ]latency_case215_latency: 45.465 ms
[ AI-Rank-Log  4/ 7 20:44:20.638 ]latency_case216_latency: 45.353 ms
[ AI-Rank-Log  4/ 7 20:44:20.697 ]latency_case217_latency: 45.273 ms
[ AI-Rank-Log  4/ 7 20:44:20.756 ]latency_case218_latency: 45.396 ms
[ AI-Rank-Log  4/ 7 20:44:20.812 ]latency_case219_latency: 45.657 ms
[ AI-Rank-Log  4/ 7 20:44:20.871 ]latency_case220_latency: 45.8 ms
[ AI-Rank-Log  4/ 7 20:44:20.932 ]latency_case221_latency: 45.855 ms
[ AI-Rank-Log  4/ 7 20:44:20.991 ]latency_case222_latency: 45.805 ms
[ AI-Rank-Log  4/ 7 20:44:21. 50 ]latency_case223_latency: 45.742 ms
[ AI-Rank-Log  4/ 7 20:44:21.110 ]latency_case224_latency: 45.521 ms
[ AI-Rank-Log  4/ 7 20:44:21.166 ]latency_case225_latency: 45.333 ms
[ AI-Rank-Log  4/ 7 20:44:21.222 ]latency_case226_latency: 45.333 ms
[ AI-Rank-Log  4/ 7 20:44:21.281 ]latency_case227_latency: 45.274 ms
[ AI-Rank-Log  4/ 7 20:44:21.337 ]latency_case228_latency: 45.266 ms
[ AI-Rank-Log  4/ 7 20:44:21.394 ]latency_case229_latency: 45.513 ms
[ AI-Rank-Log  4/ 7 20:44:21.455 ]latency_case230_latency: 45.817 ms
[ AI-Rank-Log  4/ 7 20:44:21.515 ]latency_case231_latency: 46.059 ms
[ AI-Rank-Log  4/ 7 20:44:21.572 ]latency_case232_latency: 45.824 ms
[ AI-Rank-Log  4/ 7 20:44:21.627 ]latency_case233_latency: 45.842 ms
[ AI-Rank-Log  4/ 7 20:44:21.686 ]latency_case234_latency: 45.464 ms
[ AI-Rank-Log  4/ 7 20:44:21.744 ]latency_case235_latency: 45.54 ms
[ AI-Rank-Log  4/ 7 20:44:21.803 ]latency_case236_latency: 45.349 ms
[ AI-Rank-Log  4/ 7 20:44:21.861 ]latency_case237_latency: 45.368 ms
[ AI-Rank-Log  4/ 7 20:44:21.918 ]latency_case238_latency: 45.233 ms
[ AI-Rank-Log  4/ 7 20:44:21.974 ]latency_case239_latency: 45.656 ms
[ AI-Rank-Log  4/ 7 20:44:22. 34 ]latency_case240_latency: 45.808 ms
[ AI-Rank-Log  4/ 7 20:44:22. 91 ]latency_case241_latency: 45.892 ms
[ AI-Rank-Log  4/ 7 20:44:22.152 ]latency_case242_latency: 45.763 ms
[ AI-Rank-Log  4/ 7 20:44:22.212 ]latency_case243_latency: 45.866 ms
[ AI-Rank-Log  4/ 7 20:44:22.267 ]latency_case244_latency: 45.65 ms
[ AI-Rank-Log  4/ 7 20:44:22.323 ]latency_case245_latency: 45.354 ms
[ AI-Rank-Log  4/ 7 20:44:22.380 ]latency_case246_latency: 45.324 ms
[ AI-Rank-Log  4/ 7 20:44:22.569 ]latency_case247_latency: 45.382 ms
[ AI-Rank-Log  4/ 7 20:44:22.627 ]latency_case248_latency: 45.468 ms
[ AI-Rank-Log  4/ 7 20:44:22.686 ]latency_case249_latency: 45.399 ms
[ AI-Rank-Log  4/ 7 20:44:22.742 ]latency_case250_latency: 45.323 ms
[ AI-Rank-Log  4/ 7 20:44:22.796 ]latency_case251_latency: 45.826 ms
[ AI-Rank-Log  4/ 7 20:44:22.855 ]latency_case252_latency: 45.374 ms
[ AI-Rank-Log  4/ 7 20:44:22.909 ]latency_case253_latency: 45.626 ms
[ AI-Rank-Log  4/ 7 20:44:22.970 ]latency_case254_latency: 45.493 ms
[ AI-Rank-Log  4/ 7 20:44:23. 26 ]latency_case255_latency: 45.307 ms
[ AI-Rank-Log  4/ 7 20:44:23. 82 ]latency_case256_latency: 45.452 ms
[ AI-Rank-Log  4/ 7 20:44:23.142 ]latency_case257_latency: 45.362 ms
[ AI-Rank-Log  4/ 7 20:44:23.201 ]latency_case258_latency: 45.336 ms
[ AI-Rank-Log  4/ 7 20:44:23.256 ]latency_case259_latency: 45.254 ms
[ AI-Rank-Log  4/ 7 20:44:23.314 ]latency_case260_latency: 45.682 ms
[ AI-Rank-Log  4/ 7 20:44:23.371 ]latency_case261_latency: 45.775 ms
[ AI-Rank-Log  4/ 7 20:44:23.431 ]latency_case262_latency: 45.781 ms
[ AI-Rank-Log  4/ 7 20:44:23.490 ]latency_case263_latency: 45.785 ms
[ AI-Rank-Log  4/ 7 20:44:23.550 ]latency_case264_latency: 45.771 ms
[ AI-Rank-Log  4/ 7 20:44:23.610 ]latency_case265_latency: 45.873 ms
[ AI-Rank-Log  4/ 7 20:44:23.946 ]latency_case266_latency: 45.544 ms
[ AI-Rank-Log  4/ 7 20:44:24.  1 ]latency_case267_latency: 45.312 ms
[ AI-Rank-Log  4/ 7 20:44:24. 58 ]latency_case268_latency: 45.256 ms
[ AI-Rank-Log  4/ 7 20:44:24.114 ]latency_case269_latency: 45.672 ms
[ AI-Rank-Log  4/ 7 20:44:24.167 ]latency_case270_latency: 45.67 ms
[ AI-Rank-Log  4/ 7 20:44:24.224 ]latency_case271_latency: 45.427 ms
[ AI-Rank-Log  4/ 7 20:44:24.280 ]latency_case272_latency: 45.369 ms
[ AI-Rank-Log  4/ 7 20:44:24.335 ]latency_case273_latency: 45.254 ms
[ AI-Rank-Log  4/ 7 20:44:24.391 ]latency_case274_latency: 45.541 ms
[ AI-Rank-Log  4/ 7 20:44:24.449 ]latency_case275_latency: 45.822 ms
[ AI-Rank-Log  4/ 7 20:44:24.504 ]latency_case276_latency: 45.672 ms
[ AI-Rank-Log  4/ 7 20:44:24.562 ]latency_case277_latency: 45.396 ms
[ AI-Rank-Log  4/ 7 20:44:24.619 ]latency_case278_latency: 45.396 ms
[ AI-Rank-Log  4/ 7 20:44:24.678 ]latency_case279_latency: 45.269 ms
[ AI-Rank-Log  4/ 7 20:44:24.734 ]latency_case280_latency: 45.191 ms
[ AI-Rank-Log  4/ 7 20:44:24.794 ]latency_case281_latency: 45.69 ms
[ AI-Rank-Log  4/ 7 20:44:24.843 ]latency_case282_latency: 45.845 ms
[ AI-Rank-Log  4/ 7 20:44:24.899 ]latency_case283_latency: 45.449 ms
[ AI-Rank-Log  4/ 7 20:44:24.954 ]latency_case284_latency: 45.156 ms
[ AI-Rank-Log  4/ 7 20:44:25. 11 ]latency_case285_latency: 45.551 ms
[ AI-Rank-Log  4/ 7 20:44:25. 69 ]latency_case286_latency: 45.933 ms
[ AI-Rank-Log  4/ 7 20:44:25.128 ]latency_case287_latency: 45.722 ms
[ AI-Rank-Log  4/ 7 20:44:25.186 ]latency_case288_latency: 45.38 ms
[ AI-Rank-Log  4/ 7 20:44:25.241 ]latency_case289_latency: 45.368 ms
[ AI-Rank-Log  4/ 7 20:44:25.300 ]latency_case290_latency: 45.389 ms
[ AI-Rank-Log  4/ 7 20:44:25.357 ]latency_case291_latency: 45.207 ms
[ AI-Rank-Log  4/ 7 20:44:25.415 ]latency_case292_latency: 45.673 ms
[ AI-Rank-Log  4/ 7 20:44:25.474 ]latency_case293_latency: 45.844 ms
[ AI-Rank-Log  4/ 7 20:44:25.531 ]latency_case294_latency: 45.832 ms
[ AI-Rank-Log  4/ 7 20:44:25.591 ]latency_case295_latency: 45.861 ms
[ AI-Rank-Log  4/ 7 20:44:25.647 ]latency_case296_latency: 45.717 ms
[ AI-Rank-Log  4/ 7 20:44:25.705 ]latency_case297_latency: 45.386 ms
[ AI-Rank-Log  4/ 7 20:44:25.765 ]latency_case298_latency: 45.38 ms
[ AI-Rank-Log  4/ 7 20:44:25.822 ]latency_case299_latency: 45.368 ms
[ AI-Rank-Log  4/ 7 20:44:25.878 ]latency_case300_latency: 45.293 ms
[ AI-Rank-Log  4/ 7 20:44:25.937 ]latency_case301_latency: 45.27 ms
[ AI-Rank-Log  4/ 7 20:44:25.994 ]latency_case302_latency: 45.566 ms
[ AI-Rank-Log  4/ 7 20:44:26. 47 ]latency_case303_latency: 45.601 ms
[ AI-Rank-Log  4/ 7 20:44:26.104 ]latency_case304_latency: 45.406 ms
[ AI-Rank-Log  4/ 7 20:44:26.162 ]latency_case305_latency: 45.325 ms
[ AI-Rank-Log  4/ 7 20:44:26.218 ]latency_case306_latency: 45.283 ms
[ AI-Rank-Log  4/ 7 20:44:26.276 ]latency_case307_latency: 45.247 ms
[ AI-Rank-Log  4/ 7 20:44:26.335 ]latency_case308_latency: 45.603 ms
[ AI-Rank-Log  4/ 7 20:44:26.391 ]latency_case309_latency: 45.781 ms
[ AI-Rank-Log  4/ 7 20:44:26.447 ]latency_case310_latency: 45.717 ms
[ AI-Rank-Log  4/ 7 20:44:26.501 ]latency_case311_latency: 45.32 ms
[ AI-Rank-Log  4/ 7 20:44:26.558 ]latency_case312_latency: 45.315 ms
[ AI-Rank-Log  4/ 7 20:44:26.623 ]latency_case313_latency: 45.561 ms
[ AI-Rank-Log  4/ 7 20:44:26.679 ]latency_case314_latency: 45.281 ms
[ AI-Rank-Log  4/ 7 20:44:26.736 ]latency_case315_latency: 45.66 ms
[ AI-Rank-Log  4/ 7 20:44:26.795 ]latency_case316_latency: 45.352 ms
[ AI-Rank-Log  4/ 7 20:44:26.856 ]latency_case317_latency: 45.626 ms
[ AI-Rank-Log  4/ 7 20:44:26.910 ]latency_case318_latency: 45.905 ms
[ AI-Rank-Log  4/ 7 20:44:26.970 ]latency_case319_latency: 45.765 ms
[ AI-Rank-Log  4/ 7 20:44:27. 31 ]latency_case320_latency: 45.724 ms
[ AI-Rank-Log  4/ 7 20:44:27. 86 ]latency_case321_latency: 45.758 ms
[ AI-Rank-Log  4/ 7 20:44:27.140 ]latency_case322_latency: 45.378 ms
[ AI-Rank-Log  4/ 7 20:44:27.198 ]latency_case323_latency: 45.264 ms
[ AI-Rank-Log  4/ 7 20:44:27.257 ]latency_case324_latency: 45.225 ms
[ AI-Rank-Log  4/ 7 20:44:27.318 ]latency_case325_latency: 45.328 ms
[ AI-Rank-Log  4/ 7 20:44:27.377 ]latency_case326_latency: 45.286 ms
[ AI-Rank-Log  4/ 7 20:44:27.434 ]latency_case327_latency: 45.214 ms
[ AI-Rank-Log  4/ 7 20:44:27.494 ]latency_case328_latency: 45.204 ms
[ AI-Rank-Log  4/ 7 20:44:27.554 ]latency_case329_latency: 45.655 ms
[ AI-Rank-Log  4/ 7 20:44:27.611 ]latency_case330_latency: 45.911 ms
[ AI-Rank-Log  4/ 7 20:44:27.671 ]latency_case331_latency: 45.956 ms
[ AI-Rank-Log  4/ 7 20:44:27.730 ]latency_case332_latency: 45.799 ms
[ AI-Rank-Log  4/ 7 20:44:27.790 ]latency_case333_latency: 45.797 ms
[ AI-Rank-Log  4/ 7 20:44:27.850 ]latency_case334_latency: 45.725 ms
[ AI-Rank-Log  4/ 7 20:44:27.909 ]latency_case335_latency: 45.609 ms
[ AI-Rank-Log  4/ 7 20:44:27.967 ]latency_case336_latency: 45.468 ms
[ AI-Rank-Log  4/ 7 20:44:28. 25 ]latency_case337_latency: 45.313 ms
[ AI-Rank-Log  4/ 7 20:44:28. 84 ]latency_case338_latency: 45.389 ms
[ AI-Rank-Log  4/ 7 20:44:28.142 ]latency_case339_latency: 45.338 ms
[ AI-Rank-Log  4/ 7 20:44:28.211 ]latency_case340_latency: 45.609 ms
[ AI-Rank-Log  4/ 7 20:44:28.267 ]latency_case341_latency: 45.689 ms
[ AI-Rank-Log  4/ 7 20:44:28.326 ]latency_case342_latency: 45.361 ms
[ AI-Rank-Log  4/ 7 20:44:28.384 ]latency_case343_latency: 45.458 ms
[ AI-Rank-Log  4/ 7 20:44:28.442 ]latency_case344_latency: 45.411 ms
[ AI-Rank-Log  4/ 7 20:44:28.501 ]latency_case345_latency: 45.35 ms
[ AI-Rank-Log  4/ 7 20:44:28.557 ]latency_case346_latency: 45.268 ms
[ AI-Rank-Log  4/ 7 20:44:28.615 ]latency_case347_latency: 45.669 ms
[ AI-Rank-Log  4/ 7 20:44:28.674 ]latency_case348_latency: 45.833 ms
[ AI-Rank-Log  4/ 7 20:44:28.732 ]latency_case349_latency: 45.807 ms
[ AI-Rank-Log  4/ 7 20:44:28.783 ]latency_case350_latency: 45.713 ms
[ AI-Rank-Log  4/ 7 20:44:28.841 ]latency_case351_latency: 45.395 ms
[ AI-Rank-Log  4/ 7 20:44:28.900 ]latency_case352_latency: 45.328 ms
[ AI-Rank-Log  4/ 7 20:44:28.955 ]latency_case353_latency: 45.636 ms
[ AI-Rank-Log  4/ 7 20:44:29. 15 ]latency_case354_latency: 45.85 ms
[ AI-Rank-Log  4/ 7 20:44:29. 73 ]latency_case355_latency: 45.79 ms
[ AI-Rank-Log  4/ 7 20:44:29.131 ]latency_case356_latency: 45.804 ms
[ AI-Rank-Log  4/ 7 20:44:29.190 ]latency_case357_latency: 45.804 ms
[ AI-Rank-Log  4/ 7 20:44:29.249 ]latency_case358_latency: 45.776 ms
[ AI-Rank-Log  4/ 7 20:44:29.309 ]latency_case359_latency: 45.825 ms
[ AI-Rank-Log  4/ 7 20:44:29.367 ]latency_case360_latency: 45.706 ms
[ AI-Rank-Log  4/ 7 20:44:29.426 ]latency_case361_latency: 45.391 ms
[ AI-Rank-Log  4/ 7 20:44:29.477 ]latency_case362_latency: 45.157 ms
[ AI-Rank-Log  4/ 7 20:44:29.538 ]latency_case363_latency: 45.258 ms
[ AI-Rank-Log  4/ 7 20:44:29.592 ]latency_case364_latency: 45.664 ms
[ AI-Rank-Log  4/ 7 20:44:29.650 ]latency_case365_latency: 45.84 ms
[ AI-Rank-Log  4/ 7 20:44:29.707 ]latency_case366_latency: 45.636 ms
[ AI-Rank-Log  4/ 7 20:44:29.783 ]latency_case367_latency: 45.293 ms
[ AI-Rank-Log  4/ 7 20:44:29.839 ]latency_case368_latency: 45.33 ms
[ AI-Rank-Log  4/ 7 20:44:29.893 ]latency_case369_latency: 45.75 ms
[ AI-Rank-Log  4/ 7 20:44:29.951 ]latency_case370_latency: 45.831 ms
[ AI-Rank-Log  4/ 7 20:44:30. 10 ]latency_case371_latency: 45.751 ms
[ AI-Rank-Log  4/ 7 20:44:30. 69 ]latency_case372_latency: 45.705 ms
[ AI-Rank-Log  4/ 7 20:44:30.125 ]latency_case373_latency: 45.728 ms
[ AI-Rank-Log  4/ 7 20:44:30.251 ]latency_case374_latency: 45.479 ms
[ AI-Rank-Log  4/ 7 20:44:30.307 ]latency_case375_latency: 45.748 ms
[ AI-Rank-Log  4/ 7 20:44:30.364 ]latency_case376_latency: 45.481 ms
[ AI-Rank-Log  4/ 7 20:44:30.442 ]latency_case377_latency: 45.258 ms
[ AI-Rank-Log  4/ 7 20:44:30.499 ]latency_case378_latency: 45.237 ms
[ AI-Rank-Log  4/ 7 20:44:30.558 ]latency_case379_latency: 45.232 ms
[ AI-Rank-Log  4/ 7 20:44:30.616 ]latency_case380_latency: 45.745 ms
[ AI-Rank-Log  4/ 7 20:44:30.675 ]latency_case381_latency: 45.817 ms
[ AI-Rank-Log  4/ 7 20:44:30.734 ]latency_case382_latency: 45.768 ms
[ AI-Rank-Log  4/ 7 20:44:30.791 ]latency_case383_latency: 45.835 ms
[ AI-Rank-Log  4/ 7 20:44:30.847 ]latency_case384_latency: 45.649 ms
[ AI-Rank-Log  4/ 7 20:44:30.906 ]latency_case385_latency: 45.404 ms
[ AI-Rank-Log  4/ 7 20:44:30.962 ]latency_case386_latency: 45.36 ms
[ AI-Rank-Log  4/ 7 20:44:31. 19 ]latency_case387_latency: 45.316 ms
[ AI-Rank-Log  4/ 7 20:44:31. 79 ]latency_case388_latency: 45.272 ms
[ AI-Rank-Log  4/ 7 20:44:31.137 ]latency_case389_latency: 45.246 ms
[ AI-Rank-Log  4/ 7 20:44:31.196 ]latency_case390_latency: 45.238 ms
[ AI-Rank-Log  4/ 7 20:44:31.252 ]latency_case391_latency: 45.596 ms
[ AI-Rank-Log  4/ 7 20:44:31.309 ]latency_case392_latency: 45.845 ms
[ AI-Rank-Log  4/ 7 20:44:31.367 ]latency_case393_latency: 45.669 ms
[ AI-Rank-Log  4/ 7 20:44:31.455 ]latency_case394_latency: 45.137 ms
[ AI-Rank-Log  4/ 7 20:44:31.511 ]latency_case395_latency: 45.641 ms
[ AI-Rank-Log  4/ 7 20:44:31.570 ]latency_case396_latency: 45.792 ms
[ AI-Rank-Log  4/ 7 20:44:31.627 ]latency_case397_latency: 45.689 ms
[ AI-Rank-Log  4/ 7 20:44:31.697 ]latency_case398_latency: 45.214 ms
[ AI-Rank-Log  4/ 7 20:44:31.754 ]latency_case399_latency: 45.876 ms
[ AI-Rank-Log  4/ 7 20:44:31.810 ]latency_case400_latency: 45.774 ms
[ AI-Rank-Log  4/ 7 20:44:31.867 ]latency_case401_latency: 45.682 ms
[ AI-Rank-Log  4/ 7 20:44:31.922 ]latency_case402_latency: 45.331 ms
[ AI-Rank-Log  4/ 7 20:44:31.982 ]latency_case403_latency: 45.377 ms
[ AI-Rank-Log  4/ 7 20:44:32. 38 ]latency_case404_latency: 45.253 ms
[ AI-Rank-Log  4/ 7 20:44:32. 95 ]latency_case405_latency: 45.672 ms
[ AI-Rank-Log  4/ 7 20:44:32.150 ]latency_case406_latency: 45.824 ms
[ AI-Rank-Log  4/ 7 20:44:32.209 ]latency_case407_latency: 45.856 ms
[ AI-Rank-Log  4/ 7 20:44:32.268 ]latency_case408_latency: 45.697 ms
[ AI-Rank-Log  4/ 7 20:44:32.324 ]latency_case409_latency: 45.415 ms
[ AI-Rank-Log  4/ 7 20:44:32.378 ]latency_case410_latency: 45.335 ms
[ AI-Rank-Log  4/ 7 20:44:32.434 ]latency_case411_latency: 45.188 ms
[ AI-Rank-Log  4/ 7 20:44:32.494 ]latency_case412_latency: 45.598 ms
[ AI-Rank-Log  4/ 7 20:44:32.551 ]latency_case413_latency: 45.781 ms
[ AI-Rank-Log  4/ 7 20:44:32.611 ]latency_case414_latency: 45.982 ms
[ AI-Rank-Log  4/ 7 20:44:32.670 ]latency_case415_latency: 45.723 ms
[ AI-Rank-Log  4/ 7 20:44:32.729 ]latency_case416_latency: 45.863 ms
[ AI-Rank-Log  4/ 7 20:44:32.789 ]latency_case417_latency: 45.916 ms
[ AI-Rank-Log  4/ 7 20:44:32.849 ]latency_case418_latency: 45.925 ms
[ AI-Rank-Log  4/ 7 20:44:32.906 ]latency_case419_latency: 45.768 ms
[ AI-Rank-Log  4/ 7 20:44:32.965 ]latency_case420_latency: 45.484 ms
[ AI-Rank-Log  4/ 7 20:44:33. 21 ]latency_case421_latency: 45.468 ms
[ AI-Rank-Log  4/ 7 20:44:33. 75 ]latency_case422_latency: 45.62 ms
[ AI-Rank-Log  4/ 7 20:44:33.329 ]latency_case423_latency: 45.302 ms
[ AI-Rank-Log  4/ 7 20:44:33.385 ]latency_case424_latency: 45.591 ms
[ AI-Rank-Log  4/ 7 20:44:33.442 ]latency_case425_latency: 45.36 ms
[ AI-Rank-Log  4/ 7 20:44:33.498 ]latency_case426_latency: 45.269 ms
[ AI-Rank-Log  4/ 7 20:44:33.556 ]latency_case427_latency: 45.234 ms
[ AI-Rank-Log  4/ 7 20:44:33.614 ]latency_case428_latency: 45.721 ms
[ AI-Rank-Log  4/ 7 20:44:33.674 ]latency_case429_latency: 45.771 ms
[ AI-Rank-Log  4/ 7 20:44:33.735 ]latency_case430_latency: 45.778 ms
[ AI-Rank-Log  4/ 7 20:44:33.796 ]latency_case431_latency: 45.324 ms
[ AI-Rank-Log  4/ 7 20:44:33.851 ]latency_case432_latency: 45.558 ms
[ AI-Rank-Log  4/ 7 20:44:33.911 ]latency_case433_latency: 45.787 ms
[ AI-Rank-Log  4/ 7 20:44:33.970 ]latency_case434_latency: 45.731 ms
[ AI-Rank-Log  4/ 7 20:44:34. 22 ]latency_case435_latency: 45.715 ms
[ AI-Rank-Log  4/ 7 20:44:34. 81 ]latency_case436_latency: 45.473 ms
[ AI-Rank-Log  4/ 7 20:44:34.141 ]latency_case437_latency: 45.486 ms
[ AI-Rank-Log  4/ 7 20:44:34.199 ]latency_case438_latency: 45.353 ms
[ AI-Rank-Log  4/ 7 20:44:34.257 ]latency_case439_latency: 45.414 ms
[ AI-Rank-Log  4/ 7 20:44:34.318 ]latency_case440_latency: 45.198 ms
[ AI-Rank-Log  4/ 7 20:44:34.374 ]latency_case441_latency: 45.236 ms
[ AI-Rank-Log  4/ 7 20:44:34.433 ]latency_case442_latency: 45.677 ms
[ AI-Rank-Log  4/ 7 20:44:34.491 ]latency_case443_latency: 45.775 ms
[ AI-Rank-Log  4/ 7 20:44:34.551 ]latency_case444_latency: 45.868 ms
[ AI-Rank-Log  4/ 7 20:44:34.610 ]latency_case445_latency: 45.86 ms
[ AI-Rank-Log  4/ 7 20:44:34.670 ]latency_case446_latency: 45.76 ms
[ AI-Rank-Log  4/ 7 20:44:34.730 ]latency_case447_latency: 45.784 ms
[ AI-Rank-Log  4/ 7 20:44:34.791 ]latency_case448_latency: 45.763 ms
[ AI-Rank-Log  4/ 7 20:44:34.850 ]latency_case449_latency: 45.79 ms
[ AI-Rank-Log  4/ 7 20:44:34.907 ]latency_case450_latency: 45.758 ms
[ AI-Rank-Log  4/ 7 20:44:34.962 ]latency_case451_latency: 45.392 ms
[ AI-Rank-Log  4/ 7 20:44:35. 18 ]latency_case452_latency: 45.258 ms
[ AI-Rank-Log  4/ 7 20:44:35.109 ]latency_case453_latency: 45.49 ms
[ AI-Rank-Log  4/ 7 20:44:35.170 ]latency_case454_latency: 45.845 ms
[ AI-Rank-Log  4/ 7 20:44:35.231 ]latency_case455_latency: 45.865 ms
[ AI-Rank-Log  4/ 7 20:44:35.290 ]latency_case456_latency: 45.844 ms
[ AI-Rank-Log  4/ 7 20:44:35.345 ]latency_case457_latency: 45.814 ms
[ AI-Rank-Log  4/ 7 20:44:35.398 ]latency_case458_latency: 45.303 ms
[ AI-Rank-Log  4/ 7 20:44:35.455 ]latency_case459_latency: 45.717 ms
[ AI-Rank-Log  4/ 7 20:44:35.514 ]latency_case460_latency: 45.802 ms
[ AI-Rank-Log  4/ 7 20:44:35.567 ]latency_case461_latency: 45.676 ms
[ AI-Rank-Log  4/ 7 20:44:35.626 ]latency_case462_latency: 45.435 ms
[ AI-Rank-Log  4/ 7 20:44:35.682 ]latency_case463_latency: 45.366 ms
[ AI-Rank-Log  4/ 7 20:44:35.739 ]latency_case464_latency: 45.364 ms
[ AI-Rank-Log  4/ 7 20:44:35.798 ]latency_case465_latency: 45.277 ms
[ AI-Rank-Log  4/ 7 20:44:35.856 ]latency_case466_latency: 45.303 ms
[ AI-Rank-Log  4/ 7 20:44:35.914 ]latency_case467_latency: 45.623 ms
[ AI-Rank-Log  4/ 7 20:44:35.973 ]latency_case468_latency: 45.921 ms
[ AI-Rank-Log  4/ 7 20:44:36. 34 ]latency_case469_latency: 45.298 ms
[ AI-Rank-Log  4/ 7 20:44:36. 90 ]latency_case470_latency: 45.643 ms
[ AI-Rank-Log  4/ 7 20:44:36.145 ]latency_case471_latency: 45.861 ms
[ AI-Rank-Log  4/ 7 20:44:36.201 ]latency_case472_latency: 45.34 ms
[ AI-Rank-Log  4/ 7 20:44:36.258 ]latency_case473_latency: 45.215 ms
[ AI-Rank-Log  4/ 7 20:44:36.314 ]latency_case474_latency: 45.09 ms
[ AI-Rank-Log  4/ 7 20:44:36.374 ]latency_case475_latency: 46.359 ms
[ AI-Rank-Log  4/ 7 20:44:36.430 ]latency_case476_latency: 45.766 ms
[ AI-Rank-Log  4/ 7 20:44:36.491 ]latency_case477_latency: 45.772 ms
[ AI-Rank-Log  4/ 7 20:44:36.549 ]latency_case478_latency: 45.908 ms
[ AI-Rank-Log  4/ 7 20:44:36.598 ]latency_case479_latency: 45.704 ms
[ AI-Rank-Log  4/ 7 20:44:36.654 ]latency_case480_latency: 45.61 ms
[ AI-Rank-Log  4/ 7 20:44:36.712 ]latency_case481_latency: 46.623 ms
[ AI-Rank-Log  4/ 7 20:44:36.771 ]latency_case482_latency: 45.73 ms
[ AI-Rank-Log  4/ 7 20:44:36.827 ]latency_case483_latency: 45.664 ms
[ AI-Rank-Log  4/ 7 20:44:36.884 ]latency_case484_latency: 45.5 ms
[ AI-Rank-Log  4/ 7 20:44:36.941 ]latency_case485_latency: 45.387 ms
[ AI-Rank-Log  4/ 7 20:44:36.995 ]latency_case486_latency: 45.707 ms
[ AI-Rank-Log  4/ 7 20:44:37. 54 ]latency_case487_latency: 45.784 ms
[ AI-Rank-Log  4/ 7 20:44:37.111 ]latency_case488_latency: 45.9 ms
[ AI-Rank-Log  4/ 7 20:44:37.170 ]latency_case489_latency: 45.76 ms
[ AI-Rank-Log  4/ 7 20:44:37.230 ]latency_case490_latency: 45.742 ms
[ AI-Rank-Log  4/ 7 20:44:37.287 ]latency_case491_latency: 45.601 ms
[ AI-Rank-Log  4/ 7 20:44:37.342 ]latency_case492_latency: 45.394 ms
[ AI-Rank-Log  4/ 7 20:44:37.402 ]latency_case493_latency: 45.374 ms
[ AI-Rank-Log  4/ 7 20:44:37.459 ]latency_case494_latency: 45.388 ms
[ AI-Rank-Log  4/ 7 20:44:37.516 ]latency_case495_latency: 45.342 ms
[ AI-Rank-Log  4/ 7 20:44:37.574 ]latency_case496_latency: 45.23 ms
[ AI-Rank-Log  4/ 7 20:44:37.635 ]latency_case497_latency: 45.694 ms
[ AI-Rank-Log  4/ 7 20:44:37.691 ]latency_case498_latency: 45.772 ms
[ AI-Rank-Log  4/ 7 20:44:37.747 ]latency_case499_latency: 45.702 ms
[ AI-Rank-Log  4/ 7 20:44:37.802 ]latency_case500_latency: 45.337 ms
[ AI-Rank-Log  4/ 7 20:44:37.861 ]latency_case501_latency: 45.437 ms
[ AI-Rank-Log  4/ 7 20:44:37.919 ]latency_case502_latency: 45.395 ms
[ AI-Rank-Log  4/ 7 20:44:37.974 ]latency_case503_latency: 45.288 ms
[ AI-Rank-Log  4/ 7 20:44:38. 31 ]latency_case504_latency: 45.559 ms
[ AI-Rank-Log  4/ 7 20:44:38. 91 ]latency_case505_latency: 45.839 ms
[ AI-Rank-Log  4/ 7 20:44:38.151 ]latency_case506_latency: 45.899 ms
[ AI-Rank-Log  4/ 7 20:44:38.210 ]latency_case507_latency: 45.814 ms
[ AI-Rank-Log  4/ 7 20:44:38.269 ]latency_case508_latency: 45.605 ms
[ AI-Rank-Log  4/ 7 20:44:38.326 ]latency_case509_latency: 45.437 ms
[ AI-Rank-Log  4/ 7 20:44:38.386 ]latency_case510_latency: 45.43 ms
[ AI-Rank-Log  4/ 7 20:44:38.438 ]latency_case511_latency: 45.199 ms
[ AI-Rank-Log  4/ 7 20:44:38.497 ]latency_case512_latency: 45.196 ms
[ AI-Rank-Log  4/ 7 20:44:38.562 ]latency_case513_latency: 45.316 ms
[ AI-Rank-Log  4/ 7 20:44:38.618 ]latency_case514_latency: 45.331 ms
[ AI-Rank-Log  4/ 7 20:44:38.678 ]latency_case515_latency: 45.202 ms
[ AI-Rank-Log  4/ 7 20:44:38.737 ]latency_case516_latency: 45.313 ms
[ AI-Rank-Log  4/ 7 20:44:38.796 ]latency_case517_latency: 45.279 ms
[ AI-Rank-Log  4/ 7 20:44:38.855 ]latency_case518_latency: 45.247 ms
[ AI-Rank-Log  4/ 7 20:44:38.910 ]latency_case519_latency: 45.348 ms
[ AI-Rank-Log  4/ 7 20:44:38.966 ]latency_case520_latency: 45.39 ms
[ AI-Rank-Log  4/ 7 20:44:39. 26 ]latency_case521_latency: 45.344 ms
[ AI-Rank-Log  4/ 7 20:44:39. 92 ]latency_case522_latency: 45.595 ms
[ AI-Rank-Log  4/ 7 20:44:39.150 ]latency_case523_latency: 45.78 ms
[ AI-Rank-Log  4/ 7 20:44:39.210 ]latency_case524_latency: 45.844 ms
[ AI-Rank-Log  4/ 7 20:44:39.267 ]latency_case525_latency: 45.741 ms
[ AI-Rank-Log  4/ 7 20:44:39.326 ]latency_case526_latency: 45.507 ms
[ AI-Rank-Log  4/ 7 20:44:39.382 ]latency_case527_latency: 45.347 ms
[ AI-Rank-Log  4/ 7 20:44:39.437 ]latency_case528_latency: 45.8 ms
[ AI-Rank-Log  4/ 7 20:44:39.497 ]latency_case529_latency: 45.392 ms
[ AI-Rank-Log  4/ 7 20:44:39.555 ]latency_case530_latency: 45.635 ms
[ AI-Rank-Log  4/ 7 20:44:39.611 ]latency_case531_latency: 45.805 ms
[ AI-Rank-Log  4/ 7 20:44:39.662 ]latency_case532_latency: 45.737 ms
[ AI-Rank-Log  4/ 7 20:44:39.722 ]latency_case533_latency: 45.344 ms
[ AI-Rank-Log  4/ 7 20:44:39.779 ]latency_case534_latency: 45.332 ms
[ AI-Rank-Log  4/ 7 20:44:39.835 ]latency_case535_latency: 45.208 ms
[ AI-Rank-Log  4/ 7 20:44:39.890 ]latency_case536_latency: 45.561 ms
[ AI-Rank-Log  4/ 7 20:44:39.947 ]latency_case537_latency: 45.79 ms
[ AI-Rank-Log  4/ 7 20:44:40.  6 ]latency_case538_latency: 45.337 ms
[ AI-Rank-Log  4/ 7 20:44:40. 65 ]latency_case539_latency: 45.458 ms
[ AI-Rank-Log  4/ 7 20:44:40.124 ]latency_case540_latency: 45.479 ms
[ AI-Rank-Log  4/ 7 20:44:40.182 ]latency_case541_latency: 45.424 ms
[ AI-Rank-Log  4/ 7 20:44:40.242 ]latency_case542_latency: 45.37 ms
[ AI-Rank-Log  4/ 7 20:44:40.293 ]latency_case543_latency: 45.645 ms
[ AI-Rank-Log  4/ 7 20:44:40.351 ]latency_case544_latency: 45.761 ms
[ AI-Rank-Log  4/ 7 20:44:40.414 ]latency_case545_latency: 45.33 ms
[ AI-Rank-Log  4/ 7 20:44:40.472 ]latency_case546_latency: 45.664 ms
[ AI-Rank-Log  4/ 7 20:44:40.530 ]latency_case547_latency: 45.791 ms
[ AI-Rank-Log  4/ 7 20:44:40.591 ]latency_case548_latency: 45.791 ms
[ AI-Rank-Log  4/ 7 20:44:40.645 ]latency_case549_latency: 45.703 ms
[ AI-Rank-Log  4/ 7 20:44:40.702 ]latency_case550_latency: 45.36 ms
[ AI-Rank-Log  4/ 7 20:44:40.762 ]latency_case551_latency: 45.326 ms
[ AI-Rank-Log  4/ 7 20:44:40.823 ]latency_case552_latency: 45.349 ms
[ AI-Rank-Log  4/ 7 20:44:40.882 ]latency_case553_latency: 45.324 ms
[ AI-Rank-Log  4/ 7 20:44:40.942 ]latency_case554_latency: 45.379 ms
[ AI-Rank-Log  4/ 7 20:44:41.  0 ]latency_case555_latency: 45.351 ms
[ AI-Rank-Log  4/ 7 20:44:41. 58 ]latency_case556_latency: 45.246 ms
[ AI-Rank-Log  4/ 7 20:44:41.117 ]latency_case557_latency: 45.226 ms
[ AI-Rank-Log  4/ 7 20:44:41.172 ]latency_case558_latency: 45.594 ms
[ AI-Rank-Log  4/ 7 20:44:41.227 ]latency_case559_latency: 45.655 ms
[ AI-Rank-Log  4/ 7 20:44:41.280 ]latency_case560_latency: 45.292 ms
[ AI-Rank-Log  4/ 7 20:44:41.335 ]latency_case561_latency: 45.243 ms
[ AI-Rank-Log  4/ 7 20:44:41.390 ]latency_case562_latency: 45.524 ms
[ AI-Rank-Log  4/ 7 20:44:41.453 ]latency_case563_latency: 45.906 ms
[ AI-Rank-Log  4/ 7 20:44:41.511 ]latency_case564_latency: 45.754 ms
[ AI-Rank-Log  4/ 7 20:44:41.570 ]latency_case565_latency: 45.446 ms
[ AI-Rank-Log  4/ 7 20:44:41.626 ]latency_case566_latency: 45.374 ms
[ AI-Rank-Log  4/ 7 20:44:41.685 ]latency_case567_latency: 45.379 ms
[ AI-Rank-Log  4/ 7 20:44:41.742 ]latency_case568_latency: 45.399 ms
[ AI-Rank-Log  4/ 7 20:44:41.802 ]latency_case569_latency: 45.377 ms
[ AI-Rank-Log  4/ 7 20:44:41.995 ]latency_case570_latency: 45.413 ms
[ AI-Rank-Log  4/ 7 20:44:42. 52 ]latency_case571_latency: 45.719 ms
[ AI-Rank-Log  4/ 7 20:44:42.111 ]latency_case572_latency: 45.783 ms
[ AI-Rank-Log  4/ 7 20:44:42.170 ]latency_case573_latency: 45.885 ms
[ AI-Rank-Log  4/ 7 20:44:42.229 ]latency_case574_latency: 45.92 ms
[ AI-Rank-Log  4/ 7 20:44:42.284 ]latency_case575_latency: 45.792 ms
[ AI-Rank-Log  4/ 7 20:44:42.337 ]latency_case576_latency: 45.316 ms
[ AI-Rank-Log  4/ 7 20:44:42.394 ]latency_case577_latency: 45.687 ms
[ AI-Rank-Log  4/ 7 20:44:42.445 ]latency_case578_latency: 45.884 ms
[ AI-Rank-Log  4/ 7 20:44:42.503 ]latency_case579_latency: 45.378 ms
[ AI-Rank-Log  4/ 7 20:44:42.562 ]latency_case580_latency: 45.487 ms
[ AI-Rank-Log  4/ 7 20:44:42.618 ]latency_case581_latency: 45.479 ms
[ AI-Rank-Log  4/ 7 20:44:42.672 ]latency_case582_latency: 45.689 ms
[ AI-Rank-Log  4/ 7 20:44:42.732 ]latency_case583_latency: 45.857 ms
[ AI-Rank-Log  4/ 7 20:44:42.791 ]latency_case584_latency: 45.821 ms
[ AI-Rank-Log  4/ 7 20:44:42.850 ]latency_case585_latency: 45.799 ms
[ AI-Rank-Log  4/ 7 20:44:42.905 ]latency_case586_latency: 45.735 ms
[ AI-Rank-Log  4/ 7 20:44:42.963 ]latency_case587_latency: 45.342 ms
[ AI-Rank-Log  4/ 7 20:44:43. 18 ]latency_case588_latency: 45.348 ms
[ AI-Rank-Log  4/ 7 20:44:43. 75 ]latency_case589_latency: 45.215 ms
[ AI-Rank-Log  4/ 7 20:44:43.134 ]latency_case590_latency: 45.694 ms
[ AI-Rank-Log  4/ 7 20:44:43.192 ]latency_case591_latency: 45.962 ms
[ AI-Rank-Log  4/ 7 20:44:43.250 ]latency_case592_latency: 45.836 ms
[ AI-Rank-Log  4/ 7 20:44:43.305 ]latency_case593_latency: 45.814 ms
[ AI-Rank-Log  4/ 7 20:44:43.382 ]latency_case594_latency: 45.339 ms
[ AI-Rank-Log  4/ 7 20:44:43.441 ]latency_case595_latency: 45.349 ms
[ AI-Rank-Log  4/ 7 20:44:43.498 ]latency_case596_latency: 45.274 ms
[ AI-Rank-Log  4/ 7 20:44:43.558 ]latency_case597_latency: 45.333 ms
[ AI-Rank-Log  4/ 7 20:44:43.618 ]latency_case598_latency: 45.239 ms
[ AI-Rank-Log  4/ 7 20:44:43.674 ]latency_case599_latency: 45.746 ms
[ AI-Rank-Log  4/ 7 20:44:43.733 ]latency_case600_latency: 45.894 ms
[ AI-Rank-Log  4/ 7 20:44:43.791 ]latency_case601_latency: 45.868 ms
[ AI-Rank-Log  4/ 7 20:44:43.851 ]latency_case602_latency: 45.802 ms
[ AI-Rank-Log  4/ 7 20:44:43.910 ]latency_case603_latency: 45.78 ms
[ AI-Rank-Log  4/ 7 20:44:43.969 ]latency_case604_latency: 45.899 ms
[ AI-Rank-Log  4/ 7 20:44:44. 27 ]latency_case605_latency: 45.721 ms
[ AI-Rank-Log  4/ 7 20:44:44. 86 ]latency_case606_latency: 45.417 ms
[ AI-Rank-Log  4/ 7 20:44:44.143 ]latency_case607_latency: 45.291 ms
[ AI-Rank-Log  4/ 7 20:44:44.199 ]latency_case608_latency: 45.251 ms
[ AI-Rank-Log  4/ 7 20:44:44.254 ]latency_case609_latency: 45.12 ms
[ AI-Rank-Log  4/ 7 20:44:44.311 ]latency_case610_latency: 45.57 ms
[ AI-Rank-Log  4/ 7 20:44:44.367 ]latency_case611_latency: 45.673 ms
[ AI-Rank-Log  4/ 7 20:44:44.422 ]latency_case612_latency: 45.366 ms
[ AI-Rank-Log  4/ 7 20:44:44.478 ]latency_case613_latency: 45.221 ms
[ AI-Rank-Log  4/ 7 20:44:44.537 ]latency_case614_latency: 45.316 ms
[ AI-Rank-Log  4/ 7 20:44:44.593 ]latency_case615_latency: 45.637 ms
[ AI-Rank-Log  4/ 7 20:44:44.652 ]latency_case616_latency: 45.911 ms
[ AI-Rank-Log  4/ 7 20:44:44.708 ]latency_case617_latency: 45.709 ms
[ AI-Rank-Log  4/ 7 20:44:44.766 ]latency_case618_latency: 45.478 ms
[ AI-Rank-Log  4/ 7 20:44:44.822 ]latency_case619_latency: 45.302 ms
[ AI-Rank-Log  4/ 7 20:44:44.881 ]latency_case620_latency: 45.49 ms
[ AI-Rank-Log  4/ 7 20:44:44.941 ]latency_case621_latency: 45.484 ms
[ AI-Rank-Log  4/ 7 20:44:44.998 ]latency_case622_latency: 45.272 ms
[ AI-Rank-Log  4/ 7 20:44:45. 58 ]latency_case623_latency: 45.285 ms
[ AI-Rank-Log  4/ 7 20:44:45.170 ]latency_case624_latency: 45.584 ms
[ AI-Rank-Log  4/ 7 20:44:45.230 ]latency_case625_latency: 45.747 ms
[ AI-Rank-Log  4/ 7 20:44:45.290 ]latency_case626_latency: 45.843 ms
[ AI-Rank-Log  4/ 7 20:44:45.345 ]latency_case627_latency: 45.744 ms
[ AI-Rank-Log  4/ 7 20:44:45.402 ]latency_case628_latency: 45.361 ms
[ AI-Rank-Log  4/ 7 20:44:45.567 ]latency_case629_latency: 45.324 ms
[ AI-Rank-Log  4/ 7 20:44:45.630 ]latency_case630_latency: 45.584 ms
[ AI-Rank-Log  4/ 7 20:44:45.685 ]latency_case631_latency: 45.777 ms
[ AI-Rank-Log  4/ 7 20:44:45.741 ]latency_case632_latency: 45.444 ms
[ AI-Rank-Log  4/ 7 20:44:45.798 ]latency_case633_latency: 45.277 ms
[ AI-Rank-Log  4/ 7 20:44:45.855 ]latency_case634_latency: 45.734 ms
[ AI-Rank-Log  4/ 7 20:44:45.914 ]latency_case635_latency: 45.845 ms
[ AI-Rank-Log  4/ 7 20:44:45.971 ]latency_case636_latency: 45.785 ms
[ AI-Rank-Log  4/ 7 20:44:46. 30 ]latency_case637_latency: 45.777 ms
[ AI-Rank-Log  4/ 7 20:44:46. 87 ]latency_case638_latency: 45.713 ms
[ AI-Rank-Log  4/ 7 20:44:46.145 ]latency_case639_latency: 45.44 ms
[ AI-Rank-Log  4/ 7 20:44:46.202 ]latency_case640_latency: 45.328 ms
[ AI-Rank-Log  4/ 7 20:44:46.258 ]latency_case641_latency: 45.306 ms
[ AI-Rank-Log  4/ 7 20:44:46.318 ]latency_case642_latency: 45.24 ms
[ AI-Rank-Log  4/ 7 20:44:46.375 ]latency_case643_latency: 45.625 ms
[ AI-Rank-Log  4/ 7 20:44:46.438 ]latency_case644_latency: 45.381 ms
[ AI-Rank-Log  4/ 7 20:44:46.495 ]latency_case645_latency: 45.704 ms
[ AI-Rank-Log  4/ 7 20:44:46.554 ]latency_case646_latency: 45.88 ms
[ AI-Rank-Log  4/ 7 20:44:46.614 ]latency_case647_latency: 45.796 ms
[ AI-Rank-Log  4/ 7 20:44:46.667 ]latency_case648_latency: 45.705 ms
[ AI-Rank-Log  4/ 7 20:44:46.722 ]latency_case649_latency: 45.325 ms
[ AI-Rank-Log  4/ 7 20:44:46.778 ]latency_case650_latency: 45.356 ms
[ AI-Rank-Log  4/ 7 20:44:46.834 ]latency_case651_latency: 45.645 ms
[ AI-Rank-Log  4/ 7 20:44:46.893 ]latency_case652_latency: 45.938 ms
[ AI-Rank-Log  4/ 7 20:44:46.949 ]latency_case653_latency: 45.85 ms
[ AI-Rank-Log  4/ 7 20:44:47. 10 ]latency_case654_latency: 45.779 ms
[ AI-Rank-Log  4/ 7 20:44:47. 70 ]latency_case655_latency: 45.855 ms
[ AI-Rank-Log  4/ 7 20:44:47.127 ]latency_case656_latency: 45.798 ms
[ AI-Rank-Log  4/ 7 20:44:47.186 ]latency_case657_latency: 45.369 ms
[ AI-Rank-Log  4/ 7 20:44:47.241 ]latency_case658_latency: 45.366 ms
[ AI-Rank-Log  4/ 7 20:44:47.298 ]latency_case659_latency: 45.249 ms
[ AI-Rank-Log  4/ 7 20:44:47.354 ]latency_case660_latency: 45.684 ms
[ AI-Rank-Log  4/ 7 20:44:47.430 ]latency_case661_latency: 45.535 ms
[ AI-Rank-Log  4/ 7 20:44:47.491 ]latency_case662_latency: 45.823 ms
[ AI-Rank-Log  4/ 7 20:44:47.547 ]latency_case663_latency: 45.703 ms
[ AI-Rank-Log  4/ 7 20:44:47.610 ]latency_case664_latency: 45.598 ms
[ AI-Rank-Log  4/ 7 20:44:47.670 ]latency_case665_latency: 45.869 ms
[ AI-Rank-Log  4/ 7 20:44:47.729 ]latency_case666_latency: 45.811 ms
[ AI-Rank-Log  4/ 7 20:44:47.790 ]latency_case667_latency: 45.813 ms
[ AI-Rank-Log  4/ 7 20:44:47.846 ]latency_case668_latency: 45.67 ms
[ AI-Rank-Log  4/ 7 20:44:47.907 ]latency_case669_latency: 45.421 ms
[ AI-Rank-Log  4/ 7 20:44:47.966 ]latency_case670_latency: 45.427 ms
[ AI-Rank-Log  4/ 7 20:44:48. 25 ]latency_case671_latency: 45.397 ms
[ AI-Rank-Log  4/ 7 20:44:48. 81 ]latency_case672_latency: 45.361 ms
[ AI-Rank-Log  4/ 7 20:44:48.138 ]latency_case673_latency: 45.364 ms
[ AI-Rank-Log  4/ 7 20:44:48.197 ]latency_case674_latency: 45.24 ms
[ AI-Rank-Log  4/ 7 20:44:48.255 ]latency_case675_latency: 45.714 ms
[ AI-Rank-Log  4/ 7 20:44:48.308 ]latency_case676_latency: 45.874 ms
[ AI-Rank-Log  4/ 7 20:44:48.365 ]latency_case677_latency: 45.77 ms
[ AI-Rank-Log  4/ 7 20:44:48.422 ]latency_case678_latency: 45.382 ms
[ AI-Rank-Log  4/ 7 20:44:48.477 ]latency_case679_latency: 45.288 ms
[ AI-Rank-Log  4/ 7 20:44:48.536 ]latency_case680_latency: 45.293 ms
[ AI-Rank-Log  4/ 7 20:44:48.592 ]latency_case681_latency: 45.599 ms
[ AI-Rank-Log  4/ 7 20:44:48.647 ]latency_case682_latency: 45.681 ms
[ AI-Rank-Log  4/ 7 20:44:48.705 ]latency_case683_latency: 45.361 ms
[ AI-Rank-Log  4/ 7 20:44:48.767 ]latency_case684_latency: 45.39 ms
[ AI-Rank-Log  4/ 7 20:44:48.821 ]latency_case685_latency: 45.395 ms
[ AI-Rank-Log  4/ 7 20:44:48.881 ]latency_case686_latency: 45.417 ms
[ AI-Rank-Log  4/ 7 20:44:48.936 ]latency_case687_latency: 45.244 ms
[ AI-Rank-Log  4/ 7 20:44:48.994 ]latency_case688_latency: 45.623 ms
[ AI-Rank-Log  4/ 7 20:44:49. 54 ]latency_case689_latency: 45.807 ms
[ AI-Rank-Log  4/ 7 20:44:49.111 ]latency_case690_latency: 45.799 ms
[ AI-Rank-Log  4/ 7 20:44:49.170 ]latency_case691_latency: 45.756 ms
[ AI-Rank-Log  4/ 7 20:44:49.230 ]latency_case692_latency: 45.729 ms
[ AI-Rank-Log  4/ 7 20:44:49.286 ]latency_case693_latency: 45.68 ms
[ AI-Rank-Log  4/ 7 20:44:49.435 ]latency_case694_latency: 45.347 ms
[ AI-Rank-Log  4/ 7 20:44:49.497 ]latency_case695_latency: 45.286 ms
[ AI-Rank-Log  4/ 7 20:44:49.554 ]latency_case696_latency: 45.267 ms
[ AI-Rank-Log  4/ 7 20:44:49.614 ]latency_case697_latency: 45.714 ms
[ AI-Rank-Log  4/ 7 20:44:49.674 ]latency_case698_latency: 45.818 ms
[ AI-Rank-Log  4/ 7 20:44:49.730 ]latency_case699_latency: 45.791 ms
[ AI-Rank-Log  4/ 7 20:44:49.790 ]latency_case700_latency: 45.829 ms
[ AI-Rank-Log  4/ 7 20:44:49.850 ]latency_case701_latency: 45.771 ms
[ AI-Rank-Log  4/ 7 20:44:49.906 ]latency_case702_latency: 45.631 ms
[ AI-Rank-Log  4/ 7 20:44:49.966 ]latency_case703_latency: 45.433 ms
[ AI-Rank-Log  4/ 7 20:44:50. 22 ]latency_case704_latency: 45.385 ms
[ AI-Rank-Log  4/ 7 20:44:50. 79 ]latency_case705_latency: 45.328 ms
[ AI-Rank-Log  4/ 7 20:44:50.138 ]latency_case706_latency: 45.393 ms
[ AI-Rank-Log  4/ 7 20:44:50.190 ]latency_case707_latency: 45.517 ms
[ AI-Rank-Log  4/ 7 20:44:50.251 ]latency_case708_latency: 45.785 ms
[ AI-Rank-Log  4/ 7 20:44:50.311 ]latency_case709_latency: 45.799 ms
[ AI-Rank-Log  4/ 7 20:44:50.370 ]latency_case710_latency: 45.476 ms
[ AI-Rank-Log  4/ 7 20:44:50.426 ]latency_case711_latency: 45.383 ms
[ AI-Rank-Log  4/ 7 20:44:50.483 ]latency_case712_latency: 45.403 ms
[ AI-Rank-Log  4/ 7 20:44:50.545 ]latency_case713_latency: 45.358 ms
[ AI-Rank-Log  4/ 7 20:44:50.606 ]latency_case714_latency: 45.459 ms
[ AI-Rank-Log  4/ 7 20:44:50.664 ]latency_case715_latency: 45.393 ms
[ AI-Rank-Log  4/ 7 20:44:50.723 ]latency_case716_latency: 45.309 ms
[ AI-Rank-Log  4/ 7 20:44:50.778 ]latency_case717_latency: 45.337 ms
[ AI-Rank-Log  4/ 7 20:44:50.833 ]latency_case718_latency: 45.725 ms
[ AI-Rank-Log  4/ 7 20:44:50.894 ]latency_case719_latency: 45.904 ms
[ AI-Rank-Log  4/ 7 20:44:50.951 ]latency_case720_latency: 45.834 ms
[ AI-Rank-Log  4/ 7 20:44:51. 10 ]latency_case721_latency: 45.852 ms
[ AI-Rank-Log  4/ 7 20:44:51. 70 ]latency_case722_latency: 45.811 ms
[ AI-Rank-Log  4/ 7 20:44:51.127 ]latency_case723_latency: 45.807 ms
[ AI-Rank-Log  4/ 7 20:44:51.182 ]latency_case724_latency: 45.377 ms
[ AI-Rank-Log  4/ 7 20:44:51.238 ]latency_case725_latency: 45.293 ms
[ AI-Rank-Log  4/ 7 20:44:51.297 ]latency_case726_latency: 45.202 ms
[ AI-Rank-Log  4/ 7 20:44:51.356 ]latency_case727_latency: 45.233 ms
[ AI-Rank-Log  4/ 7 20:44:51.406 ]latency_case728_latency: 45.433 ms
[ AI-Rank-Log  4/ 7 20:44:51.465 ]latency_case729_latency: 45.473 ms
[ AI-Rank-Log  4/ 7 20:44:51.523 ]latency_case730_latency: 45.352 ms
[ AI-Rank-Log  4/ 7 20:44:51.579 ]latency_case731_latency: 45.311 ms
[ AI-Rank-Log  4/ 7 20:44:51.635 ]latency_case732_latency: 45.258 ms
[ AI-Rank-Log  4/ 7 20:44:51.694 ]latency_case733_latency: 45.674 ms
[ AI-Rank-Log  4/ 7 20:44:51.754 ]latency_case734_latency: 45.368 ms
[ AI-Rank-Log  4/ 7 20:44:51.814 ]latency_case735_latency: 45.172 ms
[ AI-Rank-Log  4/ 7 20:44:51.871 ]latency_case736_latency: 45.606 ms
[ AI-Rank-Log  4/ 7 20:44:51.931 ]latency_case737_latency: 45.842 ms
[ AI-Rank-Log  4/ 7 20:44:51.990 ]latency_case738_latency: 45.821 ms
[ AI-Rank-Log  4/ 7 20:44:52. 49 ]latency_case739_latency: 45.547 ms
[ AI-Rank-Log  4/ 7 20:44:52.106 ]latency_case740_latency: 45.387 ms
[ AI-Rank-Log  4/ 7 20:44:52.163 ]latency_case741_latency: 45.3 ms
[ AI-Rank-Log  4/ 7 20:44:52.222 ]latency_case742_latency: 45.567 ms
[ AI-Rank-Log  4/ 7 20:44:52.278 ]latency_case743_latency: 45.223 ms
[ AI-Rank-Log  4/ 7 20:44:52.335 ]latency_case744_latency: 45.594 ms
[ AI-Rank-Log  4/ 7 20:44:52.394 ]latency_case745_latency: 45.851 ms
[ AI-Rank-Log  4/ 7 20:44:52.454 ]latency_case746_latency: 45.84 ms
[ AI-Rank-Log  4/ 7 20:44:52.511 ]latency_case747_latency: 45.802 ms
[ AI-Rank-Log  4/ 7 20:44:52.570 ]latency_case748_latency: 45.481 ms
[ AI-Rank-Log  4/ 7 20:44:52.626 ]latency_case749_latency: 45.524 ms
[ AI-Rank-Log  4/ 7 20:44:52.685 ]latency_case750_latency: 45.44 ms
[ AI-Rank-Log  4/ 7 20:44:52.743 ]latency_case751_latency: 45.526 ms
[ AI-Rank-Log  4/ 7 20:44:52.844 ]latency_case752_latency: 45.348 ms
[ AI-Rank-Log  4/ 7 20:44:52.905 ]latency_case753_latency: 45.372 ms
[ AI-Rank-Log  4/ 7 20:44:52.962 ]latency_case754_latency: 45.357 ms
[ AI-Rank-Log  4/ 7 20:44:53. 18 ]latency_case755_latency: 45.27 ms
[ AI-Rank-Log  4/ 7 20:44:53. 77 ]latency_case756_latency: 45.199 ms
[ AI-Rank-Log  4/ 7 20:44:53.141 ]latency_case757_latency: 45.318 ms
[ AI-Rank-Log  4/ 7 20:44:53.199 ]latency_case758_latency: 45.3 ms
[ AI-Rank-Log  4/ 7 20:44:53.259 ]latency_case759_latency: 45.351 ms
[ AI-Rank-Log  4/ 7 20:44:53.318 ]latency_case760_latency: 45.307 ms
[ AI-Rank-Log  4/ 7 20:44:53.373 ]latency_case761_latency: 45.703 ms
[ AI-Rank-Log  4/ 7 20:44:53.431 ]latency_case762_latency: 45.871 ms
[ AI-Rank-Log  4/ 7 20:44:53.490 ]latency_case763_latency: 45.88 ms
[ AI-Rank-Log  4/ 7 20:44:53.546 ]latency_case764_latency: 45.685 ms
[ AI-Rank-Log  4/ 7 20:44:53.604 ]latency_case765_latency: 45.502 ms
[ AI-Rank-Log  4/ 7 20:44:53.663 ]latency_case766_latency: 45.352 ms
[ AI-Rank-Log  4/ 7 20:44:53.718 ]latency_case767_latency: 45.351 ms
[ AI-Rank-Log  4/ 7 20:44:53.791 ]latency_case768_latency: 45.623 ms
[ AI-Rank-Log  4/ 7 20:44:53.851 ]latency_case769_latency: 45.791 ms
[ AI-Rank-Log  4/ 7 20:44:53.911 ]latency_case770_latency: 45.813 ms
[ AI-Rank-Log  4/ 7 20:44:53.967 ]latency_case771_latency: 45.747 ms
[ AI-Rank-Log  4/ 7 20:44:54. 21 ]latency_case772_latency: 45.332 ms
[ AI-Rank-Log  4/ 7 20:44:54. 80 ]latency_case773_latency: 45.39 ms
[ AI-Rank-Log  4/ 7 20:44:54.138 ]latency_case774_latency: 45.192 ms
[ AI-Rank-Log  4/ 7 20:44:54.194 ]latency_case775_latency: 45.665 ms
[ AI-Rank-Log  4/ 7 20:44:54.253 ]latency_case776_latency: 45.331 ms
[ AI-Rank-Log  4/ 7 20:44:54.311 ]latency_case777_latency: 45.539 ms
[ AI-Rank-Log  4/ 7 20:44:54.368 ]latency_case778_latency: 45.749 ms
[ AI-Rank-Log  4/ 7 20:44:54.425 ]latency_case779_latency: 45.365 ms
[ AI-Rank-Log  4/ 7 20:44:54.484 ]latency_case780_latency: 45.438 ms
[ AI-Rank-Log  4/ 7 20:44:54.538 ]latency_case781_latency: 45.349 ms
[ AI-Rank-Log  4/ 7 20:44:54.598 ]latency_case782_latency: 45.312 ms
[ AI-Rank-Log  4/ 7 20:44:54.657 ]latency_case783_latency: 45.27 ms
[ AI-Rank-Log  4/ 7 20:44:54.714 ]latency_case784_latency: 45.682 ms
[ AI-Rank-Log  4/ 7 20:44:54.771 ]latency_case785_latency: 45.746 ms
[ AI-Rank-Log  4/ 7 20:44:54.871 ]latency_case786_latency: 45.465 ms
[ AI-Rank-Log  4/ 7 20:44:54.931 ]latency_case787_latency: 45.881 ms
[ AI-Rank-Log  4/ 7 20:44:54.986 ]latency_case788_latency: 45.784 ms
[ AI-Rank-Log  4/ 7 20:44:55. 42 ]latency_case789_latency: 45.276 ms
[ AI-Rank-Log  4/ 7 20:44:55.102 ]latency_case790_latency: 45.461 ms
[ AI-Rank-Log  4/ 7 20:44:55.158 ]latency_case791_latency: 45.337 ms
[ AI-Rank-Log  4/ 7 20:44:55.218 ]latency_case792_latency: 45.26 ms
[ AI-Rank-Log  4/ 7 20:44:55.273 ]latency_case793_latency: 45.653 ms
[ AI-Rank-Log  4/ 7 20:44:55.333 ]latency_case794_latency: 45.841 ms
[ AI-Rank-Log  4/ 7 20:44:55.391 ]latency_case795_latency: 45.8 ms
[ AI-Rank-Log  4/ 7 20:44:55.451 ]latency_case796_latency: 45.815 ms
[ AI-Rank-Log  4/ 7 20:44:55.511 ]latency_case797_latency: 45.806 ms
[ AI-Rank-Log  4/ 7 20:44:55.573 ]latency_case798_latency: 45.967 ms
[ AI-Rank-Log  4/ 7 20:44:55.631 ]latency_case799_latency: 45.814 ms
[ AI-Rank-Log  4/ 7 20:44:55.690 ]latency_case800_latency: 45.807 ms
[ AI-Rank-Log  4/ 7 20:44:55.750 ]latency_case801_latency: 45.829 ms
[ AI-Rank-Log  4/ 7 20:44:55.803 ]latency_case802_latency: 45.709 ms
[ AI-Rank-Log  4/ 7 20:44:55.861 ]latency_case803_latency: 45.379 ms
[ AI-Rank-Log  4/ 7 20:44:55.917 ]latency_case804_latency: 45.247 ms
[ AI-Rank-Log  4/ 7 20:44:55.978 ]latency_case805_latency: 45.293 ms
[ AI-Rank-Log  4/ 7 20:44:56. 36 ]latency_case806_latency: 45.229 ms
[ AI-Rank-Log  4/ 7 20:44:56. 96 ]latency_case807_latency: 45.315 ms
[ AI-Rank-Log  4/ 7 20:44:56.171 ]latency_case808_latency: 45.5 ms
[ AI-Rank-Log  4/ 7 20:44:56.230 ]latency_case809_latency: 45.769 ms
[ AI-Rank-Log  4/ 7 20:44:56.290 ]latency_case810_latency: 45.454 ms
[ AI-Rank-Log  4/ 7 20:44:56.345 ]latency_case811_latency: 45.458 ms
[ AI-Rank-Log  4/ 7 20:44:56.403 ]latency_case812_latency: 45.368 ms
[ AI-Rank-Log  4/ 7 20:44:56.462 ]latency_case813_latency: 45.379 ms
[ AI-Rank-Log  4/ 7 20:44:56.522 ]latency_case814_latency: 45.343 ms
[ AI-Rank-Log  4/ 7 20:44:56.581 ]latency_case815_latency: 45.52 ms
[ AI-Rank-Log  4/ 7 20:44:56.642 ]latency_case816_latency: 45.388 ms
[ AI-Rank-Log  4/ 7 20:44:56.699 ]latency_case817_latency: 45.393 ms
[ AI-Rank-Log  4/ 7 20:44:56.758 ]latency_case818_latency: 45.303 ms
[ AI-Rank-Log  4/ 7 20:44:56.815 ]latency_case819_latency: 45.226 ms
[ AI-Rank-Log  4/ 7 20:44:56.869 ]latency_case820_latency: 45.581 ms
[ AI-Rank-Log  4/ 7 20:44:56.929 ]latency_case821_latency: 45.918 ms
[ AI-Rank-Log  4/ 7 20:44:56.986 ]latency_case822_latency: 45.759 ms
[ AI-Rank-Log  4/ 7 20:44:57. 41 ]latency_case823_latency: 45.354 ms
[ AI-Rank-Log  4/ 7 20:44:57.100 ]latency_case824_latency: 45.403 ms
[ AI-Rank-Log  4/ 7 20:44:57.158 ]latency_case825_latency: 45.232 ms
[ AI-Rank-Log  4/ 7 20:44:57.216 ]latency_case826_latency: 45.703 ms
[ AI-Rank-Log  4/ 7 20:44:57.274 ]latency_case827_latency: 45.352 ms
[ AI-Rank-Log  4/ 7 20:44:57.334 ]latency_case828_latency: 45.751 ms
[ AI-Rank-Log  4/ 7 20:44:57.410 ]latency_case829_latency: 45.533 ms
[ AI-Rank-Log  4/ 7 20:44:57.466 ]latency_case830_latency: 45.674 ms
[ AI-Rank-Log  4/ 7 20:44:57.530 ]latency_case831_latency: 45.515 ms
[ AI-Rank-Log  4/ 7 20:44:57.591 ]latency_case832_latency: 45.919 ms
[ AI-Rank-Log  4/ 7 20:44:57.650 ]latency_case833_latency: 45.904 ms
[ AI-Rank-Log  4/ 7 20:44:57.711 ]latency_case834_latency: 45.782 ms
[ AI-Rank-Log  4/ 7 20:44:57.770 ]latency_case835_latency: 45.796 ms
[ AI-Rank-Log  4/ 7 20:44:57.827 ]latency_case836_latency: 45.758 ms
[ AI-Rank-Log  4/ 7 20:44:57.879 ]latency_case837_latency: 45.223 ms
[ AI-Rank-Log  4/ 7 20:44:57.942 ]latency_case838_latency: 45.366 ms
[ AI-Rank-Log  4/ 7 20:44:57.997 ]latency_case839_latency: 45.216 ms
[ AI-Rank-Log  4/ 7 20:44:58. 53 ]latency_case840_latency: 45.662 ms
[ AI-Rank-Log  4/ 7 20:44:58.111 ]latency_case841_latency: 45.714 ms
[ AI-Rank-Log  4/ 7 20:44:58.171 ]latency_case842_latency: 45.821 ms
[ AI-Rank-Log  4/ 7 20:44:58.230 ]latency_case843_latency: 45.82 ms
[ AI-Rank-Log  4/ 7 20:44:58.289 ]latency_case844_latency: 45.944 ms
[ AI-Rank-Log  4/ 7 20:44:58.347 ]latency_case845_latency: 45.641 ms
[ AI-Rank-Log  4/ 7 20:44:58.405 ]latency_case846_latency: 45.43 ms
[ AI-Rank-Log  4/ 7 20:44:58.462 ]latency_case847_latency: 45.382 ms
[ AI-Rank-Log  4/ 7 20:44:58.523 ]latency_case848_latency: 45.403 ms
[ AI-Rank-Log  4/ 7 20:44:58.581 ]latency_case849_latency: 45.415 ms
[ AI-Rank-Log  4/ 7 20:44:58.639 ]latency_case850_latency: 45.421 ms
[ AI-Rank-Log  4/ 7 20:44:58.698 ]latency_case851_latency: 45.305 ms
[ AI-Rank-Log  4/ 7 20:44:58.750 ]latency_case852_latency: 45.513 ms
[ AI-Rank-Log  4/ 7 20:44:58.810 ]latency_case853_latency: 45.827 ms
[ AI-Rank-Log  4/ 7 20:44:58.871 ]latency_case854_latency: 45.748 ms
[ AI-Rank-Log  4/ 7 20:44:58.930 ]latency_case855_latency: 45.885 ms
[ AI-Rank-Log  4/ 7 20:44:58.990 ]latency_case856_latency: 45.697 ms
[ AI-Rank-Log  4/ 7 20:44:59. 51 ]latency_case857_latency: 45.799 ms
[ AI-Rank-Log  4/ 7 20:44:59.107 ]latency_case858_latency: 45.623 ms
[ AI-Rank-Log  4/ 7 20:44:59.165 ]latency_case859_latency: 45.515 ms
[ AI-Rank-Log  4/ 7 20:44:59.223 ]latency_case860_latency: 45.31 ms
[ AI-Rank-Log  4/ 7 20:44:59.281 ]latency_case861_latency: 45.539 ms
[ AI-Rank-Log  4/ 7 20:44:59.341 ]latency_case862_latency: 45.473 ms
[ AI-Rank-Log  4/ 7 20:44:59.401 ]latency_case863_latency: 45.424 ms
[ AI-Rank-Log  4/ 7 20:44:59.461 ]latency_case864_latency: 45.423 ms
[ AI-Rank-Log  4/ 7 20:44:59.518 ]latency_case865_latency: 45.356 ms
[ AI-Rank-Log  4/ 7 20:44:59.578 ]latency_case866_latency: 45.34 ms
[ AI-Rank-Log  4/ 7 20:44:59.635 ]latency_case867_latency: 45.267 ms
[ AI-Rank-Log  4/ 7 20:44:59.694 ]latency_case868_latency: 45.715 ms
[ AI-Rank-Log  4/ 7 20:44:59.751 ]latency_case869_latency: 45.784 ms
[ AI-Rank-Log  4/ 7 20:44:59.810 ]latency_case870_latency: 45.788 ms
[ AI-Rank-Log  4/ 7 20:44:59.867 ]latency_case871_latency: 45.72 ms
[ AI-Rank-Log  4/ 7 20:44:59.926 ]latency_case872_latency: 45.408 ms
[ AI-Rank-Log  4/ 7 20:44:59.986 ]latency_case873_latency: 45.412 ms
[ AI-Rank-Log  4/ 7 20:45: 0. 45 ]latency_case874_latency: 45.495 ms
[ AI-Rank-Log  4/ 7 20:45: 0.107 ]latency_case875_latency: 45.343 ms
[ AI-Rank-Log  4/ 7 20:45: 0.166 ]latency_case876_latency: 45.441 ms
[ AI-Rank-Log  4/ 7 20:45: 0.224 ]latency_case877_latency: 45.405 ms
[ AI-Rank-Log  4/ 7 20:45: 0.278 ]latency_case878_latency: 45.267 ms
[ AI-Rank-Log  4/ 7 20:45: 0.336 ]latency_case879_latency: 45.277 ms
[ AI-Rank-Log  4/ 7 20:45: 0.394 ]latency_case880_latency: 45.191 ms
[ AI-Rank-Log  4/ 7 20:45: 0.446 ]latency_case881_latency: 45.443 ms
[ AI-Rank-Log  4/ 7 20:45: 0.502 ]latency_case882_latency: 45.276 ms
[ AI-Rank-Log  4/ 7 20:45: 0.562 ]latency_case883_latency: 45.369 ms
[ AI-Rank-Log  4/ 7 20:45: 0.625 ]latency_case884_latency: 45.402 ms
[ AI-Rank-Log  4/ 7 20:45: 0.682 ]latency_case885_latency: 45.432 ms
[ AI-Rank-Log  4/ 7 20:45: 0.740 ]latency_case886_latency: 45.37 ms
[ AI-Rank-Log  4/ 7 20:45: 0.798 ]latency_case887_latency: 45.234 ms
[ AI-Rank-Log  4/ 7 20:45: 0.855 ]latency_case888_latency: 45.2 ms
[ AI-Rank-Log  4/ 7 20:45: 0.911 ]latency_case889_latency: 45.622 ms
[ AI-Rank-Log  4/ 7 20:45: 0.972 ]latency_case890_latency: 45.76 ms
[ AI-Rank-Log  4/ 7 20:45: 1. 30 ]latency_case891_latency: 45.856 ms
[ AI-Rank-Log  4/ 7 20:45: 1. 85 ]latency_case892_latency: 45.69 ms
[ AI-Rank-Log  4/ 7 20:45: 1.142 ]latency_case893_latency: 45.411 ms
[ AI-Rank-Log  4/ 7 20:45: 1.198 ]latency_case894_latency: 45.187 ms
[ AI-Rank-Log  4/ 7 20:45: 1.258 ]latency_case895_latency: 45.264 ms
[ AI-Rank-Log  4/ 7 20:45: 1.314 ]latency_case896_latency: 45.604 ms
[ AI-Rank-Log  4/ 7 20:45: 1.371 ]latency_case897_latency: 45.749 ms
[ AI-Rank-Log  4/ 7 20:45: 1.431 ]latency_case898_latency: 45.792 ms
[ AI-Rank-Log  4/ 7 20:45: 1.490 ]latency_case899_latency: 45.726 ms
[ AI-Rank-Log  4/ 7 20:45: 1.558 ]latency_case900_latency: 45.404 ms
[ AI-Rank-Log  4/ 7 20:45: 1.614 ]latency_case901_latency: 45.226 ms
[ AI-Rank-Log  4/ 7 20:45: 1.672 ]latency_case902_latency: 45.705 ms
[ AI-Rank-Log  4/ 7 20:45: 1.734 ]latency_case903_latency: 45.761 ms
[ AI-Rank-Log  4/ 7 20:45: 1.799 ]latency_case904_latency: 45.387 ms
[ AI-Rank-Log  4/ 7 20:45: 1.857 ]latency_case905_latency: 45.26 ms
[ AI-Rank-Log  4/ 7 20:45: 1.916 ]latency_case906_latency: 45.278 ms
[ AI-Rank-Log  4/ 7 20:45: 2. 26 ]latency_case907_latency: 45.347 ms
[ AI-Rank-Log  4/ 7 20:45: 2. 85 ]latency_case908_latency: 45.386 ms
[ AI-Rank-Log  4/ 7 20:45: 2.145 ]latency_case909_latency: 45.493 ms
[ AI-Rank-Log  4/ 7 20:45: 2.205 ]latency_case910_latency: 45.315 ms
[ AI-Rank-Log  4/ 7 20:45: 2.265 ]latency_case911_latency: 45.447 ms
[ AI-Rank-Log  4/ 7 20:45: 2.325 ]latency_case912_latency: 45.377 ms
[ AI-Rank-Log  4/ 7 20:45: 2.382 ]latency_case913_latency: 45.364 ms
[ AI-Rank-Log  4/ 7 20:45: 2.438 ]latency_case914_latency: 45.228 ms
[ AI-Rank-Log  4/ 7 20:45: 2.496 ]latency_case915_latency: 45.358 ms
[ AI-Rank-Log  4/ 7 20:45: 2.554 ]latency_case916_latency: 45.707 ms
[ AI-Rank-Log  4/ 7 20:45: 2.612 ]latency_case917_latency: 45.963 ms
[ AI-Rank-Log  4/ 7 20:45: 2.670 ]latency_case918_latency: 45.815 ms
[ AI-Rank-Log  4/ 7 20:45: 2.732 ]latency_case919_latency: 45.897 ms
[ AI-Rank-Log  4/ 7 20:45: 2.790 ]latency_case920_latency: 45.798 ms
[ AI-Rank-Log  4/ 7 20:45: 2.870 ]latency_case921_latency: 45.525 ms
[ AI-Rank-Log  4/ 7 20:45: 2.928 ]latency_case922_latency: 45.765 ms
[ AI-Rank-Log  4/ 7 20:45: 2.989 ]latency_case923_latency: 45.578 ms
[ AI-Rank-Log  4/ 7 20:45: 3. 44 ]latency_case924_latency: 45.751 ms
[ AI-Rank-Log  4/ 7 20:45: 3.101 ]latency_case925_latency: 45.338 ms
[ AI-Rank-Log  4/ 7 20:45: 3.156 ]latency_case926_latency: 45.297 ms
[ AI-Rank-Log  4/ 7 20:45: 3.210 ]latency_case927_latency: 45.556 ms
[ AI-Rank-Log  4/ 7 20:45: 3.267 ]latency_case928_latency: 45.752 ms
[ AI-Rank-Log  4/ 7 20:45: 3.323 ]latency_case929_latency: 45.322 ms
[ AI-Rank-Log  4/ 7 20:45: 3.374 ]latency_case930_latency: 45.598 ms
[ AI-Rank-Log  4/ 7 20:45: 3.430 ]latency_case931_latency: 45.848 ms
[ AI-Rank-Log  4/ 7 20:45: 3.488 ]latency_case932_latency: 45.707 ms
[ AI-Rank-Log  4/ 7 20:45: 3.546 ]latency_case933_latency: 45.404 ms
[ AI-Rank-Log  4/ 7 20:45: 3.602 ]latency_case934_latency: 45.416 ms
[ AI-Rank-Log  4/ 7 20:45: 3.661 ]latency_case935_latency: 45.397 ms
[ AI-Rank-Log  4/ 7 20:45: 3.719 ]latency_case936_latency: 45.26 ms
[ AI-Rank-Log  4/ 7 20:45: 3.778 ]latency_case937_latency: 45.299 ms
[ AI-Rank-Log  4/ 7 20:45: 3.834 ]latency_case938_latency: 45.187 ms
[ AI-Rank-Log  4/ 7 20:45: 3.893 ]latency_case939_latency: 45.221 ms
[ AI-Rank-Log  4/ 7 20:45: 3.954 ]latency_case940_latency: 45.677 ms
[ AI-Rank-Log  4/ 7 20:45: 4.  6 ]latency_case941_latency: 45.707 ms
[ AI-Rank-Log  4/ 7 20:45: 4. 63 ]latency_case942_latency: 45.384 ms
[ AI-Rank-Log  4/ 7 20:45: 4.124 ]latency_case943_latency: 45.485 ms
[ AI-Rank-Log  4/ 7 20:45: 4.182 ]latency_case944_latency: 45.369 ms
[ AI-Rank-Log  4/ 7 20:45: 4.242 ]latency_case945_latency: 45.405 ms
[ AI-Rank-Log  4/ 7 20:45: 4.298 ]latency_case946_latency: 45.271 ms
[ AI-Rank-Log  4/ 7 20:45: 4.357 ]latency_case947_latency: 45.283 ms
[ AI-Rank-Log  4/ 7 20:45: 4.409 ]latency_case948_latency: 45.594 ms
[ AI-Rank-Log  4/ 7 20:45: 4.465 ]latency_case949_latency: 45.86 ms
[ AI-Rank-Log  4/ 7 20:45: 4.523 ]latency_case950_latency: 45.434 ms
[ AI-Rank-Log  4/ 7 20:45: 4.580 ]latency_case951_latency: 45.368 ms
[ AI-Rank-Log  4/ 7 20:45: 4.638 ]latency_case952_latency: 45.363 ms
[ AI-Rank-Log  4/ 7 20:45: 4.695 ]latency_case953_latency: 45.221 ms
[ AI-Rank-Log  4/ 7 20:45: 4.755 ]latency_case954_latency: 45.716 ms
[ AI-Rank-Log  4/ 7 20:45: 4.811 ]latency_case955_latency: 45.708 ms
[ AI-Rank-Log  4/ 7 20:45: 4.874 ]latency_case956_latency: 45.841 ms
[ AI-Rank-Log  4/ 7 20:45: 4.931 ]latency_case957_latency: 45.867 ms
[ AI-Rank-Log  4/ 7 20:45: 4.985 ]latency_case958_latency: 45.836 ms
[ AI-Rank-Log  4/ 7 20:45: 5. 46 ]latency_case959_latency: 45.368 ms
[ AI-Rank-Log  4/ 7 20:45: 5.103 ]latency_case960_latency: 45.317 ms
[ AI-Rank-Log  4/ 7 20:45: 5.162 ]latency_case961_latency: 45.34 ms
[ AI-Rank-Log  4/ 7 20:45: 5.221 ]latency_case962_latency: 45.404 ms
[ AI-Rank-Log  4/ 7 20:45: 5.279 ]latency_case963_latency: 45.311 ms
[ AI-Rank-Log  4/ 7 20:45: 5.334 ]latency_case964_latency: 45.204 ms
[ AI-Rank-Log  4/ 7 20:45: 5.393 ]latency_case965_latency: 45.697 ms
[ AI-Rank-Log  4/ 7 20:45: 5.451 ]latency_case966_latency: 45.721 ms
[ AI-Rank-Log  4/ 7 20:45: 5.510 ]latency_case967_latency: 45.797 ms
[ AI-Rank-Log  4/ 7 20:45: 5.571 ]latency_case968_latency: 45.848 ms
[ AI-Rank-Log  4/ 7 20:45: 5.642 ]latency_case969_latency: 45.317 ms
[ AI-Rank-Log  4/ 7 20:45: 5.698 ]latency_case970_latency: 45.313 ms
[ AI-Rank-Log  4/ 7 20:45: 5.759 ]latency_case971_latency: 45.299 ms
[ AI-Rank-Log  4/ 7 20:45: 5.818 ]latency_case972_latency: 45.266 ms
[ AI-Rank-Log  4/ 7 20:45: 5.877 ]latency_case973_latency: 45.258 ms
[ AI-Rank-Log  4/ 7 20:45: 5.937 ]latency_case974_latency: 45.197 ms
[ AI-Rank-Log  4/ 7 20:45: 5.995 ]latency_case975_latency: 45.72 ms
[ AI-Rank-Log  4/ 7 20:45: 6. 50 ]latency_case976_latency: 45.782 ms
[ AI-Rank-Log  4/ 7 20:45: 6.109 ]latency_case977_latency: 45.833 ms
[ AI-Rank-Log  4/ 7 20:45: 6.170 ]latency_case978_latency: 45.813 ms
[ AI-Rank-Log  4/ 7 20:45: 6.231 ]latency_case979_latency: 45.817 ms
[ AI-Rank-Log  4/ 7 20:45: 6.290 ]latency_case980_latency: 45.797 ms
[ AI-Rank-Log  4/ 7 20:45: 6.347 ]latency_case981_latency: 45.723 ms
[ AI-Rank-Log  4/ 7 20:45: 6.418 ]latency_case982_latency: 45.219 ms
[ AI-Rank-Log  4/ 7 20:45: 6.478 ]latency_case983_latency: 45.415 ms
[ AI-Rank-Log  4/ 7 20:45: 6.533 ]latency_case984_latency: 45.648 ms
[ AI-Rank-Log  4/ 7 20:45: 6.591 ]latency_case985_latency: 45.854 ms
[ AI-Rank-Log  4/ 7 20:45: 6.648 ]latency_case986_latency: 45.747 ms
[ AI-Rank-Log  4/ 7 20:45: 6.707 ]latency_case987_latency: 45.408 ms
[ AI-Rank-Log  4/ 7 20:45: 6.768 ]latency_case988_latency: 45.386 ms
[ AI-Rank-Log  4/ 7 20:45: 6.826 ]latency_case989_latency: 45.431 ms
[ AI-Rank-Log  4/ 7 20:45: 6.882 ]latency_case990_latency: 45.383 ms
[ AI-Rank-Log  4/ 7 20:45: 6.937 ]latency_case991_latency: 45.28 ms
[ AI-Rank-Log  4/ 7 20:45: 6.991 ]latency_case992_latency: 45.596 ms
[ AI-Rank-Log  4/ 7 20:45: 7. 51 ]latency_case993_latency: 45.787 ms
[ AI-Rank-Log  4/ 7 20:45: 7.123 ]latency_case994_latency: 45.586 ms
[ AI-Rank-Log  4/ 7 20:45: 7.179 ]latency_case995_latency: 45.285 ms
[ AI-Rank-Log  4/ 7 20:45: 7.238 ]latency_case996_latency: 45.295 ms
[ AI-Rank-Log  4/ 7 20:45: 7.296 ]latency_case997_latency: 45.243 ms
[ AI-Rank-Log  4/ 7 20:45: 7.354 ]latency_case998_latency: 45.729 ms
[ AI-Rank-Log  4/ 7 20:45: 7.416 ]latency_case999_latency: 45.911 ms
[ AI-Rank-Log  4/ 7 20:45: 7.476 ]latency_case1000_latency: 45.391 ms
[ AI-Rank-Log  4/ 7 20:45: 7.476 ]Num evaluation runs: 1000
[ AI-Rank-Log  4/ 7 20:45: 7.476 ]90th_percentile_latency: 45.841ms, min_latency: 45.09ms, max_latency: 47.94ms
[ AI-Rank-Log  4/ 7 20:45: 7.476 ]Test end
